[0.649s] Invoking command in '/home/ubuntu/ros2_ws2/src/Course-34761-robot-autonomy': PYTHONPATH=/home/ubuntu/ros2_ws2/build/my_turtlebot/prefix_override:/usr/lib/python3/dist-packages/colcon_core/task/python/colcon_distutils_commands:/home/ubuntu/ros2_ws2/install/my_turtlebot/lib/python3.10/site-packages:${PYTHONPATH} /usr/bin/python3 -W ignore:setup.py install is deprecated -W ignore:easy_install command is deprecated setup.py egg_info --egg-base ../../build/my_turtlebot build --build-base /home/ubuntu/ros2_ws2/build/my_turtlebot/build install --record /home/ubuntu/ros2_ws2/build/my_turtlebot/install.log --single-version-externally-managed install_data
[0.872s] running egg_info
[0.872s] writing ../../build/my_turtlebot/my_turtlebot.egg-info/PKG-INFO
[0.873s] writing dependency_links to ../../build/my_turtlebot/my_turtlebot.egg-info/dependency_links.txt
[0.873s] writing entry points to ../../build/my_turtlebot/my_turtlebot.egg-info/entry_points.txt
[0.873s] writing requirements to ../../build/my_turtlebot/my_turtlebot.egg-info/requires.txt
[0.873s] writing top-level names to ../../build/my_turtlebot/my_turtlebot.egg-info/top_level.txt
[0.885s] reading manifest file '../../build/my_turtlebot/my_turtlebot.egg-info/SOURCES.txt'
[0.891s] writing manifest file '../../build/my_turtlebot/my_turtlebot.egg-info/SOURCES.txt'
[0.891s] running build
[0.891s] running build_py
[0.891s] copying my_turtlebot/particle_sub.py -> /home/ubuntu/ros2_ws2/build/my_turtlebot/build/lib/my_turtlebot
[0.893s] running install
[0.893s] running install_lib
[0.894s] copying /home/ubuntu/ros2_ws2/build/my_turtlebot/build/lib/my_turtlebot/particle_sub.py -> /home/ubuntu/ros2_ws2/install/my_turtlebot/lib/python3.10/site-packages/my_turtlebot
[0.895s] byte-compiling /home/ubuntu/ros2_ws2/install/my_turtlebot/lib/python3.10/site-packages/my_turtlebot/particle_sub.py to particle_sub.cpython-310.pyc
[0.896s] running install_data
[0.901s] running install_egg_info
[0.903s] removing '/home/ubuntu/ros2_ws2/install/my_turtlebot/lib/python3.10/site-packages/my_turtlebot-0.0.0-py3.10.egg-info' (and everything under it)
[0.904s] Copying ../../build/my_turtlebot/my_turtlebot.egg-info to /home/ubuntu/ros2_ws2/install/my_turtlebot/lib/python3.10/site-packages/my_turtlebot-0.0.0-py3.10.egg-info
[0.906s] running install_scripts
[0.926s] Installing lidar_icp script to /home/ubuntu/ros2_ws2/install/my_turtlebot/lib/my_turtlebot
[0.926s] Installing lidar_sub script to /home/ubuntu/ros2_ws2/install/my_turtlebot/lib/my_turtlebot
[0.927s] Installing map_lidar script to /home/ubuntu/ros2_ws2/install/my_turtlebot/lib/my_turtlebot
[0.927s] Installing map_lidar_static script to /home/ubuntu/ros2_ws2/install/my_turtlebot/lib/my_turtlebot
[0.927s] Installing map_random script to /home/ubuntu/ros2_ws2/install/my_turtlebot/lib/my_turtlebot
[0.927s] Installing move_turtlebot script to /home/ubuntu/ros2_ws2/install/my_turtlebot/lib/my_turtlebot
[0.928s] Installing particle_sub script to /home/ubuntu/ros2_ws2/install/my_turtlebot/lib/my_turtlebot
[0.929s] writing list of installed files to '/home/ubuntu/ros2_ws2/build/my_turtlebot/install.log'
[0.959s] Invoked command in '/home/ubuntu/ros2_ws2/src/Course-34761-robot-autonomy' returned '0': PYTHONPATH=/home/ubuntu/ros2_ws2/build/my_turtlebot/prefix_override:/usr/lib/python3/dist-packages/colcon_core/task/python/colcon_distutils_commands:/home/ubuntu/ros2_ws2/install/my_turtlebot/lib/python3.10/site-packages:${PYTHONPATH} /usr/bin/python3 -W ignore:setup.py install is deprecated -W ignore:easy_install command is deprecated setup.py egg_info --egg-base ../../build/my_turtlebot build --build-base /home/ubuntu/ros2_ws2/build/my_turtlebot/build install --record /home/ubuntu/ros2_ws2/build/my_turtlebot/install.log --single-version-externally-managed install_data
