/home/ubuntu/ros2_ws2/install/my_turtlebot/lib/python3.10/site-packages/my_turtlebot/lidar_sub.py
/home/ubuntu/ros2_ws2/install/my_turtlebot/lib/python3.10/site-packages/my_turtlebot/prm_generator.py
/home/ubuntu/ros2_ws2/install/my_turtlebot/lib/python3.10/site-packages/my_turtlebot/particle_sub.py
/home/ubuntu/ros2_ws2/install/my_turtlebot/lib/python3.10/site-packages/my_turtlebot/map_lidar.py
/home/ubuntu/ros2_ws2/install/my_turtlebot/lib/python3.10/site-packages/my_turtlebot/odometry_mapper.py
/home/ubuntu/ros2_ws2/install/my_turtlebot/lib/python3.10/site-packages/my_turtlebot/map_lidar_static.py
/home/ubuntu/ros2_ws2/install/my_turtlebot/lib/python3.10/site-packages/my_turtlebot/counter_based_mapper.py
/home/ubuntu/ros2_ws2/install/my_turtlebot/lib/python3.10/site-packages/my_turtlebot/__init__.py
/home/ubuntu/ros2_ws2/install/my_turtlebot/lib/python3.10/site-packages/my_turtlebot/move_robot.py
/home/ubuntu/ros2_ws2/install/my_turtlebot/lib/python3.10/site-packages/my_turtlebot/map_random.py
/home/ubuntu/ros2_ws2/install/my_turtlebot/lib/python3.10/site-packages/my_turtlebot/integrated_loc_mapper.py
/home/ubuntu/ros2_ws2/install/my_turtlebot/lib/python3.10/site-packages/my_turtlebot/lidar_icp.py
/home/ubuntu/ros2_ws2/install/my_turtlebot/lib/python3.10/site-packages/my_turtlebot/__pycache__/lidar_sub.cpython-310.pyc
/home/ubuntu/ros2_ws2/install/my_turtlebot/lib/python3.10/site-packages/my_turtlebot/__pycache__/prm_generator.cpython-310.pyc
/home/ubuntu/ros2_ws2/install/my_turtlebot/lib/python3.10/site-packages/my_turtlebot/__pycache__/particle_sub.cpython-310.pyc
/home/ubuntu/ros2_ws2/install/my_turtlebot/lib/python3.10/site-packages/my_turtlebot/__pycache__/map_lidar.cpython-310.pyc
/home/ubuntu/ros2_ws2/install/my_turtlebot/lib/python3.10/site-packages/my_turtlebot/__pycache__/odometry_mapper.cpython-310.pyc
/home/ubuntu/ros2_ws2/install/my_turtlebot/lib/python3.10/site-packages/my_turtlebot/__pycache__/map_lidar_static.cpython-310.pyc
/home/ubuntu/ros2_ws2/install/my_turtlebot/lib/python3.10/site-packages/my_turtlebot/__pycache__/counter_based_mapper.cpython-310.pyc
/home/ubuntu/ros2_ws2/install/my_turtlebot/lib/python3.10/site-packages/my_turtlebot/__pycache__/__init__.cpython-310.pyc
/home/ubuntu/ros2_ws2/install/my_turtlebot/lib/python3.10/site-packages/my_turtlebot/__pycache__/move_robot.cpython-310.pyc
/home/ubuntu/ros2_ws2/install/my_turtlebot/lib/python3.10/site-packages/my_turtlebot/__pycache__/map_random.cpython-310.pyc
/home/ubuntu/ros2_ws2/install/my_turtlebot/lib/python3.10/site-packages/my_turtlebot/__pycache__/integrated_loc_mapper.cpython-310.pyc
/home/ubuntu/ros2_ws2/install/my_turtlebot/lib/python3.10/site-packages/my_turtlebot/__pycache__/lidar_icp.cpython-310.pyc
/home/ubuntu/ros2_ws2/install/my_turtlebot/my_turtlebot
/home/ubuntu/ros2_ws2/install/my_turtlebot/lib/python3.10/site-packages/my_turtlebot-0.0.0-py3.10.egg-info/zip-safe
/home/ubuntu/ros2_ws2/install/my_turtlebot/lib/python3.10/site-packages/my_turtlebot-0.0.0-py3.10.egg-info/top_level.txt
/home/ubuntu/ros2_ws2/install/my_turtlebot/lib/python3.10/site-packages/my_turtlebot-0.0.0-py3.10.egg-info/SOURCES.txt
/home/ubuntu/ros2_ws2/install/my_turtlebot/lib/python3.10/site-packages/my_turtlebot-0.0.0-py3.10.egg-info/PKG-INFO
/home/ubuntu/ros2_ws2/install/my_turtlebot/lib/python3.10/site-packages/my_turtlebot-0.0.0-py3.10.egg-info/requires.txt
/home/ubuntu/ros2_ws2/install/my_turtlebot/lib/python3.10/site-packages/my_turtlebot-0.0.0-py3.10.egg-info/entry_points.txt
/home/ubuntu/ros2_ws2/install/my_turtlebot/lib/python3.10/site-packages/my_turtlebot-0.0.0-py3.10.egg-info/dependency_links.txt
/home/ubuntu/ros2_ws2/install/my_turtlebot/lib/my_turtlebot/counter_based_mapper
/home/ubuntu/ros2_ws2/install/my_turtlebot/lib/my_turtlebot/integrated_localization_mapper
/home/ubuntu/ros2_ws2/install/my_turtlebot/lib/my_turtlebot/lidar_icp
/home/ubuntu/ros2_ws2/install/my_turtlebot/lib/my_turtlebot/lidar_sub
/home/ubuntu/ros2_ws2/install/my_turtlebot/lib/my_turtlebot/map_lidar
/home/ubuntu/ros2_ws2/install/my_turtlebot/lib/my_turtlebot/map_lidar_static
/home/ubuntu/ros2_ws2/install/my_turtlebot/lib/my_turtlebot/map_random
/home/ubuntu/ros2_ws2/install/my_turtlebot/lib/my_turtlebot/move_turtlebot
/home/ubuntu/ros2_ws2/install/my_turtlebot/lib/my_turtlebot/odometry_mapper
/home/ubuntu/ros2_ws2/install/my_turtlebot/lib/my_turtlebot/particle_sub
/home/ubuntu/ros2_ws2/install/my_turtlebot/lib/my_turtlebot/prm_generator
