[0.697s] Invoking command in '/home/ubuntu/ros2_ws2/src/Course-34761-robot-autonomy': PYTHONPATH=/home/ubuntu/ros2_ws2/build/my_turtlebot/prefix_override:/usr/lib/python3/dist-packages/colcon_core/task/python/colcon_distutils_commands:/home/ubuntu/ros2_ws2/install/my_turtlebot/lib/python3.10/site-packages:${PYTHONPATH} /usr/bin/python3 -W ignore:setup.py install is deprecated -W ignore:easy_install command is deprecated setup.py egg_info --egg-base ../../build/my_turtlebot build --build-base /home/ubuntu/ros2_ws2/build/my_turtlebot/build install --record /home/ubuntu/ros2_ws2/build/my_turtlebot/install.log --single-version-externally-managed install_data
[0.963s] running egg_info
[0.965s] writing ../../build/my_turtlebot/my_turtlebot.egg-info/PKG-INFO
[0.965s] writing dependency_links to ../../build/my_turtlebot/my_turtlebot.egg-info/dependency_links.txt
[0.965s] writing entry points to ../../build/my_turtlebot/my_turtlebot.egg-info/entry_points.txt
[0.966s] writing requirements to ../../build/my_turtlebot/my_turtlebot.egg-info/requires.txt
[0.966s] writing top-level names to ../../build/my_turtlebot/my_turtlebot.egg-info/top_level.txt
[0.972s] reading manifest file '../../build/my_turtlebot/my_turtlebot.egg-info/SOURCES.txt'
[0.978s] writing manifest file '../../build/my_turtlebot/my_turtlebot.egg-info/SOURCES.txt'
[0.978s] running build
[0.978s] running build_py
[0.978s] running install
[0.979s] running install_lib
[0.981s] running install_data
[0.986s] running install_egg_info
[0.988s] removing '/home/ubuntu/ros2_ws2/install/my_turtlebot/lib/python3.10/site-packages/my_turtlebot-0.0.0-py3.10.egg-info' (and everything under it)
[0.989s] Copying ../../build/my_turtlebot/my_turtlebot.egg-info to /home/ubuntu/ros2_ws2/install/my_turtlebot/lib/python3.10/site-packages/my_turtlebot-0.0.0-py3.10.egg-info
[0.990s] running install_scripts
[1.014s] Installing counter_based_mapper script to /home/ubuntu/ros2_ws2/install/my_turtlebot/lib/my_turtlebot
[1.015s] Installing integrated_localization_mapper script to /home/ubuntu/ros2_ws2/install/my_turtlebot/lib/my_turtlebot
[1.015s] Installing lidar_icp script to /home/ubuntu/ros2_ws2/install/my_turtlebot/lib/my_turtlebot
[1.015s] Installing lidar_sub script to /home/ubuntu/ros2_ws2/install/my_turtlebot/lib/my_turtlebot
[1.015s] Installing map_lidar script to /home/ubuntu/ros2_ws2/install/my_turtlebot/lib/my_turtlebot
[1.015s] Installing map_lidar_static script to /home/ubuntu/ros2_ws2/install/my_turtlebot/lib/my_turtlebot
[1.015s] Installing map_random script to /home/ubuntu/ros2_ws2/install/my_turtlebot/lib/my_turtlebot
[1.015s] Installing move_turtlebot script to /home/ubuntu/ros2_ws2/install/my_turtlebot/lib/my_turtlebot
[1.015s] Installing odometry_mapper script to /home/ubuntu/ros2_ws2/install/my_turtlebot/lib/my_turtlebot
[1.015s] Installing particle_sub script to /home/ubuntu/ros2_ws2/install/my_turtlebot/lib/my_turtlebot
[1.015s] Installing planner_prm script to /home/ubuntu/ros2_ws2/install/my_turtlebot/lib/my_turtlebot
[1.016s] writing list of installed files to '/home/ubuntu/ros2_ws2/build/my_turtlebot/install.log'
[1.052s] Invoked command in '/home/ubuntu/ros2_ws2/src/Course-34761-robot-autonomy' returned '0': PYTHONPATH=/home/ubuntu/ros2_ws2/build/my_turtlebot/prefix_override:/usr/lib/python3/dist-packages/colcon_core/task/python/colcon_distutils_commands:/home/ubuntu/ros2_ws2/install/my_turtlebot/lib/python3.10/site-packages:${PYTHONPATH} /usr/bin/python3 -W ignore:setup.py install is deprecated -W ignore:easy_install command is deprecated setup.py egg_info --egg-base ../../build/my_turtlebot build --build-base /home/ubuntu/ros2_ws2/build/my_turtlebot/build install --record /home/ubuntu/ros2_ws2/build/my_turtlebot/install.log --single-version-externally-managed install_data
