[0.688s] Invoking command in '/home/ubuntu/ros2_ws2/build/turtlesim': CMAKE_PREFIX_PATH=${CMAKE_PREFIX_PATH}:/home/ubuntu/ros2_ws2/install/my_turtlebot:/home/ubuntu/ros2_ws2/install/my_package:/opt/ros/humble /usr/bin/cmake --build /home/ubuntu/ros2_ws2/build/turtlesim -- -j16 -l16
[0.749s] [  1%] Built target turtlesim__cpp
[0.754s] [ 11%] Built target turtlesim__rosidl_generator_c
[0.766s] [ 11%] Built target ament_cmake_python_copy_turtlesim
[0.784s] [ 21%] Built target turtlesim__rosidl_typesupport_cpp
[0.784s] [ 36%] Built target turtlesim__rosidl_typesupport_introspection_cpp
[0.785s] [ 41%] Built target turtlesim__rosidl_typesupport_fastrtps_cpp
[0.787s] [ 61%] Built target turtlesim__rosidl_typesupport_c
[0.787s] [ 61%] Built target turtlesim__rosidl_typesupport_introspection_c
[0.796s] [ 71%] Built target turtlesim__rosidl_typesupport_fastrtps_c
[0.819s] [ 71%] Built target turtlesim
[0.820s] [ 75%] Built target mimic
[0.820s] [ 75%] Built target draw_square
[0.825s] [ 80%] Built target turtle_teleop_key
[0.826s] [ 83%] Built target turtlesim_node
[0.848s] [ 84%] Built target turtlesim__py
[0.881s] [ 93%] Built target turtlesim__rosidl_generator_py
[0.912s] [ 95%] Built target turtlesim__rosidl_typesupport_introspection_c__pyext
[0.915s] [ 97%] Built target turtlesim__rosidl_typesupport_c__pyext
[0.920s] [100%] Built target turtlesim__rosidl_typesupport_fastrtps_c__pyext
[1.099s] running egg_info
[1.100s] writing turtlesim.egg-info/PKG-INFO
[1.100s] writing dependency_links to turtlesim.egg-info/dependency_links.txt
[1.100s] writing top-level names to turtlesim.egg-info/top_level.txt
[1.106s] reading manifest file 'turtlesim.egg-info/SOURCES.txt'
[1.107s] writing manifest file 'turtlesim.egg-info/SOURCES.txt'
[1.153s] [100%] Built target ament_cmake_python_build_turtlesim_egg
[1.172s] Invoked command in '/home/ubuntu/ros2_ws2/build/turtlesim' returned '0': CMAKE_PREFIX_PATH=${CMAKE_PREFIX_PATH}:/home/ubuntu/ros2_ws2/install/my_turtlebot:/home/ubuntu/ros2_ws2/install/my_package:/opt/ros/humble /usr/bin/cmake --build /home/ubuntu/ros2_ws2/build/turtlesim -- -j16 -l16
[1.186s] Invoking command in '/home/ubuntu/ros2_ws2/build/turtlesim': CMAKE_PREFIX_PATH=${CMAKE_PREFIX_PATH}:/home/ubuntu/ros2_ws2/install/my_turtlebot:/home/ubuntu/ros2_ws2/install/my_package:/opt/ros/humble /usr/bin/cmake --install /home/ubuntu/ros2_ws2/build/turtlesim
[1.195s] -- Install configuration: ""
[1.195s] -- Up-to-date: /home/ubuntu/ros2_ws2/install/turtlesim/share/ament_index/resource_index/rosidl_interfaces/turtlesim
[1.196s] -- Up-to-date: /home/ubuntu/ros2_ws2/install/turtlesim/include/turtlesim/turtlesim
[1.196s] -- Up-to-date: /home/ubuntu/ros2_ws2/install/turtlesim/include/turtlesim/turtlesim/action
[1.196s] -- Up-to-date: /home/ubuntu/ros2_ws2/install/turtlesim/include/turtlesim/turtlesim/action/detail
[1.196s] -- Up-to-date: /home/ubuntu/ros2_ws2/install/turtlesim/include/turtlesim/turtlesim/action/detail/rotate_absolute__functions.c
[1.196s] -- Up-to-date: /home/ubuntu/ros2_ws2/install/turtlesim/include/turtlesim/turtlesim/action/detail/rotate_absolute__functions.h
[1.196s] -- Up-to-date: /home/ubuntu/ros2_ws2/install/turtlesim/include/turtlesim/turtlesim/action/detail/rotate_absolute__type_support.h
[1.197s] -- Up-to-date: /home/ubuntu/ros2_ws2/install/turtlesim/include/turtlesim/turtlesim/action/detail/rotate_absolute__struct.h
[1.197s] -- Up-to-date: /home/ubuntu/ros2_ws2/install/turtlesim/include/turtlesim/turtlesim/action/rotate_absolute.h
[1.197s] -- Up-to-date: /home/ubuntu/ros2_ws2/install/turtlesim/include/turtlesim/turtlesim/msg
[1.197s] -- Up-to-date: /home/ubuntu/ros2_ws2/install/turtlesim/include/turtlesim/turtlesim/msg/detail
[1.198s] -- Up-to-date: /home/ubuntu/ros2_ws2/install/turtlesim/include/turtlesim/turtlesim/msg/detail/pose__type_support.h
[1.198s] -- Up-to-date: /home/ubuntu/ros2_ws2/install/turtlesim/include/turtlesim/turtlesim/msg/detail/color__type_support.h
[1.198s] -- Up-to-date: /home/ubuntu/ros2_ws2/install/turtlesim/include/turtlesim/turtlesim/msg/detail/pose__functions.h
[1.198s] -- Up-to-date: /home/ubuntu/ros2_ws2/install/turtlesim/include/turtlesim/turtlesim/msg/detail/color__functions.h
[1.198s] -- Up-to-date: /home/ubuntu/ros2_ws2/install/turtlesim/include/turtlesim/turtlesim/msg/detail/pose__functions.c
[1.199s] -- Up-to-date: /home/ubuntu/ros2_ws2/install/turtlesim/include/turtlesim/turtlesim/msg/detail/color__functions.c
[1.199s] -- Up-to-date: /home/ubuntu/ros2_ws2/install/turtlesim/include/turtlesim/turtlesim/msg/detail/color__struct.h
[1.199s] -- Up-to-date: /home/ubuntu/ros2_ws2/install/turtlesim/include/turtlesim/turtlesim/msg/detail/pose__struct.h
[1.199s] -- Up-to-date: /home/ubuntu/ros2_ws2/install/turtlesim/include/turtlesim/turtlesim/msg/color.h
[1.199s] -- Up-to-date: /home/ubuntu/ros2_ws2/install/turtlesim/include/turtlesim/turtlesim/msg/pose.h
[1.200s] -- Up-to-date: /home/ubuntu/ros2_ws2/install/turtlesim/include/turtlesim/turtlesim/msg/rosidl_generator_c__visibility_control.h
[1.200s] -- Up-to-date: /home/ubuntu/ros2_ws2/install/turtlesim/include/turtlesim/turtlesim/srv
[1.200s] -- Up-to-date: /home/ubuntu/ros2_ws2/install/turtlesim/include/turtlesim/turtlesim/srv/kill.h
[1.201s] -- Up-to-date: /home/ubuntu/ros2_ws2/install/turtlesim/include/turtlesim/turtlesim/srv/teleport_absolute.h
[1.201s] -- Up-to-date: /home/ubuntu/ros2_ws2/install/turtlesim/include/turtlesim/turtlesim/srv/detail
[1.201s] -- Up-to-date: /home/ubuntu/ros2_ws2/install/turtlesim/include/turtlesim/turtlesim/srv/detail/set_pen__type_support.h
[1.201s] -- Up-to-date: /home/ubuntu/ros2_ws2/install/turtlesim/include/turtlesim/turtlesim/srv/detail/teleport_absolute__struct.h
[1.202s] -- Up-to-date: /home/ubuntu/ros2_ws2/install/turtlesim/include/turtlesim/turtlesim/srv/detail/set_pen__functions.h
[1.202s] -- Up-to-date: /home/ubuntu/ros2_ws2/install/turtlesim/include/turtlesim/turtlesim/srv/detail/spawn__struct.h
[1.202s] -- Up-to-date: /home/ubuntu/ros2_ws2/install/turtlesim/include/turtlesim/turtlesim/srv/detail/set_pen__functions.c
[1.202s] -- Up-to-date: /home/ubuntu/ros2_ws2/install/turtlesim/include/turtlesim/turtlesim/srv/detail/teleport_absolute__type_support.h
[1.202s] -- Up-to-date: /home/ubuntu/ros2_ws2/install/turtlesim/include/turtlesim/turtlesim/srv/detail/teleport_relative__type_support.h
[1.202s] -- Up-to-date: /home/ubuntu/ros2_ws2/install/turtlesim/include/turtlesim/turtlesim/srv/detail/set_pen__struct.h
[1.202s] -- Up-to-date: /home/ubuntu/ros2_ws2/install/turtlesim/include/turtlesim/turtlesim/srv/detail/spawn__functions.h
[1.203s] -- Up-to-date: /home/ubuntu/ros2_ws2/install/turtlesim/include/turtlesim/turtlesim/srv/detail/kill__type_support.h
[1.203s] -- Up-to-date: /home/ubuntu/ros2_ws2/install/turtlesim/include/turtlesim/turtlesim/srv/detail/teleport_absolute__functions.c
[1.203s] -- Up-to-date: /home/ubuntu/ros2_ws2/install/turtlesim/include/turtlesim/turtlesim/srv/detail/kill__struct.h
[1.203s] -- Up-to-date: /home/ubuntu/ros2_ws2/install/turtlesim/include/turtlesim/turtlesim/srv/detail/teleport_relative__functions.c
[1.203s] -- Up-to-date: /home/ubuntu/ros2_ws2/install/turtlesim/include/turtlesim/turtlesim/srv/detail/teleport_absolute__functions.h
[1.203s] -- Up-to-date: /home/ubuntu/ros2_ws2/install/turtlesim/include/turtlesim/turtlesim/srv/detail/spawn__type_support.h
[1.204s] -- Up-to-date: /home/ubuntu/ros2_ws2/install/turtlesim/include/turtlesim/turtlesim/srv/detail/teleport_relative__functions.h
[1.204s] -- Up-to-date: /home/ubuntu/ros2_ws2/install/turtlesim/include/turtlesim/turtlesim/srv/detail/kill__functions.c
[1.204s] -- Up-to-date: /home/ubuntu/ros2_ws2/install/turtlesim/include/turtlesim/turtlesim/srv/detail/teleport_relative__struct.h
[1.204s] -- Up-to-date: /home/ubuntu/ros2_ws2/install/turtlesim/include/turtlesim/turtlesim/srv/detail/spawn__functions.c
[1.204s] -- Up-to-date: /home/ubuntu/ros2_ws2/install/turtlesim/include/turtlesim/turtlesim/srv/detail/kill__functions.h
[1.205s] -- Up-to-date: /home/ubuntu/ros2_ws2/install/turtlesim/include/turtlesim/turtlesim/srv/teleport_relative.h
[1.205s] -- Up-to-date: /home/ubuntu/ros2_ws2/install/turtlesim/include/turtlesim/turtlesim/srv/set_pen.h
[1.205s] -- Up-to-date: /home/ubuntu/ros2_ws2/install/turtlesim/include/turtlesim/turtlesim/srv/spawn.h
[1.205s] -- Up-to-date: /home/ubuntu/ros2_ws2/install/turtlesim/share/turtlesim/environment/library_path.sh
[1.206s] -- Up-to-date: /home/ubuntu/ros2_ws2/install/turtlesim/share/turtlesim/environment/library_path.dsv
[1.206s] -- Up-to-date: /home/ubuntu/ros2_ws2/install/turtlesim/lib/libturtlesim__rosidl_generator_c.so
[1.206s] -- Up-to-date: /home/ubuntu/ros2_ws2/install/turtlesim/include/turtlesim/turtlesim
[1.206s] -- Up-to-date: /home/ubuntu/ros2_ws2/install/turtlesim/include/turtlesim/turtlesim/action
[1.206s] -- Up-to-date: /home/ubuntu/ros2_ws2/install/turtlesim/include/turtlesim/turtlesim/action/detail
[1.209s] -- Up-to-date: /home/ubuntu/ros2_ws2/install/turtlesim/include/turtlesim/turtlesim/action/detail/rotate_absolute__rosidl_typesupport_fastrtps_c.h
[1.209s] -- Up-to-date: /home/ubuntu/ros2_ws2/install/turtlesim/include/turtlesim/turtlesim/msg
[1.209s] -- Up-to-date: /home/ubuntu/ros2_ws2/install/turtlesim/include/turtlesim/turtlesim/msg/rosidl_typesupport_fastrtps_c__visibility_control.h
[1.209s] -- Up-to-date: /home/ubuntu/ros2_ws2/install/turtlesim/include/turtlesim/turtlesim/msg/detail
[1.209s] -- Up-to-date: /home/ubuntu/ros2_ws2/install/turtlesim/include/turtlesim/turtlesim/msg/detail/pose__rosidl_typesupport_fastrtps_c.h
[1.209s] -- Up-to-date: /home/ubuntu/ros2_ws2/install/turtlesim/include/turtlesim/turtlesim/msg/detail/color__rosidl_typesupport_fastrtps_c.h
[1.209s] -- Up-to-date: /home/ubuntu/ros2_ws2/install/turtlesim/include/turtlesim/turtlesim/srv
[1.210s] -- Up-to-date: /home/ubuntu/ros2_ws2/install/turtlesim/include/turtlesim/turtlesim/srv/detail
[1.210s] -- Up-to-date: /home/ubuntu/ros2_ws2/install/turtlesim/include/turtlesim/turtlesim/srv/detail/kill__rosidl_typesupport_fastrtps_c.h
[1.210s] -- Up-to-date: /home/ubuntu/ros2_ws2/install/turtlesim/include/turtlesim/turtlesim/srv/detail/teleport_absolute__rosidl_typesupport_fastrtps_c.h
[1.210s] -- Up-to-date: /home/ubuntu/ros2_ws2/install/turtlesim/include/turtlesim/turtlesim/srv/detail/teleport_relative__rosidl_typesupport_fastrtps_c.h
[1.210s] -- Up-to-date: /home/ubuntu/ros2_ws2/install/turtlesim/include/turtlesim/turtlesim/srv/detail/spawn__rosidl_typesupport_fastrtps_c.h
[1.210s] -- Up-to-date: /home/ubuntu/ros2_ws2/install/turtlesim/include/turtlesim/turtlesim/srv/detail/set_pen__rosidl_typesupport_fastrtps_c.h
[1.210s] -- Up-to-date: /home/ubuntu/ros2_ws2/install/turtlesim/lib/libturtlesim__rosidl_typesupport_fastrtps_c.so
[1.210s] -- Up-to-date: /home/ubuntu/ros2_ws2/install/turtlesim/include/turtlesim/turtlesim
[1.210s] -- Up-to-date: /home/ubuntu/ros2_ws2/install/turtlesim/include/turtlesim/turtlesim/action
[1.210s] -- Up-to-date: /home/ubuntu/ros2_ws2/install/turtlesim/include/turtlesim/turtlesim/action/detail
[1.210s] -- Up-to-date: /home/ubuntu/ros2_ws2/install/turtlesim/include/turtlesim/turtlesim/action/detail/rotate_absolute__type_support.hpp
[1.210s] -- Up-to-date: /home/ubuntu/ros2_ws2/install/turtlesim/include/turtlesim/turtlesim/action/detail/rotate_absolute__builder.hpp
[1.210s] -- Up-to-date: /home/ubuntu/ros2_ws2/install/turtlesim/include/turtlesim/turtlesim/action/detail/rotate_absolute__traits.hpp
[1.211s] -- Up-to-date: /home/ubuntu/ros2_ws2/install/turtlesim/include/turtlesim/turtlesim/action/detail/rotate_absolute__struct.hpp
[1.211s] -- Up-to-date: /home/ubuntu/ros2_ws2/install/turtlesim/include/turtlesim/turtlesim/action/rotate_absolute.hpp
[1.211s] -- Up-to-date: /home/ubuntu/ros2_ws2/install/turtlesim/include/turtlesim/turtlesim/msg
[1.211s] -- Up-to-date: /home/ubuntu/ros2_ws2/install/turtlesim/include/turtlesim/turtlesim/msg/detail
[1.211s] -- Up-to-date: /home/ubuntu/ros2_ws2/install/turtlesim/include/turtlesim/turtlesim/msg/detail/color__type_support.hpp
[1.211s] -- Up-to-date: /home/ubuntu/ros2_ws2/install/turtlesim/include/turtlesim/turtlesim/msg/detail/color__struct.hpp
[1.212s] -- Up-to-date: /home/ubuntu/ros2_ws2/install/turtlesim/include/turtlesim/turtlesim/msg/detail/color__traits.hpp
[1.212s] -- Up-to-date: /home/ubuntu/ros2_ws2/install/turtlesim/include/turtlesim/turtlesim/msg/detail/color__builder.hpp
[1.212s] -- Up-to-date: /home/ubuntu/ros2_ws2/install/turtlesim/include/turtlesim/turtlesim/msg/detail/pose__struct.hpp
[1.212s] -- Up-to-date: /home/ubuntu/ros2_ws2/install/turtlesim/include/turtlesim/turtlesim/msg/detail/pose__builder.hpp
[1.212s] -- Up-to-date: /home/ubuntu/ros2_ws2/install/turtlesim/include/turtlesim/turtlesim/msg/detail/pose__traits.hpp
[1.212s] -- Up-to-date: /home/ubuntu/ros2_ws2/install/turtlesim/include/turtlesim/turtlesim/msg/detail/pose__type_support.hpp
[1.212s] -- Up-to-date: /home/ubuntu/ros2_ws2/install/turtlesim/include/turtlesim/turtlesim/msg/rosidl_generator_cpp__visibility_control.hpp
[1.212s] -- Up-to-date: /home/ubuntu/ros2_ws2/install/turtlesim/include/turtlesim/turtlesim/msg/pose.hpp
[1.213s] -- Up-to-date: /home/ubuntu/ros2_ws2/install/turtlesim/include/turtlesim/turtlesim/msg/color.hpp
[1.213s] -- Up-to-date: /home/ubuntu/ros2_ws2/install/turtlesim/include/turtlesim/turtlesim/srv
[1.213s] -- Up-to-date: /home/ubuntu/ros2_ws2/install/turtlesim/include/turtlesim/turtlesim/srv/detail
[1.213s] -- Up-to-date: /home/ubuntu/ros2_ws2/install/turtlesim/include/turtlesim/turtlesim/srv/detail/spawn__traits.hpp
[1.213s] -- Up-to-date: /home/ubuntu/ros2_ws2/install/turtlesim/include/turtlesim/turtlesim/srv/detail/spawn__struct.hpp
[1.213s] -- Up-to-date: /home/ubuntu/ros2_ws2/install/turtlesim/include/turtlesim/turtlesim/srv/detail/set_pen__builder.hpp
[1.213s] -- Up-to-date: /home/ubuntu/ros2_ws2/install/turtlesim/include/turtlesim/turtlesim/srv/detail/teleport_absolute__builder.hpp
[1.213s] -- Up-to-date: /home/ubuntu/ros2_ws2/install/turtlesim/include/turtlesim/turtlesim/srv/detail/teleport_relative__traits.hpp
[1.213s] -- Up-to-date: /home/ubuntu/ros2_ws2/install/turtlesim/include/turtlesim/turtlesim/srv/detail/kill__type_support.hpp
[1.213s] -- Up-to-date: /home/ubuntu/ros2_ws2/install/turtlesim/include/turtlesim/turtlesim/srv/detail/teleport_relative__struct.hpp
[1.213s] -- Up-to-date: /home/ubuntu/ros2_ws2/install/turtlesim/include/turtlesim/turtlesim/srv/detail/set_pen__struct.hpp
[1.214s] -- Up-to-date: /home/ubuntu/ros2_ws2/install/turtlesim/include/turtlesim/turtlesim/srv/detail/kill__traits.hpp
[1.214s] -- Up-to-date: /home/ubuntu/ros2_ws2/install/turtlesim/include/turtlesim/turtlesim/srv/detail/kill__struct.hpp
[1.214s] -- Up-to-date: /home/ubuntu/ros2_ws2/install/turtlesim/include/turtlesim/turtlesim/srv/detail/kill__builder.hpp
[1.214s] -- Up-to-date: /home/ubuntu/ros2_ws2/install/turtlesim/include/turtlesim/turtlesim/srv/detail/teleport_absolute__type_support.hpp
[1.214s] -- Up-to-date: /home/ubuntu/ros2_ws2/install/turtlesim/include/turtlesim/turtlesim/srv/detail/teleport_relative__type_support.hpp
[1.214s] -- Up-to-date: /home/ubuntu/ros2_ws2/install/turtlesim/include/turtlesim/turtlesim/srv/detail/set_pen__type_support.hpp
[1.214s] -- Up-to-date: /home/ubuntu/ros2_ws2/install/turtlesim/include/turtlesim/turtlesim/srv/detail/set_pen__traits.hpp
[1.214s] -- Up-to-date: /home/ubuntu/ros2_ws2/install/turtlesim/include/turtlesim/turtlesim/srv/detail/spawn__builder.hpp
[1.214s] -- Up-to-date: /home/ubuntu/ros2_ws2/install/turtlesim/include/turtlesim/turtlesim/srv/detail/teleport_absolute__traits.hpp
[1.214s] -- Up-to-date: /home/ubuntu/ros2_ws2/install/turtlesim/include/turtlesim/turtlesim/srv/detail/teleport_relative__builder.hpp
[1.214s] -- Up-to-date: /home/ubuntu/ros2_ws2/install/turtlesim/include/turtlesim/turtlesim/srv/detail/teleport_absolute__struct.hpp
[1.214s] -- Up-to-date: /home/ubuntu/ros2_ws2/install/turtlesim/include/turtlesim/turtlesim/srv/detail/spawn__type_support.hpp
[1.215s] -- Up-to-date: /home/ubuntu/ros2_ws2/install/turtlesim/include/turtlesim/turtlesim/srv/teleport_relative.hpp
[1.215s] -- Up-to-date: /home/ubuntu/ros2_ws2/install/turtlesim/include/turtlesim/turtlesim/srv/teleport_absolute.hpp
[1.215s] -- Up-to-date: /home/ubuntu/ros2_ws2/install/turtlesim/include/turtlesim/turtlesim/srv/spawn.hpp
[1.215s] -- Up-to-date: /home/ubuntu/ros2_ws2/install/turtlesim/include/turtlesim/turtlesim/srv/set_pen.hpp
[1.215s] -- Up-to-date: /home/ubuntu/ros2_ws2/install/turtlesim/include/turtlesim/turtlesim/srv/kill.hpp
[1.215s] -- Up-to-date: /home/ubuntu/ros2_ws2/install/turtlesim/include/turtlesim/turtlesim
[1.215s] -- Up-to-date: /home/ubuntu/ros2_ws2/install/turtlesim/include/turtlesim/turtlesim/action
[1.215s] -- Up-to-date: /home/ubuntu/ros2_ws2/install/turtlesim/include/turtlesim/turtlesim/action/detail
[1.215s] -- Up-to-date: /home/ubuntu/ros2_ws2/install/turtlesim/include/turtlesim/turtlesim/action/detail/rotate_absolute__rosidl_typesupport_fastrtps_cpp.hpp
[1.215s] -- Up-to-date: /home/ubuntu/ros2_ws2/install/turtlesim/include/turtlesim/turtlesim/action/detail/dds_fastrtps
[1.215s] -- Up-to-date: /home/ubuntu/ros2_ws2/install/turtlesim/include/turtlesim/turtlesim/msg
[1.215s] -- Up-to-date: /home/ubuntu/ros2_ws2/install/turtlesim/include/turtlesim/turtlesim/msg/detail
[1.216s] -- Up-to-date: /home/ubuntu/ros2_ws2/install/turtlesim/include/turtlesim/turtlesim/msg/detail/dds_fastrtps
[1.216s] -- Up-to-date: /home/ubuntu/ros2_ws2/install/turtlesim/include/turtlesim/turtlesim/msg/detail/pose__rosidl_typesupport_fastrtps_cpp.hpp
[1.216s] -- Up-to-date: /home/ubuntu/ros2_ws2/install/turtlesim/include/turtlesim/turtlesim/msg/detail/color__rosidl_typesupport_fastrtps_cpp.hpp
[1.216s] -- Up-to-date: /home/ubuntu/ros2_ws2/install/turtlesim/include/turtlesim/turtlesim/msg/rosidl_typesupport_fastrtps_cpp__visibility_control.h
[1.216s] -- Up-to-date: /home/ubuntu/ros2_ws2/install/turtlesim/include/turtlesim/turtlesim/srv
[1.216s] -- Up-to-date: /home/ubuntu/ros2_ws2/install/turtlesim/include/turtlesim/turtlesim/srv/detail
[1.216s] -- Up-to-date: /home/ubuntu/ros2_ws2/install/turtlesim/include/turtlesim/turtlesim/srv/detail/kill__rosidl_typesupport_fastrtps_cpp.hpp
[1.216s] -- Up-to-date: /home/ubuntu/ros2_ws2/install/turtlesim/include/turtlesim/turtlesim/srv/detail/dds_fastrtps
[1.216s] -- Up-to-date: /home/ubuntu/ros2_ws2/install/turtlesim/include/turtlesim/turtlesim/srv/detail/teleport_absolute__rosidl_typesupport_fastrtps_cpp.hpp
[1.216s] -- Up-to-date: /home/ubuntu/ros2_ws2/install/turtlesim/include/turtlesim/turtlesim/srv/detail/set_pen__rosidl_typesupport_fastrtps_cpp.hpp
[1.216s] -- Up-to-date: /home/ubuntu/ros2_ws2/install/turtlesim/include/turtlesim/turtlesim/srv/detail/teleport_relative__rosidl_typesupport_fastrtps_cpp.hpp
[1.217s] -- Up-to-date: /home/ubuntu/ros2_ws2/install/turtlesim/include/turtlesim/turtlesim/srv/detail/spawn__rosidl_typesupport_fastrtps_cpp.hpp
[1.217s] -- Up-to-date: /home/ubuntu/ros2_ws2/install/turtlesim/lib/libturtlesim__rosidl_typesupport_fastrtps_cpp.so
[1.217s] -- Up-to-date: /home/ubuntu/ros2_ws2/install/turtlesim/include/turtlesim/turtlesim
[1.217s] -- Up-to-date: /home/ubuntu/ros2_ws2/install/turtlesim/include/turtlesim/turtlesim/action
[1.217s] -- Up-to-date: /home/ubuntu/ros2_ws2/install/turtlesim/include/turtlesim/turtlesim/action/detail
[1.218s] -- Up-to-date: /home/ubuntu/ros2_ws2/install/turtlesim/include/turtlesim/turtlesim/action/detail/rotate_absolute__type_support.c
[1.218s] -- Up-to-date: /home/ubuntu/ros2_ws2/install/turtlesim/include/turtlesim/turtlesim/action/detail/rotate_absolute__rosidl_typesupport_introspection_c.h
[1.219s] -- Up-to-date: /home/ubuntu/ros2_ws2/install/turtlesim/include/turtlesim/turtlesim/msg
[1.219s] -- Up-to-date: /home/ubuntu/ros2_ws2/install/turtlesim/include/turtlesim/turtlesim/msg/detail
[1.219s] -- Up-to-date: /home/ubuntu/ros2_ws2/install/turtlesim/include/turtlesim/turtlesim/msg/detail/color__type_support.c
[1.219s] -- Up-to-date: /home/ubuntu/ros2_ws2/install/turtlesim/include/turtlesim/turtlesim/msg/detail/color__rosidl_typesupport_introspection_c.h
[1.219s] -- Up-to-date: /home/ubuntu/ros2_ws2/install/turtlesim/include/turtlesim/turtlesim/msg/detail/pose__rosidl_typesupport_introspection_c.h
[1.219s] -- Up-to-date: /home/ubuntu/ros2_ws2/install/turtlesim/include/turtlesim/turtlesim/msg/detail/pose__type_support.c
[1.219s] -- Up-to-date: /home/ubuntu/ros2_ws2/install/turtlesim/include/turtlesim/turtlesim/msg/rosidl_typesupport_introspection_c__visibility_control.h
[1.219s] -- Up-to-date: /home/ubuntu/ros2_ws2/install/turtlesim/include/turtlesim/turtlesim/srv
[1.219s] -- Up-to-date: /home/ubuntu/ros2_ws2/install/turtlesim/include/turtlesim/turtlesim/srv/detail
[1.219s] -- Up-to-date: /home/ubuntu/ros2_ws2/install/turtlesim/include/turtlesim/turtlesim/srv/detail/spawn__type_support.c
[1.219s] -- Up-to-date: /home/ubuntu/ros2_ws2/install/turtlesim/include/turtlesim/turtlesim/srv/detail/teleport_absolute__rosidl_typesupport_introspection_c.h
[1.219s] -- Up-to-date: /home/ubuntu/ros2_ws2/install/turtlesim/include/turtlesim/turtlesim/srv/detail/set_pen__type_support.c
[1.220s] -- Up-to-date: /home/ubuntu/ros2_ws2/install/turtlesim/include/turtlesim/turtlesim/srv/detail/kill__type_support.c
[1.220s] -- Up-to-date: /home/ubuntu/ros2_ws2/install/turtlesim/include/turtlesim/turtlesim/srv/detail/set_pen__rosidl_typesupport_introspection_c.h
[1.220s] -- Up-to-date: /home/ubuntu/ros2_ws2/install/turtlesim/include/turtlesim/turtlesim/srv/detail/kill__rosidl_typesupport_introspection_c.h
[1.220s] -- Up-to-date: /home/ubuntu/ros2_ws2/install/turtlesim/include/turtlesim/turtlesim/srv/detail/teleport_absolute__type_support.c
[1.220s] -- Up-to-date: /home/ubuntu/ros2_ws2/install/turtlesim/include/turtlesim/turtlesim/srv/detail/spawn__rosidl_typesupport_introspection_c.h
[1.220s] -- Up-to-date: /home/ubuntu/ros2_ws2/install/turtlesim/include/turtlesim/turtlesim/srv/detail/teleport_relative__type_support.c
[1.220s] -- Up-to-date: /home/ubuntu/ros2_ws2/install/turtlesim/include/turtlesim/turtlesim/srv/detail/teleport_relative__rosidl_typesupport_introspection_c.h
[1.220s] -- Up-to-date: /home/ubuntu/ros2_ws2/install/turtlesim/lib/libturtlesim__rosidl_typesupport_introspection_c.so
[1.220s] -- Up-to-date: /home/ubuntu/ros2_ws2/install/turtlesim/lib/libturtlesim__rosidl_typesupport_c.so
[1.220s] -- Up-to-date: /home/ubuntu/ros2_ws2/install/turtlesim/include/turtlesim/turtlesim
[1.220s] -- Up-to-date: /home/ubuntu/ros2_ws2/install/turtlesim/include/turtlesim/turtlesim/action
[1.220s] -- Up-to-date: /home/ubuntu/ros2_ws2/install/turtlesim/include/turtlesim/turtlesim/action/detail
[1.220s] -- Up-to-date: /home/ubuntu/ros2_ws2/install/turtlesim/include/turtlesim/turtlesim/action/detail/rotate_absolute__rosidl_typesupport_introspection_cpp.hpp
[1.220s] -- Up-to-date: /home/ubuntu/ros2_ws2/install/turtlesim/include/turtlesim/turtlesim/action/detail/rotate_absolute__type_support.cpp
[1.220s] -- Up-to-date: /home/ubuntu/ros2_ws2/install/turtlesim/include/turtlesim/turtlesim/msg
[1.220s] -- Up-to-date: /home/ubuntu/ros2_ws2/install/turtlesim/include/turtlesim/turtlesim/msg/detail
[1.221s] -- Up-to-date: /home/ubuntu/ros2_ws2/install/turtlesim/include/turtlesim/turtlesim/msg/detail/pose__rosidl_typesupport_introspection_cpp.hpp
[1.221s] -- Up-to-date: /home/ubuntu/ros2_ws2/install/turtlesim/include/turtlesim/turtlesim/msg/detail/color__type_support.cpp
[1.221s] -- Up-to-date: /home/ubuntu/ros2_ws2/install/turtlesim/include/turtlesim/turtlesim/msg/detail/color__rosidl_typesupport_introspection_cpp.hpp
[1.221s] -- Up-to-date: /home/ubuntu/ros2_ws2/install/turtlesim/include/turtlesim/turtlesim/msg/detail/pose__type_support.cpp
[1.221s] -- Up-to-date: /home/ubuntu/ros2_ws2/install/turtlesim/include/turtlesim/turtlesim/srv
[1.221s] -- Up-to-date: /home/ubuntu/ros2_ws2/install/turtlesim/include/turtlesim/turtlesim/srv/detail
[1.221s] -- Up-to-date: /home/ubuntu/ros2_ws2/install/turtlesim/include/turtlesim/turtlesim/srv/detail/spawn__rosidl_typesupport_introspection_cpp.hpp
[1.221s] -- Up-to-date: /home/ubuntu/ros2_ws2/install/turtlesim/include/turtlesim/turtlesim/srv/detail/kill__type_support.cpp
[1.221s] -- Up-to-date: /home/ubuntu/ros2_ws2/install/turtlesim/include/turtlesim/turtlesim/srv/detail/teleport_relative__rosidl_typesupport_introspection_cpp.hpp
[1.221s] -- Up-to-date: /home/ubuntu/ros2_ws2/install/turtlesim/include/turtlesim/turtlesim/srv/detail/set_pen__rosidl_typesupport_introspection_cpp.hpp
[1.221s] -- Up-to-date: /home/ubuntu/ros2_ws2/install/turtlesim/include/turtlesim/turtlesim/srv/detail/kill__rosidl_typesupport_introspection_cpp.hpp
[1.221s] -- Up-to-date: /home/ubuntu/ros2_ws2/install/turtlesim/include/turtlesim/turtlesim/srv/detail/set_pen__type_support.cpp
[1.221s] -- Up-to-date: /home/ubuntu/ros2_ws2/install/turtlesim/include/turtlesim/turtlesim/srv/detail/teleport_absolute__rosidl_typesupport_introspection_cpp.hpp
[1.221s] -- Up-to-date: /home/ubuntu/ros2_ws2/install/turtlesim/include/turtlesim/turtlesim/srv/detail/teleport_relative__type_support.cpp
[1.221s] -- Up-to-date: /home/ubuntu/ros2_ws2/install/turtlesim/include/turtlesim/turtlesim/srv/detail/teleport_absolute__type_support.cpp
[1.221s] -- Up-to-date: /home/ubuntu/ros2_ws2/install/turtlesim/include/turtlesim/turtlesim/srv/detail/spawn__type_support.cpp
[1.222s] -- Up-to-date: /home/ubuntu/ros2_ws2/install/turtlesim/lib/libturtlesim__rosidl_typesupport_introspection_cpp.so
[1.222s] -- Up-to-date: /home/ubuntu/ros2_ws2/install/turtlesim/lib/libturtlesim__rosidl_typesupport_cpp.so
[1.222s] -- Up-to-date: /home/ubuntu/ros2_ws2/install/turtlesim/share/turtlesim/environment/pythonpath.sh
[1.222s] -- Up-to-date: /home/ubuntu/ros2_ws2/install/turtlesim/share/turtlesim/environment/pythonpath.dsv
[1.222s] -- Up-to-date: /home/ubuntu/ros2_ws2/install/turtlesim/local/lib/python3.10/dist-packages/turtlesim-1.4.2-py3.10.egg-info
[1.222s] -- Installing: /home/ubuntu/ros2_ws2/install/turtlesim/local/lib/python3.10/dist-packages/turtlesim-1.4.2-py3.10.egg-info/top_level.txt
[1.222s] -- Installing: /home/ubuntu/ros2_ws2/install/turtlesim/local/lib/python3.10/dist-packages/turtlesim-1.4.2-py3.10.egg-info/SOURCES.txt
[1.222s] -- Installing: /home/ubuntu/ros2_ws2/install/turtlesim/local/lib/python3.10/dist-packages/turtlesim-1.4.2-py3.10.egg-info/PKG-INFO
[1.222s] -- Installing: /home/ubuntu/ros2_ws2/install/turtlesim/local/lib/python3.10/dist-packages/turtlesim-1.4.2-py3.10.egg-info/dependency_links.txt
[1.222s] -- Up-to-date: /home/ubuntu/ros2_ws2/install/turtlesim/local/lib/python3.10/dist-packages/turtlesim
[1.222s] -- Up-to-date: /home/ubuntu/ros2_ws2/install/turtlesim/local/lib/python3.10/dist-packages/turtlesim/turtlesim_s__rosidl_typesupport_c.cpython-310-x86_64-linux-gnu.so
[1.222s] -- Up-to-date: /home/ubuntu/ros2_ws2/install/turtlesim/local/lib/python3.10/dist-packages/turtlesim/__init__.py
[1.222s] -- Up-to-date: /home/ubuntu/ros2_ws2/install/turtlesim/local/lib/python3.10/dist-packages/turtlesim/action
[1.222s] -- Up-to-date: /home/ubuntu/ros2_ws2/install/turtlesim/local/lib/python3.10/dist-packages/turtlesim/action/__init__.py
[1.222s] -- Up-to-date: /home/ubuntu/ros2_ws2/install/turtlesim/local/lib/python3.10/dist-packages/turtlesim/action/_rotate_absolute_s.c
[1.222s] -- Up-to-date: /home/ubuntu/ros2_ws2/install/turtlesim/local/lib/python3.10/dist-packages/turtlesim/action/_rotate_absolute.py
[1.222s] -- Up-to-date: /home/ubuntu/ros2_ws2/install/turtlesim/local/lib/python3.10/dist-packages/turtlesim/_turtlesim_s.ep.rosidl_typesupport_fastrtps_c.c
[1.223s] -- Up-to-date: /home/ubuntu/ros2_ws2/install/turtlesim/local/lib/python3.10/dist-packages/turtlesim/libturtlesim__rosidl_generator_py.so
[1.223s] -- Up-to-date: /home/ubuntu/ros2_ws2/install/turtlesim/local/lib/python3.10/dist-packages/turtlesim/turtlesim_s__rosidl_typesupport_fastrtps_c.cpython-310-x86_64-linux-gnu.so
[1.223s] -- Up-to-date: /home/ubuntu/ros2_ws2/install/turtlesim/local/lib/python3.10/dist-packages/turtlesim/msg
[1.223s] -- Up-to-date: /home/ubuntu/ros2_ws2/install/turtlesim/local/lib/python3.10/dist-packages/turtlesim/msg/_color_s.c
[1.223s] -- Up-to-date: /home/ubuntu/ros2_ws2/install/turtlesim/local/lib/python3.10/dist-packages/turtlesim/msg/__init__.py
[1.223s] -- Up-to-date: /home/ubuntu/ros2_ws2/install/turtlesim/local/lib/python3.10/dist-packages/turtlesim/msg/_pose_s.c
[1.223s] -- Up-to-date: /home/ubuntu/ros2_ws2/install/turtlesim/local/lib/python3.10/dist-packages/turtlesim/msg/_pose.py
[1.223s] -- Up-to-date: /home/ubuntu/ros2_ws2/install/turtlesim/local/lib/python3.10/dist-packages/turtlesim/msg/_color.py
[1.223s] -- Up-to-date: /home/ubuntu/ros2_ws2/install/turtlesim/local/lib/python3.10/dist-packages/turtlesim/_turtlesim_s.ep.rosidl_typesupport_c.c
[1.223s] -- Up-to-date: /home/ubuntu/ros2_ws2/install/turtlesim/local/lib/python3.10/dist-packages/turtlesim/turtlesim_s__rosidl_typesupport_introspection_c.cpython-310-x86_64-linux-gnu.so
[1.223s] -- Up-to-date: /home/ubuntu/ros2_ws2/install/turtlesim/local/lib/python3.10/dist-packages/turtlesim/_turtlesim_s.ep.rosidl_typesupport_introspection_c.c
[1.223s] -- Up-to-date: /home/ubuntu/ros2_ws2/install/turtlesim/local/lib/python3.10/dist-packages/turtlesim/srv
[1.223s] -- Up-to-date: /home/ubuntu/ros2_ws2/install/turtlesim/local/lib/python3.10/dist-packages/turtlesim/srv/_spawn.py
[1.224s] -- Up-to-date: /home/ubuntu/ros2_ws2/install/turtlesim/local/lib/python3.10/dist-packages/turtlesim/srv/_set_pen_s.c
[1.224s] -- Up-to-date: /home/ubuntu/ros2_ws2/install/turtlesim/local/lib/python3.10/dist-packages/turtlesim/srv/_spawn_s.c
[1.224s] -- Up-to-date: /home/ubuntu/ros2_ws2/install/turtlesim/local/lib/python3.10/dist-packages/turtlesim/srv/_teleport_absolute_s.c
[1.224s] -- Up-to-date: /home/ubuntu/ros2_ws2/install/turtlesim/local/lib/python3.10/dist-packages/turtlesim/srv/_set_pen.py
[1.224s] -- Up-to-date: /home/ubuntu/ros2_ws2/install/turtlesim/local/lib/python3.10/dist-packages/turtlesim/srv/__init__.py
[1.224s] -- Up-to-date: /home/ubuntu/ros2_ws2/install/turtlesim/local/lib/python3.10/dist-packages/turtlesim/srv/_teleport_relative_s.c
[1.224s] -- Up-to-date: /home/ubuntu/ros2_ws2/install/turtlesim/local/lib/python3.10/dist-packages/turtlesim/srv/_teleport_absolute.py
[1.224s] -- Up-to-date: /home/ubuntu/ros2_ws2/install/turtlesim/local/lib/python3.10/dist-packages/turtlesim/srv/_teleport_relative.py
[1.224s] -- Up-to-date: /home/ubuntu/ros2_ws2/install/turtlesim/local/lib/python3.10/dist-packages/turtlesim/srv/_kill.py
[1.224s] -- Up-to-date: /home/ubuntu/ros2_ws2/install/turtlesim/local/lib/python3.10/dist-packages/turtlesim/srv/_kill_s.c
[1.255s] Listing '/home/ubuntu/ros2_ws2/install/turtlesim/local/lib/python3.10/dist-packages/turtlesim'...
[1.255s] Listing '/home/ubuntu/ros2_ws2/install/turtlesim/local/lib/python3.10/dist-packages/turtlesim/action'...
[1.255s] Listing '/home/ubuntu/ros2_ws2/install/turtlesim/local/lib/python3.10/dist-packages/turtlesim/msg'...
[1.255s] Listing '/home/ubuntu/ros2_ws2/install/turtlesim/local/lib/python3.10/dist-packages/turtlesim/srv'...
[1.261s] -- Up-to-date: /home/ubuntu/ros2_ws2/install/turtlesim/local/lib/python3.10/dist-packages/turtlesim/turtlesim_s__rosidl_typesupport_fastrtps_c.cpython-310-x86_64-linux-gnu.so
[1.261s] -- Up-to-date: /home/ubuntu/ros2_ws2/install/turtlesim/local/lib/python3.10/dist-packages/turtlesim/turtlesim_s__rosidl_typesupport_introspection_c.cpython-310-x86_64-linux-gnu.so
[1.262s] -- Up-to-date: /home/ubuntu/ros2_ws2/install/turtlesim/local/lib/python3.10/dist-packages/turtlesim/turtlesim_s__rosidl_typesupport_c.cpython-310-x86_64-linux-gnu.so
[1.262s] -- Up-to-date: /home/ubuntu/ros2_ws2/install/turtlesim/lib/libturtlesim__rosidl_generator_py.so
[1.263s] -- Up-to-date: /home/ubuntu/ros2_ws2/install/turtlesim/share/turtlesim/action/RotateAbsolute.idl
[1.263s] -- Up-to-date: /home/ubuntu/ros2_ws2/install/turtlesim/share/turtlesim/msg/Color.idl
[1.263s] -- Up-to-date: /home/ubuntu/ros2_ws2/install/turtlesim/share/turtlesim/msg/Pose.idl
[1.263s] -- Up-to-date: /home/ubuntu/ros2_ws2/install/turtlesim/share/turtlesim/srv/Kill.idl
[1.263s] -- Up-to-date: /home/ubuntu/ros2_ws2/install/turtlesim/share/turtlesim/srv/SetPen.idl
[1.263s] -- Up-to-date: /home/ubuntu/ros2_ws2/install/turtlesim/share/turtlesim/srv/Spawn.idl
[1.264s] -- Up-to-date: /home/ubuntu/ros2_ws2/install/turtlesim/share/turtlesim/srv/TeleportAbsolute.idl
[1.264s] -- Up-to-date: /home/ubuntu/ros2_ws2/install/turtlesim/share/turtlesim/srv/TeleportRelative.idl
[1.264s] -- Up-to-date: /home/ubuntu/ros2_ws2/install/turtlesim/share/turtlesim/action/RotateAbsolute.action
[1.264s] -- Up-to-date: /home/ubuntu/ros2_ws2/install/turtlesim/share/turtlesim/msg/Color.msg
[1.264s] -- Up-to-date: /home/ubuntu/ros2_ws2/install/turtlesim/share/turtlesim/msg/Pose.msg
[1.264s] -- Up-to-date: /home/ubuntu/ros2_ws2/install/turtlesim/share/turtlesim/srv/Kill.srv
[1.265s] -- Up-to-date: /home/ubuntu/ros2_ws2/install/turtlesim/share/turtlesim/srv/Kill_Request.msg
[1.265s] -- Up-to-date: /home/ubuntu/ros2_ws2/install/turtlesim/share/turtlesim/srv/Kill_Response.msg
[1.265s] -- Up-to-date: /home/ubuntu/ros2_ws2/install/turtlesim/share/turtlesim/srv/SetPen.srv
[1.265s] -- Up-to-date: /home/ubuntu/ros2_ws2/install/turtlesim/share/turtlesim/srv/SetPen_Request.msg
[1.265s] -- Up-to-date: /home/ubuntu/ros2_ws2/install/turtlesim/share/turtlesim/srv/SetPen_Response.msg
[1.265s] -- Up-to-date: /home/ubuntu/ros2_ws2/install/turtlesim/share/turtlesim/srv/Spawn.srv
[1.265s] -- Up-to-date: /home/ubuntu/ros2_ws2/install/turtlesim/share/turtlesim/srv/Spawn_Request.msg
[1.266s] -- Up-to-date: /home/ubuntu/ros2_ws2/install/turtlesim/share/turtlesim/srv/Spawn_Response.msg
[1.266s] -- Up-to-date: /home/ubuntu/ros2_ws2/install/turtlesim/share/turtlesim/srv/TeleportAbsolute.srv
[1.266s] -- Up-to-date: /home/ubuntu/ros2_ws2/install/turtlesim/share/turtlesim/srv/TeleportAbsolute_Request.msg
[1.266s] -- Up-to-date: /home/ubuntu/ros2_ws2/install/turtlesim/share/turtlesim/srv/TeleportAbsolute_Response.msg
[1.266s] -- Up-to-date: /home/ubuntu/ros2_ws2/install/turtlesim/share/turtlesim/srv/TeleportRelative.srv
[1.266s] -- Up-to-date: /home/ubuntu/ros2_ws2/install/turtlesim/share/turtlesim/srv/TeleportRelative_Request.msg
[1.267s] -- Up-to-date: /home/ubuntu/ros2_ws2/install/turtlesim/share/turtlesim/srv/TeleportRelative_Response.msg
[1.267s] -- Up-to-date: /home/ubuntu/ros2_ws2/install/turtlesim/lib/turtlesim/turtlesim_node
[1.267s] -- Up-to-date: /home/ubuntu/ros2_ws2/install/turtlesim/lib/turtlesim/turtle_teleop_key
[1.267s] -- Up-to-date: /home/ubuntu/ros2_ws2/install/turtlesim/lib/turtlesim/draw_square
[1.267s] -- Up-to-date: /home/ubuntu/ros2_ws2/install/turtlesim/lib/turtlesim/mimic
[1.268s] -- Up-to-date: /home/ubuntu/ros2_ws2/install/turtlesim/share/turtlesim/images
[1.268s] -- Up-to-date: /home/ubuntu/ros2_ws2/install/turtlesim/share/turtlesim/images/humble.png
[1.268s] -- Up-to-date: /home/ubuntu/ros2_ws2/install/turtlesim/share/turtlesim/images/galactic.png
[1.268s] -- Up-to-date: /home/ubuntu/ros2_ws2/install/turtlesim/share/turtlesim/images/dashing.png
[1.268s] -- Up-to-date: /home/ubuntu/ros2_ws2/install/turtlesim/share/turtlesim/images/eloquent.png
[1.269s] -- Up-to-date: /home/ubuntu/ros2_ws2/install/turtlesim/share/turtlesim/images/rolling.png
[1.269s] -- Up-to-date: /home/ubuntu/ros2_ws2/install/turtlesim/share/turtlesim/images/ardent.png
[1.270s] -- Up-to-date: /home/ubuntu/ros2_ws2/install/turtlesim/share/turtlesim/images/foxy.png
[1.271s] -- Up-to-date: /home/ubuntu/ros2_ws2/install/turtlesim/share/turtlesim/images/bouncy.png
[1.271s] -- Up-to-date: /home/ubuntu/ros2_ws2/install/turtlesim/share/turtlesim/images/crystal.png
[1.271s] -- Up-to-date: /home/ubuntu/ros2_ws2/install/turtlesim/share/turtlesim/launch
[1.271s] -- Up-to-date: /home/ubuntu/ros2_ws2/install/turtlesim/share/turtlesim/launch/multisim.launch.py
[1.271s] -- Up-to-date: /home/ubuntu/ros2_ws2/install/turtlesim/share/ament_index/resource_index/package_run_dependencies/turtlesim
[1.272s] -- Up-to-date: /home/ubuntu/ros2_ws2/install/turtlesim/share/ament_index/resource_index/parent_prefix_path/turtlesim
[1.272s] -- Up-to-date: /home/ubuntu/ros2_ws2/install/turtlesim/share/turtlesim/environment/ament_prefix_path.sh
[1.272s] -- Up-to-date: /home/ubuntu/ros2_ws2/install/turtlesim/share/turtlesim/environment/ament_prefix_path.dsv
[1.272s] -- Up-to-date: /home/ubuntu/ros2_ws2/install/turtlesim/share/turtlesim/environment/path.sh
[1.273s] -- Up-to-date: /home/ubuntu/ros2_ws2/install/turtlesim/share/turtlesim/environment/path.dsv
[1.273s] -- Up-to-date: /home/ubuntu/ros2_ws2/install/turtlesim/share/turtlesim/local_setup.bash
[1.276s] -- Up-to-date: /home/ubuntu/ros2_ws2/install/turtlesim/share/turtlesim/local_setup.sh
[1.276s] -- Up-to-date: /home/ubuntu/ros2_ws2/install/turtlesim/share/turtlesim/local_setup.zsh
[1.277s] -- Up-to-date: /home/ubuntu/ros2_ws2/install/turtlesim/share/turtlesim/local_setup.dsv
[1.277s] -- Installing: /home/ubuntu/ros2_ws2/install/turtlesim/share/turtlesim/package.dsv
[1.278s] -- Up-to-date: /home/ubuntu/ros2_ws2/install/turtlesim/share/ament_index/resource_index/packages/turtlesim
[1.278s] -- Up-to-date: /home/ubuntu/ros2_ws2/install/turtlesim/share/turtlesim/cmake/export_turtlesim__rosidl_generator_cExport.cmake
[1.278s] -- Up-to-date: /home/ubuntu/ros2_ws2/install/turtlesim/share/turtlesim/cmake/export_turtlesim__rosidl_generator_cExport-noconfig.cmake
[1.278s] -- Up-to-date: /home/ubuntu/ros2_ws2/install/turtlesim/share/turtlesim/cmake/export_turtlesim__rosidl_typesupport_fastrtps_cExport.cmake
[1.278s] -- Up-to-date: /home/ubuntu/ros2_ws2/install/turtlesim/share/turtlesim/cmake/export_turtlesim__rosidl_typesupport_fastrtps_cExport-noconfig.cmake
[1.278s] -- Up-to-date: /home/ubuntu/ros2_ws2/install/turtlesim/share/turtlesim/cmake/export_turtlesim__rosidl_generator_cppExport.cmake
[1.279s] -- Up-to-date: /home/ubuntu/ros2_ws2/install/turtlesim/share/turtlesim/cmake/export_turtlesim__rosidl_typesupport_fastrtps_cppExport.cmake
[1.279s] -- Up-to-date: /home/ubuntu/ros2_ws2/install/turtlesim/share/turtlesim/cmake/export_turtlesim__rosidl_typesupport_fastrtps_cppExport-noconfig.cmake
[1.279s] -- Up-to-date: /home/ubuntu/ros2_ws2/install/turtlesim/share/turtlesim/cmake/turtlesim__rosidl_typesupport_introspection_cExport.cmake
[1.279s] -- Up-to-date: /home/ubuntu/ros2_ws2/install/turtlesim/share/turtlesim/cmake/turtlesim__rosidl_typesupport_introspection_cExport-noconfig.cmake
[1.279s] -- Up-to-date: /home/ubuntu/ros2_ws2/install/turtlesim/share/turtlesim/cmake/turtlesim__rosidl_typesupport_cExport.cmake
[1.279s] -- Up-to-date: /home/ubuntu/ros2_ws2/install/turtlesim/share/turtlesim/cmake/turtlesim__rosidl_typesupport_cExport-noconfig.cmake
[1.279s] -- Up-to-date: /home/ubuntu/ros2_ws2/install/turtlesim/share/turtlesim/cmake/turtlesim__rosidl_typesupport_introspection_cppExport.cmake
[1.279s] -- Up-to-date: /home/ubuntu/ros2_ws2/install/turtlesim/share/turtlesim/cmake/turtlesim__rosidl_typesupport_introspection_cppExport-noconfig.cmake
[1.279s] -- Up-to-date: /home/ubuntu/ros2_ws2/install/turtlesim/share/turtlesim/cmake/turtlesim__rosidl_typesupport_cppExport.cmake
[1.279s] -- Up-to-date: /home/ubuntu/ros2_ws2/install/turtlesim/share/turtlesim/cmake/turtlesim__rosidl_typesupport_cppExport-noconfig.cmake
[1.279s] -- Up-to-date: /home/ubuntu/ros2_ws2/install/turtlesim/share/turtlesim/cmake/export_turtlesim__rosidl_generator_pyExport.cmake
[1.279s] -- Up-to-date: /home/ubuntu/ros2_ws2/install/turtlesim/share/turtlesim/cmake/export_turtlesim__rosidl_generator_pyExport-noconfig.cmake
[1.279s] -- Up-to-date: /home/ubuntu/ros2_ws2/install/turtlesim/share/turtlesim/cmake/rosidl_cmake-extras.cmake
[1.280s] -- Up-to-date: /home/ubuntu/ros2_ws2/install/turtlesim/share/turtlesim/cmake/ament_cmake_export_dependencies-extras.cmake
[1.280s] -- Up-to-date: /home/ubuntu/ros2_ws2/install/turtlesim/share/turtlesim/cmake/ament_cmake_export_include_directories-extras.cmake
[1.280s] -- Up-to-date: /home/ubuntu/ros2_ws2/install/turtlesim/share/turtlesim/cmake/ament_cmake_export_libraries-extras.cmake
[1.280s] -- Up-to-date: /home/ubuntu/ros2_ws2/install/turtlesim/share/turtlesim/cmake/ament_cmake_export_targets-extras.cmake
[1.280s] -- Up-to-date: /home/ubuntu/ros2_ws2/install/turtlesim/share/turtlesim/cmake/rosidl_cmake_export_typesupport_targets-extras.cmake
[1.280s] -- Up-to-date: /home/ubuntu/ros2_ws2/install/turtlesim/share/turtlesim/cmake/rosidl_cmake_export_typesupport_libraries-extras.cmake
[1.281s] -- Up-to-date: /home/ubuntu/ros2_ws2/install/turtlesim/share/turtlesim/cmake/turtlesimConfig.cmake
[1.281s] -- Up-to-date: /home/ubuntu/ros2_ws2/install/turtlesim/share/turtlesim/cmake/turtlesimConfig-version.cmake
[1.281s] -- Up-to-date: /home/ubuntu/ros2_ws2/install/turtlesim/share/turtlesim/package.xml
[1.282s] Invoked command in '/home/ubuntu/ros2_ws2/build/turtlesim' returned '0': CMAKE_PREFIX_PATH=${CMAKE_PREFIX_PATH}:/home/ubuntu/ros2_ws2/install/my_turtlebot:/home/ubuntu/ros2_ws2/install/my_package:/opt/ros/humble /usr/bin/cmake --install /home/ubuntu/ros2_ws2/build/turtlesim
