[1.024s] Invoking command in '/home/ubuntu/ros2_ws2/src/Course-34761-robot-autonomy': PYTHONPATH=/home/ubuntu/ros2_ws2/build/my_turtlebot/prefix_override:/usr/lib/python3/dist-packages/colcon_core/task/python/colcon_distutils_commands:/home/ubuntu/ros2_ws2/install/my_turtlebot/lib/python3.10/site-packages:${PYTHONPATH} /usr/bin/python3 -W ignore:setup.py install is deprecated -W ignore:easy_install command is deprecated setup.py egg_info --egg-base ../../build/my_turtlebot build --build-base /home/ubuntu/ros2_ws2/build/my_turtlebot/build install --record /home/ubuntu/ros2_ws2/build/my_turtlebot/install.log --single-version-externally-managed install_data
[1.351s] running egg_info
[1.352s] writing ../../build/my_turtlebot/my_turtlebot.egg-info/PKG-INFO
[1.362s] writing dependency_links to ../../build/my_turtlebot/my_turtlebot.egg-info/dependency_links.txt
[1.363s] writing entry points to ../../build/my_turtlebot/my_turtlebot.egg-info/entry_points.txt
[1.363s] writing requirements to ../../build/my_turtlebot/my_turtlebot.egg-info/requires.txt
[1.364s] writing top-level names to ../../build/my_turtlebot/my_turtlebot.egg-info/top_level.txt
[1.368s] reading manifest file '../../build/my_turtlebot/my_turtlebot.egg-info/SOURCES.txt'
[1.374s] writing manifest file '../../build/my_turtlebot/my_turtlebot.egg-info/SOURCES.txt'
[1.375s] running build
[1.375s] running build_py
[1.376s] copying my_turtlebot/map_lidar.py -> /home/ubuntu/ros2_ws2/build/my_turtlebot/build/lib/my_turtlebot
[1.376s] running install
[1.377s] running install_lib
[1.379s] copying /home/ubuntu/ros2_ws2/build/my_turtlebot/build/lib/my_turtlebot/map_lidar.py -> /home/ubuntu/ros2_ws2/install/my_turtlebot/lib/python3.10/site-packages/my_turtlebot
[1.382s] byte-compiling /home/ubuntu/ros2_ws2/install/my_turtlebot/lib/python3.10/site-packages/my_turtlebot/map_lidar.py to map_lidar.cpython-310.pyc
[1.384s] running install_data
[1.394s] running install_egg_info
[1.395s] removing '/home/ubuntu/ros2_ws2/install/my_turtlebot/lib/python3.10/site-packages/my_turtlebot-0.0.0-py3.10.egg-info' (and everything under it)
[1.396s] Copying ../../build/my_turtlebot/my_turtlebot.egg-info to /home/ubuntu/ros2_ws2/install/my_turtlebot/lib/python3.10/site-packages/my_turtlebot-0.0.0-py3.10.egg-info
[1.398s] running install_scripts
[1.423s] Installing lidar_icp script to /home/ubuntu/ros2_ws2/install/my_turtlebot/lib/my_turtlebot
[1.423s] Installing lidar_sub script to /home/ubuntu/ros2_ws2/install/my_turtlebot/lib/my_turtlebot
[1.424s] Installing map_lidar script to /home/ubuntu/ros2_ws2/install/my_turtlebot/lib/my_turtlebot
[1.426s] Installing map_lidar_static script to /home/ubuntu/ros2_ws2/install/my_turtlebot/lib/my_turtlebot
[1.426s] Installing map_random script to /home/ubuntu/ros2_ws2/install/my_turtlebot/lib/my_turtlebot
[1.426s] Installing move_turtlebot script to /home/ubuntu/ros2_ws2/install/my_turtlebot/lib/my_turtlebot
[1.427s] writing list of installed files to '/home/ubuntu/ros2_ws2/build/my_turtlebot/install.log'
[1.467s] Invoked command in '/home/ubuntu/ros2_ws2/src/Course-34761-robot-autonomy' returned '0': PYTHONPATH=/home/ubuntu/ros2_ws2/build/my_turtlebot/prefix_override:/usr/lib/python3/dist-packages/colcon_core/task/python/colcon_distutils_commands:/home/ubuntu/ros2_ws2/install/my_turtlebot/lib/python3.10/site-packages:${PYTHONPATH} /usr/bin/python3 -W ignore:setup.py install is deprecated -W ignore:easy_install command is deprecated setup.py egg_info --egg-base ../../build/my_turtlebot build --build-base /home/ubuntu/ros2_ws2/build/my_turtlebot/build install --record /home/ubuntu/ros2_ws2/build/my_turtlebot/install.log --single-version-externally-managed install_data
