[0.697s] Invoking command in '/home/ubuntu/ros2_ws2/src/tf_broadcaster': PYTHONPATH=/home/ubuntu/ros2_ws2/build/tf_broadcaster/prefix_override:/usr/lib/python3/dist-packages/colcon_core/task/python/colcon_distutils_commands:/home/ubuntu/ros2_ws2/install/tf_broadcaster/lib/python3.10/site-packages:${PYTHONPATH} /usr/bin/python3 -W ignore:setup.py install is deprecated -W ignore:easy_install command is deprecated setup.py egg_info --egg-base ../../build/tf_broadcaster build --build-base /home/ubuntu/ros2_ws2/build/tf_broadcaster/build install --record /home/ubuntu/ros2_ws2/build/tf_broadcaster/install.log --single-version-externally-managed install_data
[0.949s] running egg_info
[0.950s] writing ../../build/tf_broadcaster/tf_broadcaster.egg-info/PKG-INFO
[0.950s] writing dependency_links to ../../build/tf_broadcaster/tf_broadcaster.egg-info/dependency_links.txt
[0.950s] writing entry points to ../../build/tf_broadcaster/tf_broadcaster.egg-info/entry_points.txt
[0.950s] writing requirements to ../../build/tf_broadcaster/tf_broadcaster.egg-info/requires.txt
[0.950s] writing top-level names to ../../build/tf_broadcaster/tf_broadcaster.egg-info/top_level.txt
[0.952s] reading manifest file '../../build/tf_broadcaster/tf_broadcaster.egg-info/SOURCES.txt'
[0.953s] writing manifest file '../../build/tf_broadcaster/tf_broadcaster.egg-info/SOURCES.txt'
[0.953s] running build
[0.953s] running build_py
[0.953s] copying tf_broadcaster/listener.py -> /home/ubuntu/ros2_ws2/build/tf_broadcaster/build/lib/tf_broadcaster
[0.954s] running install
[0.954s] running install_lib
[0.955s] copying /home/ubuntu/ros2_ws2/build/tf_broadcaster/build/lib/tf_broadcaster/listener.py -> /home/ubuntu/ros2_ws2/install/tf_broadcaster/lib/python3.10/site-packages/tf_broadcaster
[0.956s] byte-compiling /home/ubuntu/ros2_ws2/install/tf_broadcaster/lib/python3.10/site-packages/tf_broadcaster/listener.py to listener.cpython-310.pyc
[0.957s] running install_data
[0.957s] running install_egg_info
[0.960s] removing '/home/ubuntu/ros2_ws2/install/tf_broadcaster/lib/python3.10/site-packages/tf_broadcaster-0.0.0-py3.10.egg-info' (and everything under it)
[0.961s] Copying ../../build/tf_broadcaster/tf_broadcaster.egg-info to /home/ubuntu/ros2_ws2/install/tf_broadcaster/lib/python3.10/site-packages/tf_broadcaster-0.0.0-py3.10.egg-info
[0.962s] running install_scripts
[0.986s] Installing broadcaster script to /home/ubuntu/ros2_ws2/install/tf_broadcaster/lib/tf_broadcaster
[0.986s] Installing listener script to /home/ubuntu/ros2_ws2/install/tf_broadcaster/lib/tf_broadcaster
[0.987s] writing list of installed files to '/home/ubuntu/ros2_ws2/build/tf_broadcaster/install.log'
[1.016s] Invoked command in '/home/ubuntu/ros2_ws2/src/tf_broadcaster' returned '0': PYTHONPATH=/home/ubuntu/ros2_ws2/build/tf_broadcaster/prefix_override:/usr/lib/python3/dist-packages/colcon_core/task/python/colcon_distutils_commands:/home/ubuntu/ros2_ws2/install/tf_broadcaster/lib/python3.10/site-packages:${PYTHONPATH} /usr/bin/python3 -W ignore:setup.py install is deprecated -W ignore:easy_install command is deprecated setup.py egg_info --egg-base ../../build/tf_broadcaster build --build-base /home/ubuntu/ros2_ws2/build/tf_broadcaster/build install --record /home/ubuntu/ros2_ws2/build/tf_broadcaster/install.log --single-version-externally-managed install_data
