[0.700s] Invoking command in '/home/ubuntu/ros2_ws2/build/turtlesim': CMAKE_PREFIX_PATH=${CMAKE_PREFIX_PATH}:/home/ubuntu/ros2_ws2/install/my_turtlebot:/home/ubuntu/ros2_ws2/install/my_package:/opt/ros/humble /usr/bin/cmake --build /home/ubuntu/ros2_ws2/build/turtlesim -- -j16 -l16
[0.758s] [35m[1mConsolidate compiler generated dependencies of target turtlesim__rosidl_generator_c[0m
[0.769s] [  1%] Built target turtlesim__cpp
[0.779s] [ 11%] Built target turtlesim__rosidl_generator_c
[0.784s] [35m[1mConsolidate compiler generated dependencies of target turtlesim__rosidl_typesupport_cpp[0m
[0.785s] [35m[1mConsolidate compiler generated dependencies of target turtlesim__rosidl_typesupport_introspection_cpp[0m
[0.785s] [35m[1mConsolidate compiler generated dependencies of target turtlesim__rosidl_typesupport_fastrtps_cpp[0m
[0.791s] [ 11%] Built target ament_cmake_python_copy_turtlesim
[0.793s] [35m[1mConsolidate compiler generated dependencies of target turtlesim__rosidl_typesupport_introspection_c[0m
[0.794s] [35m[1mConsolidate compiler generated dependencies of target turtlesim__rosidl_typesupport_fastrtps_c[0m
[0.803s] [35m[1mConsolidate compiler generated dependencies of target turtlesim__rosidl_typesupport_c[0m
[0.814s] [ 21%] Built target turtlesim__rosidl_typesupport_introspection_cpp
[0.815s] [ 31%] Built target turtlesim__rosidl_typesupport_introspection_c
[0.821s] [ 41%] Built target turtlesim__rosidl_typesupport_fastrtps_cpp
[0.822s] [ 51%] Built target turtlesim__rosidl_typesupport_cpp
[0.826s] [ 61%] Built target turtlesim__rosidl_typesupport_c
[0.832s] [ 71%] Built target turtlesim__rosidl_typesupport_fastrtps_c
[0.836s] [35m[1mConsolidate compiler generated dependencies of target draw_square[0m
[0.836s] [35m[1mConsolidate compiler generated dependencies of target turtle_teleop_key[0m
[0.837s] [35m[1mConsolidate compiler generated dependencies of target mimic[0m
[0.841s] [35m[1mConsolidate compiler generated dependencies of target turtlesim_node[0m
[0.863s] [ 71%] Built target turtlesim
[0.865s] [ 73%] Built target draw_square
[0.867s] [ 75%] Built target mimic
[0.867s] [ 77%] Built target turtle_teleop_key
[0.889s] [ 83%] Built target turtlesim_node
[0.891s] [ 84%] Built target turtlesim__py
[0.906s] [35m[1mConsolidate compiler generated dependencies of target turtlesim__rosidl_generator_py[0m
[0.944s] [ 93%] Built target turtlesim__rosidl_generator_py
[0.957s] [35m[1mConsolidate compiler generated dependencies of target turtlesim__rosidl_typesupport_fastrtps_c__pyext[0m
[0.957s] [35m[1mConsolidate compiler generated dependencies of target turtlesim__rosidl_typesupport_c__pyext[0m
[0.964s] [35m[1mConsolidate compiler generated dependencies of target turtlesim__rosidl_typesupport_introspection_c__pyext[0m
[0.976s] [ 95%] Built target turtlesim__rosidl_typesupport_c__pyext
[0.985s] [ 97%] Built target turtlesim__rosidl_typesupport_fastrtps_c__pyext
[0.987s] [100%] Built target turtlesim__rosidl_typesupport_introspection_c__pyext
[1.174s] running egg_info
[1.175s] writing turtlesim.egg-info/PKG-INFO
[1.175s] writing dependency_links to turtlesim.egg-info/dependency_links.txt
[1.176s] writing top-level names to turtlesim.egg-info/top_level.txt
[1.179s] reading manifest file 'turtlesim.egg-info/SOURCES.txt'
[1.181s] writing manifest file 'turtlesim.egg-info/SOURCES.txt'
[1.232s] [100%] Built target ament_cmake_python_build_turtlesim_egg
[1.249s] Invoked command in '/home/ubuntu/ros2_ws2/build/turtlesim' returned '0': CMAKE_PREFIX_PATH=${CMAKE_PREFIX_PATH}:/home/ubuntu/ros2_ws2/install/my_turtlebot:/home/ubuntu/ros2_ws2/install/my_package:/opt/ros/humble /usr/bin/cmake --build /home/ubuntu/ros2_ws2/build/turtlesim -- -j16 -l16
[1.265s] Invoking command in '/home/ubuntu/ros2_ws2/build/turtlesim': CMAKE_PREFIX_PATH=${CMAKE_PREFIX_PATH}:/home/ubuntu/ros2_ws2/install/my_turtlebot:/home/ubuntu/ros2_ws2/install/my_package:/opt/ros/humble /usr/bin/cmake --install /home/ubuntu/ros2_ws2/build/turtlesim
[1.273s] -- Install configuration: ""
[1.273s] -- Up-to-date: /home/ubuntu/ros2_ws2/install/turtlesim/share/ament_index/resource_index/rosidl_interfaces/turtlesim
[1.273s] -- Up-to-date: /home/ubuntu/ros2_ws2/install/turtlesim/include/turtlesim/turtlesim
[1.274s] -- Up-to-date: /home/ubuntu/ros2_ws2/install/turtlesim/include/turtlesim/turtlesim/action
[1.274s] -- Up-to-date: /home/ubuntu/ros2_ws2/install/turtlesim/include/turtlesim/turtlesim/action/detail
[1.274s] -- Up-to-date: /home/ubuntu/ros2_ws2/install/turtlesim/include/turtlesim/turtlesim/action/detail/rotate_absolute__functions.c
[1.274s] -- Up-to-date: /home/ubuntu/ros2_ws2/install/turtlesim/include/turtlesim/turtlesim/action/detail/rotate_absolute__functions.h
[1.274s] -- Up-to-date: /home/ubuntu/ros2_ws2/install/turtlesim/include/turtlesim/turtlesim/action/detail/rotate_absolute__type_support.h
[1.274s] -- Up-to-date: /home/ubuntu/ros2_ws2/install/turtlesim/include/turtlesim/turtlesim/action/detail/rotate_absolute__struct.h
[1.275s] -- Up-to-date: /home/ubuntu/ros2_ws2/install/turtlesim/include/turtlesim/turtlesim/action/rotate_absolute.h
[1.275s] -- Up-to-date: /home/ubuntu/ros2_ws2/install/turtlesim/include/turtlesim/turtlesim/msg
[1.275s] -- Up-to-date: /home/ubuntu/ros2_ws2/install/turtlesim/include/turtlesim/turtlesim/msg/detail
[1.275s] -- Up-to-date: /home/ubuntu/ros2_ws2/install/turtlesim/include/turtlesim/turtlesim/msg/detail/pose__type_support.h
[1.275s] -- Up-to-date: /home/ubuntu/ros2_ws2/install/turtlesim/include/turtlesim/turtlesim/msg/detail/color__type_support.h
[1.276s] -- Up-to-date: /home/ubuntu/ros2_ws2/install/turtlesim/include/turtlesim/turtlesim/msg/detail/pose__functions.h
[1.276s] -- Up-to-date: /home/ubuntu/ros2_ws2/install/turtlesim/include/turtlesim/turtlesim/msg/detail/color__functions.h
[1.276s] -- Up-to-date: /home/ubuntu/ros2_ws2/install/turtlesim/include/turtlesim/turtlesim/msg/detail/pose__functions.c
[1.276s] -- Up-to-date: /home/ubuntu/ros2_ws2/install/turtlesim/include/turtlesim/turtlesim/msg/detail/color__functions.c
[1.276s] -- Up-to-date: /home/ubuntu/ros2_ws2/install/turtlesim/include/turtlesim/turtlesim/msg/detail/color__struct.h
[1.276s] -- Up-to-date: /home/ubuntu/ros2_ws2/install/turtlesim/include/turtlesim/turtlesim/msg/detail/pose__struct.h
[1.277s] -- Up-to-date: /home/ubuntu/ros2_ws2/install/turtlesim/include/turtlesim/turtlesim/msg/color.h
[1.277s] -- Up-to-date: /home/ubuntu/ros2_ws2/install/turtlesim/include/turtlesim/turtlesim/msg/pose.h
[1.277s] -- Up-to-date: /home/ubuntu/ros2_ws2/install/turtlesim/include/turtlesim/turtlesim/msg/rosidl_generator_c__visibility_control.h
[1.277s] -- Up-to-date: /home/ubuntu/ros2_ws2/install/turtlesim/include/turtlesim/turtlesim/srv
[1.277s] -- Up-to-date: /home/ubuntu/ros2_ws2/install/turtlesim/include/turtlesim/turtlesim/srv/kill.h
[1.277s] -- Up-to-date: /home/ubuntu/ros2_ws2/install/turtlesim/include/turtlesim/turtlesim/srv/teleport_absolute.h
[1.278s] -- Up-to-date: /home/ubuntu/ros2_ws2/install/turtlesim/include/turtlesim/turtlesim/srv/detail
[1.278s] -- Up-to-date: /home/ubuntu/ros2_ws2/install/turtlesim/include/turtlesim/turtlesim/srv/detail/set_pen__type_support.h
[1.278s] -- Up-to-date: /home/ubuntu/ros2_ws2/install/turtlesim/include/turtlesim/turtlesim/srv/detail/teleport_absolute__struct.h
[1.278s] -- Up-to-date: /home/ubuntu/ros2_ws2/install/turtlesim/include/turtlesim/turtlesim/srv/detail/set_pen__functions.h
[1.278s] -- Up-to-date: /home/ubuntu/ros2_ws2/install/turtlesim/include/turtlesim/turtlesim/srv/detail/spawn__struct.h
[1.278s] -- Up-to-date: /home/ubuntu/ros2_ws2/install/turtlesim/include/turtlesim/turtlesim/srv/detail/set_pen__functions.c
[1.278s] -- Up-to-date: /home/ubuntu/ros2_ws2/install/turtlesim/include/turtlesim/turtlesim/srv/detail/teleport_absolute__type_support.h
[1.278s] -- Up-to-date: /home/ubuntu/ros2_ws2/install/turtlesim/include/turtlesim/turtlesim/srv/detail/teleport_relative__type_support.h
[1.278s] -- Up-to-date: /home/ubuntu/ros2_ws2/install/turtlesim/include/turtlesim/turtlesim/srv/detail/set_pen__struct.h
[1.279s] -- Up-to-date: /home/ubuntu/ros2_ws2/install/turtlesim/include/turtlesim/turtlesim/srv/detail/spawn__functions.h
[1.279s] -- Up-to-date: /home/ubuntu/ros2_ws2/install/turtlesim/include/turtlesim/turtlesim/srv/detail/kill__type_support.h
[1.279s] -- Up-to-date: /home/ubuntu/ros2_ws2/install/turtlesim/include/turtlesim/turtlesim/srv/detail/teleport_absolute__functions.c
[1.279s] -- Up-to-date: /home/ubuntu/ros2_ws2/install/turtlesim/include/turtlesim/turtlesim/srv/detail/kill__struct.h
[1.279s] -- Up-to-date: /home/ubuntu/ros2_ws2/install/turtlesim/include/turtlesim/turtlesim/srv/detail/teleport_relative__functions.c
[1.279s] -- Up-to-date: /home/ubuntu/ros2_ws2/install/turtlesim/include/turtlesim/turtlesim/srv/detail/teleport_absolute__functions.h
[1.279s] -- Up-to-date: /home/ubuntu/ros2_ws2/install/turtlesim/include/turtlesim/turtlesim/srv/detail/spawn__type_support.h
[1.279s] -- Up-to-date: /home/ubuntu/ros2_ws2/install/turtlesim/include/turtlesim/turtlesim/srv/detail/teleport_relative__functions.h
[1.279s] -- Up-to-date: /home/ubuntu/ros2_ws2/install/turtlesim/include/turtlesim/turtlesim/srv/detail/kill__functions.c
[1.279s] -- Up-to-date: /home/ubuntu/ros2_ws2/install/turtlesim/include/turtlesim/turtlesim/srv/detail/teleport_relative__struct.h
[1.280s] -- Up-to-date: /home/ubuntu/ros2_ws2/install/turtlesim/include/turtlesim/turtlesim/srv/detail/spawn__functions.c
[1.280s] -- Up-to-date: /home/ubuntu/ros2_ws2/install/turtlesim/include/turtlesim/turtlesim/srv/detail/kill__functions.h
[1.280s] -- Up-to-date: /home/ubuntu/ros2_ws2/install/turtlesim/include/turtlesim/turtlesim/srv/teleport_relative.h
[1.280s] -- Up-to-date: /home/ubuntu/ros2_ws2/install/turtlesim/include/turtlesim/turtlesim/srv/set_pen.h
[1.280s] -- Up-to-date: /home/ubuntu/ros2_ws2/install/turtlesim/include/turtlesim/turtlesim/srv/spawn.h
[1.281s] -- Up-to-date: /home/ubuntu/ros2_ws2/install/turtlesim/share/turtlesim/environment/library_path.sh
[1.281s] -- Up-to-date: /home/ubuntu/ros2_ws2/install/turtlesim/share/turtlesim/environment/library_path.dsv
[1.281s] -- Up-to-date: /home/ubuntu/ros2_ws2/install/turtlesim/lib/libturtlesim__rosidl_generator_c.so
[1.281s] -- Up-to-date: /home/ubuntu/ros2_ws2/install/turtlesim/include/turtlesim/turtlesim
[1.281s] -- Up-to-date: /home/ubuntu/ros2_ws2/install/turtlesim/include/turtlesim/turtlesim/action
[1.281s] -- Up-to-date: /home/ubuntu/ros2_ws2/install/turtlesim/include/turtlesim/turtlesim/action/detail
[1.281s] -- Up-to-date: /home/ubuntu/ros2_ws2/install/turtlesim/include/turtlesim/turtlesim/action/detail/rotate_absolute__rosidl_typesupport_fastrtps_c.h
[1.281s] -- Up-to-date: /home/ubuntu/ros2_ws2/install/turtlesim/include/turtlesim/turtlesim/msg
[1.281s] -- Up-to-date: /home/ubuntu/ros2_ws2/install/turtlesim/include/turtlesim/turtlesim/msg/rosidl_typesupport_fastrtps_c__visibility_control.h
[1.281s] -- Up-to-date: /home/ubuntu/ros2_ws2/install/turtlesim/include/turtlesim/turtlesim/msg/detail
[1.281s] -- Up-to-date: /home/ubuntu/ros2_ws2/install/turtlesim/include/turtlesim/turtlesim/msg/detail/pose__rosidl_typesupport_fastrtps_c.h
[1.281s] -- Up-to-date: /home/ubuntu/ros2_ws2/install/turtlesim/include/turtlesim/turtlesim/msg/detail/color__rosidl_typesupport_fastrtps_c.h
[1.281s] -- Up-to-date: /home/ubuntu/ros2_ws2/install/turtlesim/include/turtlesim/turtlesim/srv
[1.281s] -- Up-to-date: /home/ubuntu/ros2_ws2/install/turtlesim/include/turtlesim/turtlesim/srv/detail
[1.281s] -- Up-to-date: /home/ubuntu/ros2_ws2/install/turtlesim/include/turtlesim/turtlesim/srv/detail/kill__rosidl_typesupport_fastrtps_c.h
[1.282s] -- Up-to-date: /home/ubuntu/ros2_ws2/install/turtlesim/include/turtlesim/turtlesim/srv/detail/teleport_absolute__rosidl_typesupport_fastrtps_c.h
[1.282s] -- Up-to-date: /home/ubuntu/ros2_ws2/install/turtlesim/include/turtlesim/turtlesim/srv/detail/teleport_relative__rosidl_typesupport_fastrtps_c.h
[1.282s] -- Up-to-date: /home/ubuntu/ros2_ws2/install/turtlesim/include/turtlesim/turtlesim/srv/detail/spawn__rosidl_typesupport_fastrtps_c.h
[1.282s] -- Up-to-date: /home/ubuntu/ros2_ws2/install/turtlesim/include/turtlesim/turtlesim/srv/detail/set_pen__rosidl_typesupport_fastrtps_c.h
[1.282s] -- Up-to-date: /home/ubuntu/ros2_ws2/install/turtlesim/lib/libturtlesim__rosidl_typesupport_fastrtps_c.so
[1.283s] -- Up-to-date: /home/ubuntu/ros2_ws2/install/turtlesim/include/turtlesim/turtlesim
[1.283s] -- Up-to-date: /home/ubuntu/ros2_ws2/install/turtlesim/include/turtlesim/turtlesim/action
[1.283s] -- Up-to-date: /home/ubuntu/ros2_ws2/install/turtlesim/include/turtlesim/turtlesim/action/detail
[1.283s] -- Up-to-date: /home/ubuntu/ros2_ws2/install/turtlesim/include/turtlesim/turtlesim/action/detail/rotate_absolute__type_support.hpp
[1.283s] -- Up-to-date: /home/ubuntu/ros2_ws2/install/turtlesim/include/turtlesim/turtlesim/action/detail/rotate_absolute__builder.hpp
[1.283s] -- Up-to-date: /home/ubuntu/ros2_ws2/install/turtlesim/include/turtlesim/turtlesim/action/detail/rotate_absolute__traits.hpp
[1.284s] -- Up-to-date: /home/ubuntu/ros2_ws2/install/turtlesim/include/turtlesim/turtlesim/action/detail/rotate_absolute__struct.hpp
[1.284s] -- Up-to-date: /home/ubuntu/ros2_ws2/install/turtlesim/include/turtlesim/turtlesim/action/rotate_absolute.hpp
[1.284s] -- Up-to-date: /home/ubuntu/ros2_ws2/install/turtlesim/include/turtlesim/turtlesim/msg
[1.284s] -- Up-to-date: /home/ubuntu/ros2_ws2/install/turtlesim/include/turtlesim/turtlesim/msg/detail
[1.284s] -- Up-to-date: /home/ubuntu/ros2_ws2/install/turtlesim/include/turtlesim/turtlesim/msg/detail/color__type_support.hpp
[1.285s] -- Up-to-date: /home/ubuntu/ros2_ws2/install/turtlesim/include/turtlesim/turtlesim/msg/detail/color__struct.hpp
[1.285s] -- Up-to-date: /home/ubuntu/ros2_ws2/install/turtlesim/include/turtlesim/turtlesim/msg/detail/color__traits.hpp
[1.285s] -- Up-to-date: /home/ubuntu/ros2_ws2/install/turtlesim/include/turtlesim/turtlesim/msg/detail/color__builder.hpp
[1.285s] -- Up-to-date: /home/ubuntu/ros2_ws2/install/turtlesim/include/turtlesim/turtlesim/msg/detail/pose__struct.hpp
[1.285s] -- Up-to-date: /home/ubuntu/ros2_ws2/install/turtlesim/include/turtlesim/turtlesim/msg/detail/pose__builder.hpp
[1.286s] -- Up-to-date: /home/ubuntu/ros2_ws2/install/turtlesim/include/turtlesim/turtlesim/msg/detail/pose__traits.hpp
[1.286s] -- Up-to-date: /home/ubuntu/ros2_ws2/install/turtlesim/include/turtlesim/turtlesim/msg/detail/pose__type_support.hpp
[1.286s] -- Up-to-date: /home/ubuntu/ros2_ws2/install/turtlesim/include/turtlesim/turtlesim/msg/rosidl_generator_cpp__visibility_control.hpp
[1.286s] -- Up-to-date: /home/ubuntu/ros2_ws2/install/turtlesim/include/turtlesim/turtlesim/msg/pose.hpp
[1.287s] -- Up-to-date: /home/ubuntu/ros2_ws2/install/turtlesim/include/turtlesim/turtlesim/msg/color.hpp
[1.287s] -- Up-to-date: /home/ubuntu/ros2_ws2/install/turtlesim/include/turtlesim/turtlesim/srv
[1.287s] -- Up-to-date: /home/ubuntu/ros2_ws2/install/turtlesim/include/turtlesim/turtlesim/srv/detail
[1.287s] -- Up-to-date: /home/ubuntu/ros2_ws2/install/turtlesim/include/turtlesim/turtlesim/srv/detail/spawn__traits.hpp
[1.287s] -- Up-to-date: /home/ubuntu/ros2_ws2/install/turtlesim/include/turtlesim/turtlesim/srv/detail/spawn__struct.hpp
[1.287s] -- Up-to-date: /home/ubuntu/ros2_ws2/install/turtlesim/include/turtlesim/turtlesim/srv/detail/set_pen__builder.hpp
[1.287s] -- Up-to-date: /home/ubuntu/ros2_ws2/install/turtlesim/include/turtlesim/turtlesim/srv/detail/teleport_absolute__builder.hpp
[1.287s] -- Up-to-date: /home/ubuntu/ros2_ws2/install/turtlesim/include/turtlesim/turtlesim/srv/detail/teleport_relative__traits.hpp
[1.287s] -- Up-to-date: /home/ubuntu/ros2_ws2/install/turtlesim/include/turtlesim/turtlesim/srv/detail/kill__type_support.hpp
[1.287s] -- Up-to-date: /home/ubuntu/ros2_ws2/install/turtlesim/include/turtlesim/turtlesim/srv/detail/teleport_relative__struct.hpp
[1.288s] -- Up-to-date: /home/ubuntu/ros2_ws2/install/turtlesim/include/turtlesim/turtlesim/srv/detail/set_pen__struct.hpp
[1.288s] -- Up-to-date: /home/ubuntu/ros2_ws2/install/turtlesim/include/turtlesim/turtlesim/srv/detail/kill__traits.hpp
[1.288s] -- Up-to-date: /home/ubuntu/ros2_ws2/install/turtlesim/include/turtlesim/turtlesim/srv/detail/kill__struct.hpp
[1.288s] -- Up-to-date: /home/ubuntu/ros2_ws2/install/turtlesim/include/turtlesim/turtlesim/srv/detail/kill__builder.hpp
[1.289s] -- Up-to-date: /home/ubuntu/ros2_ws2/install/turtlesim/include/turtlesim/turtlesim/srv/detail/teleport_absolute__type_support.hpp
[1.289s] -- Up-to-date: /home/ubuntu/ros2_ws2/install/turtlesim/include/turtlesim/turtlesim/srv/detail/teleport_relative__type_support.hpp
[1.289s] -- Up-to-date: /home/ubuntu/ros2_ws2/install/turtlesim/include/turtlesim/turtlesim/srv/detail/set_pen__type_support.hpp
[1.289s] -- Up-to-date: /home/ubuntu/ros2_ws2/install/turtlesim/include/turtlesim/turtlesim/srv/detail/set_pen__traits.hpp
[1.290s] -- Up-to-date: /home/ubuntu/ros2_ws2/install/turtlesim/include/turtlesim/turtlesim/srv/detail/spawn__builder.hpp
[1.290s] -- Up-to-date: /home/ubuntu/ros2_ws2/install/turtlesim/include/turtlesim/turtlesim/srv/detail/teleport_absolute__traits.hpp
[1.290s] -- Up-to-date: /home/ubuntu/ros2_ws2/install/turtlesim/include/turtlesim/turtlesim/srv/detail/teleport_relative__builder.hpp
[1.290s] -- Up-to-date: /home/ubuntu/ros2_ws2/install/turtlesim/include/turtlesim/turtlesim/srv/detail/teleport_absolute__struct.hpp
[1.290s] -- Up-to-date: /home/ubuntu/ros2_ws2/install/turtlesim/include/turtlesim/turtlesim/srv/detail/spawn__type_support.hpp
[1.290s] -- Up-to-date: /home/ubuntu/ros2_ws2/install/turtlesim/include/turtlesim/turtlesim/srv/teleport_relative.hpp
[1.290s] -- Up-to-date: /home/ubuntu/ros2_ws2/install/turtlesim/include/turtlesim/turtlesim/srv/teleport_absolute.hpp
[1.290s] -- Up-to-date: /home/ubuntu/ros2_ws2/install/turtlesim/include/turtlesim/turtlesim/srv/spawn.hpp
[1.290s] -- Up-to-date: /home/ubuntu/ros2_ws2/install/turtlesim/include/turtlesim/turtlesim/srv/set_pen.hpp
[1.290s] -- Up-to-date: /home/ubuntu/ros2_ws2/install/turtlesim/include/turtlesim/turtlesim/srv/kill.hpp
[1.290s] -- Up-to-date: /home/ubuntu/ros2_ws2/install/turtlesim/include/turtlesim/turtlesim
[1.291s] -- Up-to-date: /home/ubuntu/ros2_ws2/install/turtlesim/include/turtlesim/turtlesim/action
[1.291s] -- Up-to-date: /home/ubuntu/ros2_ws2/install/turtlesim/include/turtlesim/turtlesim/action/detail
[1.291s] -- Up-to-date: /home/ubuntu/ros2_ws2/install/turtlesim/include/turtlesim/turtlesim/action/detail/rotate_absolute__rosidl_typesupport_fastrtps_cpp.hpp
[1.291s] -- Up-to-date: /home/ubuntu/ros2_ws2/install/turtlesim/include/turtlesim/turtlesim/action/detail/dds_fastrtps
[1.291s] -- Up-to-date: /home/ubuntu/ros2_ws2/install/turtlesim/include/turtlesim/turtlesim/msg
[1.291s] -- Up-to-date: /home/ubuntu/ros2_ws2/install/turtlesim/include/turtlesim/turtlesim/msg/detail
[1.291s] -- Up-to-date: /home/ubuntu/ros2_ws2/install/turtlesim/include/turtlesim/turtlesim/msg/detail/dds_fastrtps
[1.291s] -- Up-to-date: /home/ubuntu/ros2_ws2/install/turtlesim/include/turtlesim/turtlesim/msg/detail/pose__rosidl_typesupport_fastrtps_cpp.hpp
[1.291s] -- Up-to-date: /home/ubuntu/ros2_ws2/install/turtlesim/include/turtlesim/turtlesim/msg/detail/color__rosidl_typesupport_fastrtps_cpp.hpp
[1.291s] -- Up-to-date: /home/ubuntu/ros2_ws2/install/turtlesim/include/turtlesim/turtlesim/msg/rosidl_typesupport_fastrtps_cpp__visibility_control.h
[1.291s] -- Up-to-date: /home/ubuntu/ros2_ws2/install/turtlesim/include/turtlesim/turtlesim/srv
[1.291s] -- Up-to-date: /home/ubuntu/ros2_ws2/install/turtlesim/include/turtlesim/turtlesim/srv/detail
[1.292s] -- Up-to-date: /home/ubuntu/ros2_ws2/install/turtlesim/include/turtlesim/turtlesim/srv/detail/kill__rosidl_typesupport_fastrtps_cpp.hpp
[1.292s] -- Up-to-date: /home/ubuntu/ros2_ws2/install/turtlesim/include/turtlesim/turtlesim/srv/detail/dds_fastrtps
[1.292s] -- Up-to-date: /home/ubuntu/ros2_ws2/install/turtlesim/include/turtlesim/turtlesim/srv/detail/teleport_absolute__rosidl_typesupport_fastrtps_cpp.hpp
[1.292s] -- Up-to-date: /home/ubuntu/ros2_ws2/install/turtlesim/include/turtlesim/turtlesim/srv/detail/set_pen__rosidl_typesupport_fastrtps_cpp.hpp
[1.292s] -- Up-to-date: /home/ubuntu/ros2_ws2/install/turtlesim/include/turtlesim/turtlesim/srv/detail/teleport_relative__rosidl_typesupport_fastrtps_cpp.hpp
[1.292s] -- Up-to-date: /home/ubuntu/ros2_ws2/install/turtlesim/include/turtlesim/turtlesim/srv/detail/spawn__rosidl_typesupport_fastrtps_cpp.hpp
[1.292s] -- Up-to-date: /home/ubuntu/ros2_ws2/install/turtlesim/lib/libturtlesim__rosidl_typesupport_fastrtps_cpp.so
[1.292s] -- Up-to-date: /home/ubuntu/ros2_ws2/install/turtlesim/include/turtlesim/turtlesim
[1.292s] -- Up-to-date: /home/ubuntu/ros2_ws2/install/turtlesim/include/turtlesim/turtlesim/action
[1.292s] -- Up-to-date: /home/ubuntu/ros2_ws2/install/turtlesim/include/turtlesim/turtlesim/action/detail
[1.292s] -- Up-to-date: /home/ubuntu/ros2_ws2/install/turtlesim/include/turtlesim/turtlesim/action/detail/rotate_absolute__type_support.c
[1.292s] -- Up-to-date: /home/ubuntu/ros2_ws2/install/turtlesim/include/turtlesim/turtlesim/action/detail/rotate_absolute__rosidl_typesupport_introspection_c.h
[1.292s] -- Up-to-date: /home/ubuntu/ros2_ws2/install/turtlesim/include/turtlesim/turtlesim/msg
[1.292s] -- Up-to-date: /home/ubuntu/ros2_ws2/install/turtlesim/include/turtlesim/turtlesim/msg/detail
[1.292s] -- Up-to-date: /home/ubuntu/ros2_ws2/install/turtlesim/include/turtlesim/turtlesim/msg/detail/color__type_support.c
[1.292s] -- Up-to-date: /home/ubuntu/ros2_ws2/install/turtlesim/include/turtlesim/turtlesim/msg/detail/color__rosidl_typesupport_introspection_c.h
[1.293s] -- Up-to-date: /home/ubuntu/ros2_ws2/install/turtlesim/include/turtlesim/turtlesim/msg/detail/pose__rosidl_typesupport_introspection_c.h
[1.293s] -- Up-to-date: /home/ubuntu/ros2_ws2/install/turtlesim/include/turtlesim/turtlesim/msg/detail/pose__type_support.c
[1.293s] -- Up-to-date: /home/ubuntu/ros2_ws2/install/turtlesim/include/turtlesim/turtlesim/msg/rosidl_typesupport_introspection_c__visibility_control.h
[1.293s] -- Up-to-date: /home/ubuntu/ros2_ws2/install/turtlesim/include/turtlesim/turtlesim/srv
[1.293s] -- Up-to-date: /home/ubuntu/ros2_ws2/install/turtlesim/include/turtlesim/turtlesim/srv/detail
[1.293s] -- Up-to-date: /home/ubuntu/ros2_ws2/install/turtlesim/include/turtlesim/turtlesim/srv/detail/spawn__type_support.c
[1.293s] -- Up-to-date: /home/ubuntu/ros2_ws2/install/turtlesim/include/turtlesim/turtlesim/srv/detail/teleport_absolute__rosidl_typesupport_introspection_c.h
[1.293s] -- Up-to-date: /home/ubuntu/ros2_ws2/install/turtlesim/include/turtlesim/turtlesim/srv/detail/set_pen__type_support.c
[1.293s] -- Up-to-date: /home/ubuntu/ros2_ws2/install/turtlesim/include/turtlesim/turtlesim/srv/detail/kill__type_support.c
[1.293s] -- Up-to-date: /home/ubuntu/ros2_ws2/install/turtlesim/include/turtlesim/turtlesim/srv/detail/set_pen__rosidl_typesupport_introspection_c.h
[1.293s] -- Up-to-date: /home/ubuntu/ros2_ws2/install/turtlesim/include/turtlesim/turtlesim/srv/detail/kill__rosidl_typesupport_introspection_c.h
[1.293s] -- Up-to-date: /home/ubuntu/ros2_ws2/install/turtlesim/include/turtlesim/turtlesim/srv/detail/teleport_absolute__type_support.c
[1.293s] -- Up-to-date: /home/ubuntu/ros2_ws2/install/turtlesim/include/turtlesim/turtlesim/srv/detail/spawn__rosidl_typesupport_introspection_c.h
[1.293s] -- Up-to-date: /home/ubuntu/ros2_ws2/install/turtlesim/include/turtlesim/turtlesim/srv/detail/teleport_relative__type_support.c
[1.293s] -- Up-to-date: /home/ubuntu/ros2_ws2/install/turtlesim/include/turtlesim/turtlesim/srv/detail/teleport_relative__rosidl_typesupport_introspection_c.h
[1.294s] -- Up-to-date: /home/ubuntu/ros2_ws2/install/turtlesim/lib/libturtlesim__rosidl_typesupport_introspection_c.so
[1.294s] -- Up-to-date: /home/ubuntu/ros2_ws2/install/turtlesim/lib/libturtlesim__rosidl_typesupport_c.so
[1.294s] -- Up-to-date: /home/ubuntu/ros2_ws2/install/turtlesim/include/turtlesim/turtlesim
[1.294s] -- Up-to-date: /home/ubuntu/ros2_ws2/install/turtlesim/include/turtlesim/turtlesim/action
[1.294s] -- Up-to-date: /home/ubuntu/ros2_ws2/install/turtlesim/include/turtlesim/turtlesim/action/detail
[1.294s] -- Up-to-date: /home/ubuntu/ros2_ws2/install/turtlesim/include/turtlesim/turtlesim/action/detail/rotate_absolute__rosidl_typesupport_introspection_cpp.hpp
[1.294s] -- Up-to-date: /home/ubuntu/ros2_ws2/install/turtlesim/include/turtlesim/turtlesim/action/detail/rotate_absolute__type_support.cpp
[1.294s] -- Up-to-date: /home/ubuntu/ros2_ws2/install/turtlesim/include/turtlesim/turtlesim/msg
[1.294s] -- Up-to-date: /home/ubuntu/ros2_ws2/install/turtlesim/include/turtlesim/turtlesim/msg/detail
[1.294s] -- Up-to-date: /home/ubuntu/ros2_ws2/install/turtlesim/include/turtlesim/turtlesim/msg/detail/pose__rosidl_typesupport_introspection_cpp.hpp
[1.294s] -- Up-to-date: /home/ubuntu/ros2_ws2/install/turtlesim/include/turtlesim/turtlesim/msg/detail/color__type_support.cpp
[1.294s] -- Up-to-date: /home/ubuntu/ros2_ws2/install/turtlesim/include/turtlesim/turtlesim/msg/detail/color__rosidl_typesupport_introspection_cpp.hpp
[1.294s] -- Up-to-date: /home/ubuntu/ros2_ws2/install/turtlesim/include/turtlesim/turtlesim/msg/detail/pose__type_support.cpp
[1.294s] -- Up-to-date: /home/ubuntu/ros2_ws2/install/turtlesim/include/turtlesim/turtlesim/srv
[1.294s] -- Up-to-date: /home/ubuntu/ros2_ws2/install/turtlesim/include/turtlesim/turtlesim/srv/detail
[1.294s] -- Up-to-date: /home/ubuntu/ros2_ws2/install/turtlesim/include/turtlesim/turtlesim/srv/detail/spawn__rosidl_typesupport_introspection_cpp.hpp
[1.295s] -- Up-to-date: /home/ubuntu/ros2_ws2/install/turtlesim/include/turtlesim/turtlesim/srv/detail/kill__type_support.cpp
[1.295s] -- Up-to-date: /home/ubuntu/ros2_ws2/install/turtlesim/include/turtlesim/turtlesim/srv/detail/teleport_relative__rosidl_typesupport_introspection_cpp.hpp
[1.295s] -- Up-to-date: /home/ubuntu/ros2_ws2/install/turtlesim/include/turtlesim/turtlesim/srv/detail/set_pen__rosidl_typesupport_introspection_cpp.hpp
[1.295s] -- Up-to-date: /home/ubuntu/ros2_ws2/install/turtlesim/include/turtlesim/turtlesim/srv/detail/kill__rosidl_typesupport_introspection_cpp.hpp
[1.295s] -- Up-to-date: /home/ubuntu/ros2_ws2/install/turtlesim/include/turtlesim/turtlesim/srv/detail/set_pen__type_support.cpp
[1.295s] -- Up-to-date: /home/ubuntu/ros2_ws2/install/turtlesim/include/turtlesim/turtlesim/srv/detail/teleport_absolute__rosidl_typesupport_introspection_cpp.hpp
[1.295s] -- Up-to-date: /home/ubuntu/ros2_ws2/install/turtlesim/include/turtlesim/turtlesim/srv/detail/teleport_relative__type_support.cpp
[1.295s] -- Up-to-date: /home/ubuntu/ros2_ws2/install/turtlesim/include/turtlesim/turtlesim/srv/detail/teleport_absolute__type_support.cpp
[1.295s] -- Up-to-date: /home/ubuntu/ros2_ws2/install/turtlesim/include/turtlesim/turtlesim/srv/detail/spawn__type_support.cpp
[1.295s] -- Up-to-date: /home/ubuntu/ros2_ws2/install/turtlesim/lib/libturtlesim__rosidl_typesupport_introspection_cpp.so
[1.295s] -- Up-to-date: /home/ubuntu/ros2_ws2/install/turtlesim/lib/libturtlesim__rosidl_typesupport_cpp.so
[1.295s] -- Up-to-date: /home/ubuntu/ros2_ws2/install/turtlesim/share/turtlesim/environment/pythonpath.sh
[1.295s] -- Up-to-date: /home/ubuntu/ros2_ws2/install/turtlesim/share/turtlesim/environment/pythonpath.dsv
[1.295s] -- Up-to-date: /home/ubuntu/ros2_ws2/install/turtlesim/local/lib/python3.10/dist-packages/turtlesim-1.4.2-py3.10.egg-info
[1.295s] -- Installing: /home/ubuntu/ros2_ws2/install/turtlesim/local/lib/python3.10/dist-packages/turtlesim-1.4.2-py3.10.egg-info/top_level.txt
[1.296s] -- Installing: /home/ubuntu/ros2_ws2/install/turtlesim/local/lib/python3.10/dist-packages/turtlesim-1.4.2-py3.10.egg-info/SOURCES.txt
[1.296s] -- Installing: /home/ubuntu/ros2_ws2/install/turtlesim/local/lib/python3.10/dist-packages/turtlesim-1.4.2-py3.10.egg-info/PKG-INFO
[1.296s] -- Installing: /home/ubuntu/ros2_ws2/install/turtlesim/local/lib/python3.10/dist-packages/turtlesim-1.4.2-py3.10.egg-info/dependency_links.txt
[1.296s] -- Up-to-date: /home/ubuntu/ros2_ws2/install/turtlesim/local/lib/python3.10/dist-packages/turtlesim
[1.296s] -- Up-to-date: /home/ubuntu/ros2_ws2/install/turtlesim/local/lib/python3.10/dist-packages/turtlesim/turtlesim_s__rosidl_typesupport_c.cpython-310-x86_64-linux-gnu.so
[1.296s] -- Up-to-date: /home/ubuntu/ros2_ws2/install/turtlesim/local/lib/python3.10/dist-packages/turtlesim/__init__.py
[1.296s] -- Up-to-date: /home/ubuntu/ros2_ws2/install/turtlesim/local/lib/python3.10/dist-packages/turtlesim/action
[1.296s] -- Up-to-date: /home/ubuntu/ros2_ws2/install/turtlesim/local/lib/python3.10/dist-packages/turtlesim/action/__init__.py
[1.296s] -- Up-to-date: /home/ubuntu/ros2_ws2/install/turtlesim/local/lib/python3.10/dist-packages/turtlesim/action/_rotate_absolute_s.c
[1.296s] -- Up-to-date: /home/ubuntu/ros2_ws2/install/turtlesim/local/lib/python3.10/dist-packages/turtlesim/action/_rotate_absolute.py
[1.296s] -- Up-to-date: /home/ubuntu/ros2_ws2/install/turtlesim/local/lib/python3.10/dist-packages/turtlesim/_turtlesim_s.ep.rosidl_typesupport_fastrtps_c.c
[1.296s] -- Up-to-date: /home/ubuntu/ros2_ws2/install/turtlesim/local/lib/python3.10/dist-packages/turtlesim/libturtlesim__rosidl_generator_py.so
[1.296s] -- Up-to-date: /home/ubuntu/ros2_ws2/install/turtlesim/local/lib/python3.10/dist-packages/turtlesim/turtlesim_s__rosidl_typesupport_fastrtps_c.cpython-310-x86_64-linux-gnu.so
[1.296s] -- Up-to-date: /home/ubuntu/ros2_ws2/install/turtlesim/local/lib/python3.10/dist-packages/turtlesim/msg
[1.296s] -- Up-to-date: /home/ubuntu/ros2_ws2/install/turtlesim/local/lib/python3.10/dist-packages/turtlesim/msg/_color_s.c
[1.297s] -- Up-to-date: /home/ubuntu/ros2_ws2/install/turtlesim/local/lib/python3.10/dist-packages/turtlesim/msg/__init__.py
[1.297s] -- Up-to-date: /home/ubuntu/ros2_ws2/install/turtlesim/local/lib/python3.10/dist-packages/turtlesim/msg/_pose_s.c
[1.297s] -- Up-to-date: /home/ubuntu/ros2_ws2/install/turtlesim/local/lib/python3.10/dist-packages/turtlesim/msg/_pose.py
[1.297s] -- Up-to-date: /home/ubuntu/ros2_ws2/install/turtlesim/local/lib/python3.10/dist-packages/turtlesim/msg/_color.py
[1.297s] -- Up-to-date: /home/ubuntu/ros2_ws2/install/turtlesim/local/lib/python3.10/dist-packages/turtlesim/_turtlesim_s.ep.rosidl_typesupport_c.c
[1.297s] -- Up-to-date: /home/ubuntu/ros2_ws2/install/turtlesim/local/lib/python3.10/dist-packages/turtlesim/turtlesim_s__rosidl_typesupport_introspection_c.cpython-310-x86_64-linux-gnu.so
[1.297s] -- Up-to-date: /home/ubuntu/ros2_ws2/install/turtlesim/local/lib/python3.10/dist-packages/turtlesim/_turtlesim_s.ep.rosidl_typesupport_introspection_c.c
[1.297s] -- Up-to-date: /home/ubuntu/ros2_ws2/install/turtlesim/local/lib/python3.10/dist-packages/turtlesim/srv
[1.297s] -- Up-to-date: /home/ubuntu/ros2_ws2/install/turtlesim/local/lib/python3.10/dist-packages/turtlesim/srv/_spawn.py
[1.297s] -- Up-to-date: /home/ubuntu/ros2_ws2/install/turtlesim/local/lib/python3.10/dist-packages/turtlesim/srv/_set_pen_s.c
[1.297s] -- Up-to-date: /home/ubuntu/ros2_ws2/install/turtlesim/local/lib/python3.10/dist-packages/turtlesim/srv/_spawn_s.c
[1.297s] -- Up-to-date: /home/ubuntu/ros2_ws2/install/turtlesim/local/lib/python3.10/dist-packages/turtlesim/srv/_teleport_absolute_s.c
[1.297s] -- Up-to-date: /home/ubuntu/ros2_ws2/install/turtlesim/local/lib/python3.10/dist-packages/turtlesim/srv/_set_pen.py
[1.297s] -- Up-to-date: /home/ubuntu/ros2_ws2/install/turtlesim/local/lib/python3.10/dist-packages/turtlesim/srv/__init__.py
[1.297s] -- Up-to-date: /home/ubuntu/ros2_ws2/install/turtlesim/local/lib/python3.10/dist-packages/turtlesim/srv/_teleport_relative_s.c
[1.297s] -- Up-to-date: /home/ubuntu/ros2_ws2/install/turtlesim/local/lib/python3.10/dist-packages/turtlesim/srv/_teleport_absolute.py
[1.297s] -- Up-to-date: /home/ubuntu/ros2_ws2/install/turtlesim/local/lib/python3.10/dist-packages/turtlesim/srv/_teleport_relative.py
[1.298s] -- Up-to-date: /home/ubuntu/ros2_ws2/install/turtlesim/local/lib/python3.10/dist-packages/turtlesim/srv/_kill.py
[1.298s] -- Up-to-date: /home/ubuntu/ros2_ws2/install/turtlesim/local/lib/python3.10/dist-packages/turtlesim/srv/_kill_s.c
[1.331s] Listing '/home/ubuntu/ros2_ws2/install/turtlesim/local/lib/python3.10/dist-packages/turtlesim'...
[1.331s] Listing '/home/ubuntu/ros2_ws2/install/turtlesim/local/lib/python3.10/dist-packages/turtlesim/action'...
[1.331s] Listing '/home/ubuntu/ros2_ws2/install/turtlesim/local/lib/python3.10/dist-packages/turtlesim/msg'...
[1.332s] Listing '/home/ubuntu/ros2_ws2/install/turtlesim/local/lib/python3.10/dist-packages/turtlesim/srv'...
[1.338s] -- Up-to-date: /home/ubuntu/ros2_ws2/install/turtlesim/local/lib/python3.10/dist-packages/turtlesim/turtlesim_s__rosidl_typesupport_fastrtps_c.cpython-310-x86_64-linux-gnu.so
[1.339s] -- Up-to-date: /home/ubuntu/ros2_ws2/install/turtlesim/local/lib/python3.10/dist-packages/turtlesim/turtlesim_s__rosidl_typesupport_introspection_c.cpython-310-x86_64-linux-gnu.so
[1.339s] -- Up-to-date: /home/ubuntu/ros2_ws2/install/turtlesim/local/lib/python3.10/dist-packages/turtlesim/turtlesim_s__rosidl_typesupport_c.cpython-310-x86_64-linux-gnu.so
[1.339s] -- Up-to-date: /home/ubuntu/ros2_ws2/install/turtlesim/lib/libturtlesim__rosidl_generator_py.so
[1.340s] -- Up-to-date: /home/ubuntu/ros2_ws2/install/turtlesim/share/turtlesim/action/RotateAbsolute.idl
[1.340s] -- Up-to-date: /home/ubuntu/ros2_ws2/install/turtlesim/share/turtlesim/msg/Color.idl
[1.340s] -- Up-to-date: /home/ubuntu/ros2_ws2/install/turtlesim/share/turtlesim/msg/Pose.idl
[1.341s] -- Up-to-date: /home/ubuntu/ros2_ws2/install/turtlesim/share/turtlesim/srv/Kill.idl
[1.341s] -- Up-to-date: /home/ubuntu/ros2_ws2/install/turtlesim/share/turtlesim/srv/SetPen.idl
[1.341s] -- Up-to-date: /home/ubuntu/ros2_ws2/install/turtlesim/share/turtlesim/srv/Spawn.idl
[1.341s] -- Up-to-date: /home/ubuntu/ros2_ws2/install/turtlesim/share/turtlesim/srv/TeleportAbsolute.idl
[1.342s] -- Up-to-date: /home/ubuntu/ros2_ws2/install/turtlesim/share/turtlesim/srv/TeleportRelative.idl
[1.342s] -- Up-to-date: /home/ubuntu/ros2_ws2/install/turtlesim/share/turtlesim/action/RotateAbsolute.action
[1.342s] -- Up-to-date: /home/ubuntu/ros2_ws2/install/turtlesim/share/turtlesim/msg/Color.msg
[1.342s] -- Up-to-date: /home/ubuntu/ros2_ws2/install/turtlesim/share/turtlesim/msg/Pose.msg
[1.342s] -- Up-to-date: /home/ubuntu/ros2_ws2/install/turtlesim/share/turtlesim/srv/Kill.srv
[1.342s] -- Up-to-date: /home/ubuntu/ros2_ws2/install/turtlesim/share/turtlesim/srv/Kill_Request.msg
[1.342s] -- Up-to-date: /home/ubuntu/ros2_ws2/install/turtlesim/share/turtlesim/srv/Kill_Response.msg
[1.342s] -- Up-to-date: /home/ubuntu/ros2_ws2/install/turtlesim/share/turtlesim/srv/SetPen.srv
[1.343s] -- Up-to-date: /home/ubuntu/ros2_ws2/install/turtlesim/share/turtlesim/srv/SetPen_Request.msg
[1.343s] -- Up-to-date: /home/ubuntu/ros2_ws2/install/turtlesim/share/turtlesim/srv/SetPen_Response.msg
[1.343s] -- Up-to-date: /home/ubuntu/ros2_ws2/install/turtlesim/share/turtlesim/srv/Spawn.srv
[1.343s] -- Up-to-date: /home/ubuntu/ros2_ws2/install/turtlesim/share/turtlesim/srv/Spawn_Request.msg
[1.343s] -- Up-to-date: /home/ubuntu/ros2_ws2/install/turtlesim/share/turtlesim/srv/Spawn_Response.msg
[1.344s] -- Up-to-date: /home/ubuntu/ros2_ws2/install/turtlesim/share/turtlesim/srv/TeleportAbsolute.srv
[1.344s] -- Up-to-date: /home/ubuntu/ros2_ws2/install/turtlesim/share/turtlesim/srv/TeleportAbsolute_Request.msg
[1.344s] -- Up-to-date: /home/ubuntu/ros2_ws2/install/turtlesim/share/turtlesim/srv/TeleportAbsolute_Response.msg
[1.344s] -- Up-to-date: /home/ubuntu/ros2_ws2/install/turtlesim/share/turtlesim/srv/TeleportRelative.srv
[1.344s] -- Up-to-date: /home/ubuntu/ros2_ws2/install/turtlesim/share/turtlesim/srv/TeleportRelative_Request.msg
[1.344s] -- Up-to-date: /home/ubuntu/ros2_ws2/install/turtlesim/share/turtlesim/srv/TeleportRelative_Response.msg
[1.345s] -- Up-to-date: /home/ubuntu/ros2_ws2/install/turtlesim/lib/turtlesim/turtlesim_node
[1.345s] -- Up-to-date: /home/ubuntu/ros2_ws2/install/turtlesim/lib/turtlesim/turtle_teleop_key
[1.345s] -- Up-to-date: /home/ubuntu/ros2_ws2/install/turtlesim/lib/turtlesim/draw_square
[1.345s] -- Up-to-date: /home/ubuntu/ros2_ws2/install/turtlesim/lib/turtlesim/mimic
[1.345s] -- Up-to-date: /home/ubuntu/ros2_ws2/install/turtlesim/share/turtlesim/images
[1.345s] -- Up-to-date: /home/ubuntu/ros2_ws2/install/turtlesim/share/turtlesim/images/humble.png
[1.345s] -- Up-to-date: /home/ubuntu/ros2_ws2/install/turtlesim/share/turtlesim/images/galactic.png
[1.345s] -- Up-to-date: /home/ubuntu/ros2_ws2/install/turtlesim/share/turtlesim/images/dashing.png
[1.347s] -- Up-to-date: /home/ubuntu/ros2_ws2/install/turtlesim/share/turtlesim/images/eloquent.png
[1.347s] -- Up-to-date: /home/ubuntu/ros2_ws2/install/turtlesim/share/turtlesim/images/rolling.png
[1.347s] -- Up-to-date: /home/ubuntu/ros2_ws2/install/turtlesim/share/turtlesim/images/ardent.png
[1.347s] -- Up-to-date: /home/ubuntu/ros2_ws2/install/turtlesim/share/turtlesim/images/foxy.png
[1.347s] -- Up-to-date: /home/ubuntu/ros2_ws2/install/turtlesim/share/turtlesim/images/bouncy.png
[1.348s] -- Up-to-date: /home/ubuntu/ros2_ws2/install/turtlesim/share/turtlesim/images/crystal.png
[1.348s] -- Up-to-date: /home/ubuntu/ros2_ws2/install/turtlesim/share/turtlesim/launch
[1.348s] -- Up-to-date: /home/ubuntu/ros2_ws2/install/turtlesim/share/turtlesim/launch/multisim.launch.py
[1.348s] -- Up-to-date: /home/ubuntu/ros2_ws2/install/turtlesim/share/ament_index/resource_index/package_run_dependencies/turtlesim
[1.348s] -- Up-to-date: /home/ubuntu/ros2_ws2/install/turtlesim/share/ament_index/resource_index/parent_prefix_path/turtlesim
[1.348s] -- Up-to-date: /home/ubuntu/ros2_ws2/install/turtlesim/share/turtlesim/environment/ament_prefix_path.sh
[1.348s] -- Up-to-date: /home/ubuntu/ros2_ws2/install/turtlesim/share/turtlesim/environment/ament_prefix_path.dsv
[1.349s] -- Up-to-date: /home/ubuntu/ros2_ws2/install/turtlesim/share/turtlesim/environment/path.sh
[1.349s] -- Up-to-date: /home/ubuntu/ros2_ws2/install/turtlesim/share/turtlesim/environment/path.dsv
[1.349s] -- Up-to-date: /home/ubuntu/ros2_ws2/install/turtlesim/share/turtlesim/local_setup.bash
[1.349s] -- Up-to-date: /home/ubuntu/ros2_ws2/install/turtlesim/share/turtlesim/local_setup.sh
[1.349s] -- Up-to-date: /home/ubuntu/ros2_ws2/install/turtlesim/share/turtlesim/local_setup.zsh
[1.349s] -- Up-to-date: /home/ubuntu/ros2_ws2/install/turtlesim/share/turtlesim/local_setup.dsv
[1.349s] -- Installing: /home/ubuntu/ros2_ws2/install/turtlesim/share/turtlesim/package.dsv
[1.349s] -- Up-to-date: /home/ubuntu/ros2_ws2/install/turtlesim/share/ament_index/resource_index/packages/turtlesim
[1.349s] -- Up-to-date: /home/ubuntu/ros2_ws2/install/turtlesim/share/turtlesim/cmake/export_turtlesim__rosidl_generator_cExport.cmake
[1.349s] -- Up-to-date: /home/ubuntu/ros2_ws2/install/turtlesim/share/turtlesim/cmake/export_turtlesim__rosidl_generator_cExport-noconfig.cmake
[1.349s] -- Up-to-date: /home/ubuntu/ros2_ws2/install/turtlesim/share/turtlesim/cmake/export_turtlesim__rosidl_typesupport_fastrtps_cExport.cmake
[1.349s] -- Up-to-date: /home/ubuntu/ros2_ws2/install/turtlesim/share/turtlesim/cmake/export_turtlesim__rosidl_typesupport_fastrtps_cExport-noconfig.cmake
[1.349s] -- Up-to-date: /home/ubuntu/ros2_ws2/install/turtlesim/share/turtlesim/cmake/export_turtlesim__rosidl_generator_cppExport.cmake
[1.350s] -- Up-to-date: /home/ubuntu/ros2_ws2/install/turtlesim/share/turtlesim/cmake/export_turtlesim__rosidl_typesupport_fastrtps_cppExport.cmake
[1.350s] -- Up-to-date: /home/ubuntu/ros2_ws2/install/turtlesim/share/turtlesim/cmake/export_turtlesim__rosidl_typesupport_fastrtps_cppExport-noconfig.cmake
[1.350s] -- Up-to-date: /home/ubuntu/ros2_ws2/install/turtlesim/share/turtlesim/cmake/turtlesim__rosidl_typesupport_introspection_cExport.cmake
[1.350s] -- Up-to-date: /home/ubuntu/ros2_ws2/install/turtlesim/share/turtlesim/cmake/turtlesim__rosidl_typesupport_introspection_cExport-noconfig.cmake
[1.350s] -- Up-to-date: /home/ubuntu/ros2_ws2/install/turtlesim/share/turtlesim/cmake/turtlesim__rosidl_typesupport_cExport.cmake
[1.350s] -- Up-to-date: /home/ubuntu/ros2_ws2/install/turtlesim/share/turtlesim/cmake/turtlesim__rosidl_typesupport_cExport-noconfig.cmake
[1.350s] -- Up-to-date: /home/ubuntu/ros2_ws2/install/turtlesim/share/turtlesim/cmake/turtlesim__rosidl_typesupport_introspection_cppExport.cmake
[1.350s] -- Up-to-date: /home/ubuntu/ros2_ws2/install/turtlesim/share/turtlesim/cmake/turtlesim__rosidl_typesupport_introspection_cppExport-noconfig.cmake
[1.350s] -- Up-to-date: /home/ubuntu/ros2_ws2/install/turtlesim/share/turtlesim/cmake/turtlesim__rosidl_typesupport_cppExport.cmake
[1.350s] -- Up-to-date: /home/ubuntu/ros2_ws2/install/turtlesim/share/turtlesim/cmake/turtlesim__rosidl_typesupport_cppExport-noconfig.cmake
[1.351s] -- Up-to-date: /home/ubuntu/ros2_ws2/install/turtlesim/share/turtlesim/cmake/export_turtlesim__rosidl_generator_pyExport.cmake
[1.351s] -- Up-to-date: /home/ubuntu/ros2_ws2/install/turtlesim/share/turtlesim/cmake/export_turtlesim__rosidl_generator_pyExport-noconfig.cmake
[1.351s] -- Up-to-date: /home/ubuntu/ros2_ws2/install/turtlesim/share/turtlesim/cmake/rosidl_cmake-extras.cmake
[1.351s] -- Up-to-date: /home/ubuntu/ros2_ws2/install/turtlesim/share/turtlesim/cmake/ament_cmake_export_dependencies-extras.cmake
[1.351s] -- Up-to-date: /home/ubuntu/ros2_ws2/install/turtlesim/share/turtlesim/cmake/ament_cmake_export_include_directories-extras.cmake
[1.351s] -- Up-to-date: /home/ubuntu/ros2_ws2/install/turtlesim/share/turtlesim/cmake/ament_cmake_export_libraries-extras.cmake
[1.351s] -- Up-to-date: /home/ubuntu/ros2_ws2/install/turtlesim/share/turtlesim/cmake/ament_cmake_export_targets-extras.cmake
[1.351s] -- Up-to-date: /home/ubuntu/ros2_ws2/install/turtlesim/share/turtlesim/cmake/rosidl_cmake_export_typesupport_targets-extras.cmake
[1.351s] -- Up-to-date: /home/ubuntu/ros2_ws2/install/turtlesim/share/turtlesim/cmake/rosidl_cmake_export_typesupport_libraries-extras.cmake
[1.351s] -- Up-to-date: /home/ubuntu/ros2_ws2/install/turtlesim/share/turtlesim/cmake/turtlesimConfig.cmake
[1.351s] -- Up-to-date: /home/ubuntu/ros2_ws2/install/turtlesim/share/turtlesim/cmake/turtlesimConfig-version.cmake
[1.352s] -- Up-to-date: /home/ubuntu/ros2_ws2/install/turtlesim/share/turtlesim/package.xml
[1.355s] Invoked command in '/home/ubuntu/ros2_ws2/build/turtlesim' returned '0': CMAKE_PREFIX_PATH=${CMAKE_PREFIX_PATH}:/home/ubuntu/ros2_ws2/install/my_turtlebot:/home/ubuntu/ros2_ws2/install/my_package:/opt/ros/humble /usr/bin/cmake --install /home/ubuntu/ros2_ws2/build/turtlesim
