[0.651s] Invoking command in '/home/ubuntu/ros2_ws2/src/tf2_workshop': PYTHONPATH=/home/ubuntu/ros2_ws2/build/tf2_workshop/prefix_override:/usr/lib/python3/dist-packages/colcon_core/task/python/colcon_distutils_commands:/home/ubuntu/ros2_ws2/install/tf2_workshop/lib/python3.10/site-packages:${PYTHONPATH} /usr/bin/python3 -W ignore:setup.py install is deprecated -W ignore:easy_install command is deprecated setup.py egg_info --egg-base ../../build/tf2_workshop build --build-base /home/ubuntu/ros2_ws2/build/tf2_workshop/build install --record /home/ubuntu/ros2_ws2/build/tf2_workshop/install.log --single-version-externally-managed install_data
[0.901s] running egg_info
[0.902s] creating ../../build/tf2_workshop/tf2_workshop.egg-info
[0.902s] writing ../../build/tf2_workshop/tf2_workshop.egg-info/PKG-INFO
[0.902s] writing dependency_links to ../../build/tf2_workshop/tf2_workshop.egg-info/dependency_links.txt
[0.903s] writing entry points to ../../build/tf2_workshop/tf2_workshop.egg-info/entry_points.txt
[0.903s] writing requirements to ../../build/tf2_workshop/tf2_workshop.egg-info/requires.txt
[0.903s] writing top-level names to ../../build/tf2_workshop/tf2_workshop.egg-info/top_level.txt
[0.903s] writing manifest file '../../build/tf2_workshop/tf2_workshop.egg-info/SOURCES.txt'
[0.904s] reading manifest file '../../build/tf2_workshop/tf2_workshop.egg-info/SOURCES.txt'
[0.905s] writing manifest file '../../build/tf2_workshop/tf2_workshop.egg-info/SOURCES.txt'
[0.905s] running build
[0.905s] running build_py
[0.905s] creating /home/ubuntu/ros2_ws2/build/tf2_workshop/build
[0.906s] creating /home/ubuntu/ros2_ws2/build/tf2_workshop/build/lib
[0.906s] creating /home/ubuntu/ros2_ws2/build/tf2_workshop/build/lib/tf2_workshop
[0.906s] copying tf2_workshop/__init__.py -> /home/ubuntu/ros2_ws2/build/tf2_workshop/build/lib/tf2_workshop
[0.907s] copying tf2_workshop/broadcaster.py -> /home/ubuntu/ros2_ws2/build/tf2_workshop/build/lib/tf2_workshop
[0.907s] running install
[0.907s] running install_lib
[0.908s] creating /home/ubuntu/ros2_ws2/install/tf2_workshop/lib/python3.10/site-packages/tf2_workshop
[0.909s] copying /home/ubuntu/ros2_ws2/build/tf2_workshop/build/lib/tf2_workshop/__init__.py -> /home/ubuntu/ros2_ws2/install/tf2_workshop/lib/python3.10/site-packages/tf2_workshop
[0.909s] copying /home/ubuntu/ros2_ws2/build/tf2_workshop/build/lib/tf2_workshop/broadcaster.py -> /home/ubuntu/ros2_ws2/install/tf2_workshop/lib/python3.10/site-packages/tf2_workshop
[0.912s] byte-compiling /home/ubuntu/ros2_ws2/install/tf2_workshop/lib/python3.10/site-packages/tf2_workshop/__init__.py to __init__.cpython-310.pyc
[0.912s] byte-compiling /home/ubuntu/ros2_ws2/install/tf2_workshop/lib/python3.10/site-packages/tf2_workshop/broadcaster.py to broadcaster.cpython-310.pyc
[0.914s] running install_data
[0.914s] creating /home/ubuntu/ros2_ws2/install/tf2_workshop/share/ament_index
[0.914s] creating /home/ubuntu/ros2_ws2/install/tf2_workshop/share/ament_index/resource_index
[0.914s] creating /home/ubuntu/ros2_ws2/install/tf2_workshop/share/ament_index/resource_index/packages
[0.914s] copying resource/tf2_workshop -> /home/ubuntu/ros2_ws2/install/tf2_workshop/share/ament_index/resource_index/packages
[0.914s] copying package.xml -> /home/ubuntu/ros2_ws2/install/tf2_workshop/share/tf2_workshop
[0.915s] running install_egg_info
[0.917s] Copying ../../build/tf2_workshop/tf2_workshop.egg-info to /home/ubuntu/ros2_ws2/install/tf2_workshop/lib/python3.10/site-packages/tf2_workshop-0.0.0-py3.10.egg-info
[0.918s] running install_scripts
[0.938s] Installing broadcaster script to /home/ubuntu/ros2_ws2/install/tf2_workshop/lib/tf2_workshop
[0.938s] writing list of installed files to '/home/ubuntu/ros2_ws2/build/tf2_workshop/install.log'
[0.976s] Invoked command in '/home/ubuntu/ros2_ws2/src/tf2_workshop' returned '0': PYTHONPATH=/home/ubuntu/ros2_ws2/build/tf2_workshop/prefix_override:/usr/lib/python3/dist-packages/colcon_core/task/python/colcon_distutils_commands:/home/ubuntu/ros2_ws2/install/tf2_workshop/lib/python3.10/site-packages:${PYTHONPATH} /usr/bin/python3 -W ignore:setup.py install is deprecated -W ignore:easy_install command is deprecated setup.py egg_info --egg-base ../../build/tf2_workshop build --build-base /home/ubuntu/ros2_ws2/build/tf2_workshop/build install --record /home/ubuntu/ros2_ws2/build/tf2_workshop/install.log --single-version-externally-managed install_data
