[0.117s] DEBUG:colcon:Command line arguments: ['/usr/bin/colcon', 'build', '--packages-select', 'tf_broadcaster']
[0.118s] DEBUG:colcon:Parsed command line arguments: Namespace(log_base=None, log_level=None, verb_name='build', build_base='build', install_base='install', merge_install=False, symlink_install=False, test_result_base=None, continue_on_error=False, executor='parallel', parallel_workers=16, event_handlers=None, ignore_user_meta=False, metas=['./colcon.meta'], base_paths=['.'], packages_ignore=None, packages_ignore_regex=None, paths=None, packages_up_to=None, packages_up_to_regex=None, packages_above=None, packages_above_and_dependencies=None, packages_above_depth=None, packages_select_by_dep=None, packages_skip_by_dep=None, packages_skip_up_to=None, packages_select_build_failed=False, packages_skip_build_finished=False, packages_select_test_failures=False, packages_skip_test_passed=False, packages_select=['tf_broadcaster'], packages_skip=None, packages_select_regex=None, packages_skip_regex=None, packages_start=None, packages_end=None, allow_overriding=[], cmake_args=None, cmake_target=None, cmake_target_skip_unavailable=False, cmake_clean_cache=False, cmake_clean_first=False, cmake_force_configure=False, ament_cmake_args=None, catkin_cmake_args=None, catkin_skip_building_tests=False, verb_parser=<colcon_defaults.argument_parser.defaults.DefaultArgumentsDecorator object at 0x7f71d7033f70>, verb_extension=<colcon_core.verb.build.BuildVerb object at 0x7f71d7240c10>, main=<bound method BuildVerb.main of <colcon_core.verb.build.BuildVerb object at 0x7f71d7240c10>>)
[0.298s] Level 1:colcon.colcon_core.package_discovery:discover_packages(colcon_meta) check parameters
[0.298s] Level 1:colcon.colcon_core.package_discovery:discover_packages(recursive) check parameters
[0.298s] Level 1:colcon.colcon_core.package_discovery:discover_packages(ignore) check parameters
[0.298s] Level 1:colcon.colcon_core.package_discovery:discover_packages(path) check parameters
[0.298s] Level 1:colcon.colcon_core.package_discovery:discover_packages(colcon_meta) discover
[0.298s] Level 1:colcon.colcon_core.package_discovery:discover_packages(recursive) discover
[0.298s] INFO:colcon.colcon_core.package_discovery:Crawling recursively for packages in '/home/ubuntu/ros2_ws2'
[0.298s] Level 1:colcon.colcon_core.package_identification:_identify(.) by extensions ['ignore', 'ignore_ament_install']
[0.298s] Level 1:colcon.colcon_core.package_identification:_identify(.) by extension 'ignore'
[0.298s] Level 1:colcon.colcon_core.package_identification:_identify(.) by extension 'ignore_ament_install'
[0.298s] Level 1:colcon.colcon_core.package_identification:_identify(.) by extensions ['colcon_pkg']
[0.298s] Level 1:colcon.colcon_core.package_identification:_identify(.) by extension 'colcon_pkg'
[0.298s] Level 1:colcon.colcon_core.package_identification:_identify(.) by extensions ['colcon_meta']
[0.298s] Level 1:colcon.colcon_core.package_identification:_identify(.) by extension 'colcon_meta'
[0.298s] Level 1:colcon.colcon_core.package_identification:_identify(.) by extensions ['ros']
[0.298s] Level 1:colcon.colcon_core.package_identification:_identify(.) by extension 'ros'
[0.312s] Level 1:colcon.colcon_core.package_identification:_identify(.) by extensions ['cmake', 'python']
[0.312s] Level 1:colcon.colcon_core.package_identification:_identify(.) by extension 'cmake'
[0.312s] Level 1:colcon.colcon_core.package_identification:_identify(.) by extension 'python'
[0.312s] Level 1:colcon.colcon_core.package_identification:_identify(.) by extensions ['python_setup_py']
[0.313s] Level 1:colcon.colcon_core.package_identification:_identify(.) by extension 'python_setup_py'
[0.313s] Level 1:colcon.colcon_core.package_identification:_identify(build) by extensions ['ignore', 'ignore_ament_install']
[0.313s] Level 1:colcon.colcon_core.package_identification:_identify(build) by extension 'ignore'
[0.313s] Level 1:colcon.colcon_core.package_identification:_identify(build) ignored
[0.313s] Level 1:colcon.colcon_core.package_identification:_identify(install) by extensions ['ignore', 'ignore_ament_install']
[0.313s] Level 1:colcon.colcon_core.package_identification:_identify(install) by extension 'ignore'
[0.313s] Level 1:colcon.colcon_core.package_identification:_identify(install) ignored
[0.313s] Level 1:colcon.colcon_core.package_identification:_identify(log) by extensions ['ignore', 'ignore_ament_install']
[0.314s] Level 1:colcon.colcon_core.package_identification:_identify(log) by extension 'ignore'
[0.314s] Level 1:colcon.colcon_core.package_identification:_identify(log) ignored
[0.314s] Level 1:colcon.colcon_core.package_identification:_identify(src) by extensions ['ignore', 'ignore_ament_install']
[0.314s] Level 1:colcon.colcon_core.package_identification:_identify(src) by extension 'ignore'
[0.314s] Level 1:colcon.colcon_core.package_identification:_identify(src) by extension 'ignore_ament_install'
[0.314s] Level 1:colcon.colcon_core.package_identification:_identify(src) by extensions ['colcon_pkg']
[0.314s] Level 1:colcon.colcon_core.package_identification:_identify(src) by extension 'colcon_pkg'
[0.314s] Level 1:colcon.colcon_core.package_identification:_identify(src) by extensions ['colcon_meta']
[0.314s] Level 1:colcon.colcon_core.package_identification:_identify(src) by extension 'colcon_meta'
[0.314s] Level 1:colcon.colcon_core.package_identification:_identify(src) by extensions ['ros']
[0.314s] Level 1:colcon.colcon_core.package_identification:_identify(src) by extension 'ros'
[0.314s] Level 1:colcon.colcon_core.package_identification:_identify(src) by extensions ['cmake', 'python']
[0.314s] Level 1:colcon.colcon_core.package_identification:_identify(src) by extension 'cmake'
[0.314s] Level 1:colcon.colcon_core.package_identification:_identify(src) by extension 'python'
[0.314s] Level 1:colcon.colcon_core.package_identification:_identify(src) by extensions ['python_setup_py']
[0.314s] Level 1:colcon.colcon_core.package_identification:_identify(src) by extension 'python_setup_py'
[0.315s] Level 1:colcon.colcon_core.package_identification:_identify(src/Course-34761-robot-autonomy) by extensions ['ignore', 'ignore_ament_install']
[0.315s] Level 1:colcon.colcon_core.package_identification:_identify(src/Course-34761-robot-autonomy) by extension 'ignore'
[0.315s] Level 1:colcon.colcon_core.package_identification:_identify(src/Course-34761-robot-autonomy) by extension 'ignore_ament_install'
[0.315s] Level 1:colcon.colcon_core.package_identification:_identify(src/Course-34761-robot-autonomy) by extensions ['colcon_pkg']
[0.315s] Level 1:colcon.colcon_core.package_identification:_identify(src/Course-34761-robot-autonomy) by extension 'colcon_pkg'
[0.315s] Level 1:colcon.colcon_core.package_identification:_identify(src/Course-34761-robot-autonomy) by extensions ['colcon_meta']
[0.315s] Level 1:colcon.colcon_core.package_identification:_identify(src/Course-34761-robot-autonomy) by extension 'colcon_meta'
[0.315s] Level 1:colcon.colcon_core.package_identification:_identify(src/Course-34761-robot-autonomy) by extensions ['ros']
[0.315s] Level 1:colcon.colcon_core.package_identification:_identify(src/Course-34761-robot-autonomy) by extension 'ros'
[0.318s] DEBUG:colcon.colcon_core.package_identification:Package 'src/Course-34761-robot-autonomy' with type 'ros.ament_python' and name 'my_turtlebot'
[0.318s] Level 1:colcon.colcon_core.package_identification:_identify(src/my_package) by extensions ['ignore', 'ignore_ament_install']
[0.318s] Level 1:colcon.colcon_core.package_identification:_identify(src/my_package) by extension 'ignore'
[0.318s] Level 1:colcon.colcon_core.package_identification:_identify(src/my_package) by extension 'ignore_ament_install'
[0.319s] Level 1:colcon.colcon_core.package_identification:_identify(src/my_package) by extensions ['colcon_pkg']
[0.319s] Level 1:colcon.colcon_core.package_identification:_identify(src/my_package) by extension 'colcon_pkg'
[0.319s] Level 1:colcon.colcon_core.package_identification:_identify(src/my_package) by extensions ['colcon_meta']
[0.319s] Level 1:colcon.colcon_core.package_identification:_identify(src/my_package) by extension 'colcon_meta'
[0.319s] Level 1:colcon.colcon_core.package_identification:_identify(src/my_package) by extensions ['ros']
[0.319s] Level 1:colcon.colcon_core.package_identification:_identify(src/my_package) by extension 'ros'
[0.319s] DEBUG:colcon.colcon_core.package_identification:Package 'src/my_package' with type 'ros.ament_python' and name 'my_package'
[0.319s] Level 1:colcon.colcon_core.package_identification:_identify(src/ros_tutorials) by extensions ['ignore', 'ignore_ament_install']
[0.320s] Level 1:colcon.colcon_core.package_identification:_identify(src/ros_tutorials) by extension 'ignore'
[0.320s] Level 1:colcon.colcon_core.package_identification:_identify(src/ros_tutorials) by extension 'ignore_ament_install'
[0.320s] Level 1:colcon.colcon_core.package_identification:_identify(src/ros_tutorials) by extensions ['colcon_pkg']
[0.320s] Level 1:colcon.colcon_core.package_identification:_identify(src/ros_tutorials) by extension 'colcon_pkg'
[0.320s] Level 1:colcon.colcon_core.package_identification:_identify(src/ros_tutorials) by extensions ['colcon_meta']
[0.320s] Level 1:colcon.colcon_core.package_identification:_identify(src/ros_tutorials) by extension 'colcon_meta'
[0.320s] Level 1:colcon.colcon_core.package_identification:_identify(src/ros_tutorials) by extensions ['ros']
[0.320s] Level 1:colcon.colcon_core.package_identification:_identify(src/ros_tutorials) by extension 'ros'
[0.320s] Level 1:colcon.colcon_core.package_identification:_identify(src/ros_tutorials) by extensions ['cmake', 'python']
[0.320s] Level 1:colcon.colcon_core.package_identification:_identify(src/ros_tutorials) by extension 'cmake'
[0.320s] Level 1:colcon.colcon_core.package_identification:_identify(src/ros_tutorials) by extension 'python'
[0.320s] Level 1:colcon.colcon_core.package_identification:_identify(src/ros_tutorials) by extensions ['python_setup_py']
[0.320s] Level 1:colcon.colcon_core.package_identification:_identify(src/ros_tutorials) by extension 'python_setup_py'
[0.320s] Level 1:colcon.colcon_core.package_identification:_identify(src/ros_tutorials/ros_tutorials) by extensions ['ignore', 'ignore_ament_install']
[0.320s] Level 1:colcon.colcon_core.package_identification:_identify(src/ros_tutorials/ros_tutorials) by extension 'ignore'
[0.320s] Level 1:colcon.colcon_core.package_identification:_identify(src/ros_tutorials/ros_tutorials) ignored
[0.320s] Level 1:colcon.colcon_core.package_identification:_identify(src/ros_tutorials/roscpp_tutorials) by extensions ['ignore', 'ignore_ament_install']
[0.320s] Level 1:colcon.colcon_core.package_identification:_identify(src/ros_tutorials/roscpp_tutorials) by extension 'ignore'
[0.321s] Level 1:colcon.colcon_core.package_identification:_identify(src/ros_tutorials/roscpp_tutorials) ignored
[0.321s] Level 1:colcon.colcon_core.package_identification:_identify(src/ros_tutorials/rospy_tutorials) by extensions ['ignore', 'ignore_ament_install']
[0.321s] Level 1:colcon.colcon_core.package_identification:_identify(src/ros_tutorials/rospy_tutorials) by extension 'ignore'
[0.321s] Level 1:colcon.colcon_core.package_identification:_identify(src/ros_tutorials/rospy_tutorials) ignored
[0.321s] Level 1:colcon.colcon_core.package_identification:_identify(src/ros_tutorials/turtlesim) by extensions ['ignore', 'ignore_ament_install']
[0.321s] Level 1:colcon.colcon_core.package_identification:_identify(src/ros_tutorials/turtlesim) by extension 'ignore'
[0.321s] Level 1:colcon.colcon_core.package_identification:_identify(src/ros_tutorials/turtlesim) by extension 'ignore_ament_install'
[0.321s] Level 1:colcon.colcon_core.package_identification:_identify(src/ros_tutorials/turtlesim) by extensions ['colcon_pkg']
[0.321s] Level 1:colcon.colcon_core.package_identification:_identify(src/ros_tutorials/turtlesim) by extension 'colcon_pkg'
[0.321s] Level 1:colcon.colcon_core.package_identification:_identify(src/ros_tutorials/turtlesim) by extensions ['colcon_meta']
[0.321s] Level 1:colcon.colcon_core.package_identification:_identify(src/ros_tutorials/turtlesim) by extension 'colcon_meta'
[0.321s] Level 1:colcon.colcon_core.package_identification:_identify(src/ros_tutorials/turtlesim) by extensions ['ros']
[0.321s] Level 1:colcon.colcon_core.package_identification:_identify(src/ros_tutorials/turtlesim) by extension 'ros'
[0.323s] DEBUG:colcon.colcon_core.package_identification:Package 'src/ros_tutorials/turtlesim' with type 'ros.ament_cmake' and name 'turtlesim'
[0.323s] Level 1:colcon.colcon_core.package_identification:_identify(src/tf_broadcaster) by extensions ['ignore', 'ignore_ament_install']
[0.323s] Level 1:colcon.colcon_core.package_identification:_identify(src/tf_broadcaster) by extension 'ignore'
[0.323s] Level 1:colcon.colcon_core.package_identification:_identify(src/tf_broadcaster) by extension 'ignore_ament_install'
[0.323s] Level 1:colcon.colcon_core.package_identification:_identify(src/tf_broadcaster) by extensions ['colcon_pkg']
[0.323s] Level 1:colcon.colcon_core.package_identification:_identify(src/tf_broadcaster) by extension 'colcon_pkg'
[0.323s] Level 1:colcon.colcon_core.package_identification:_identify(src/tf_broadcaster) by extensions ['colcon_meta']
[0.323s] Level 1:colcon.colcon_core.package_identification:_identify(src/tf_broadcaster) by extension 'colcon_meta'
[0.323s] Level 1:colcon.colcon_core.package_identification:_identify(src/tf_broadcaster) by extensions ['ros']
[0.323s] Level 1:colcon.colcon_core.package_identification:_identify(src/tf_broadcaster) by extension 'ros'
[0.324s] DEBUG:colcon.colcon_core.package_identification:Package 'src/tf_broadcaster' with type 'ros.ament_python' and name 'tf_broadcaster'
[0.324s] Level 1:colcon.colcon_core.package_discovery:discover_packages(recursive) using defaults
[0.324s] Level 1:colcon.colcon_core.package_discovery:discover_packages(ignore) discover
[0.324s] Level 1:colcon.colcon_core.package_discovery:discover_packages(ignore) using defaults
[0.324s] Level 1:colcon.colcon_core.package_discovery:discover_packages(path) discover
[0.324s] Level 1:colcon.colcon_core.package_discovery:discover_packages(path) using defaults
[0.362s] INFO:colcon.colcon_core.package_selection:Skipping not selected package 'my_package' in 'src/my_package'
[0.362s] INFO:colcon.colcon_core.package_selection:Skipping not selected package 'my_turtlebot' in 'src/Course-34761-robot-autonomy'
[0.362s] INFO:colcon.colcon_core.package_selection:Skipping not selected package 'turtlesim' in 'src/ros_tutorials/turtlesim'
[0.363s] Level 1:colcon.colcon_core.package_discovery:discover_packages(prefix_path) check parameters
[0.363s] Level 1:colcon.colcon_core.package_discovery:discover_packages(prefix_path) discover
[0.364s] DEBUG:colcon.colcon_installed_package_information.package_discovery:Found 4 installed packages in /home/ubuntu/ros2_ws2/install
[0.366s] DEBUG:colcon.colcon_installed_package_information.package_discovery:Found 345 installed packages in /opt/ros/humble
[0.368s] Level 1:colcon.colcon_core.package_discovery:discover_packages(prefix_path) using defaults
[0.424s] Level 5:colcon.colcon_core.verb:set package 'tf_broadcaster' build argument 'cmake_args' from command line to 'None'
[0.424s] Level 5:colcon.colcon_core.verb:set package 'tf_broadcaster' build argument 'cmake_target' from command line to 'None'
[0.424s] Level 5:colcon.colcon_core.verb:set package 'tf_broadcaster' build argument 'cmake_target_skip_unavailable' from command line to 'False'
[0.424s] Level 5:colcon.colcon_core.verb:set package 'tf_broadcaster' build argument 'cmake_clean_cache' from command line to 'False'
[0.424s] Level 5:colcon.colcon_core.verb:set package 'tf_broadcaster' build argument 'cmake_clean_first' from command line to 'False'
[0.424s] Level 5:colcon.colcon_core.verb:set package 'tf_broadcaster' build argument 'cmake_force_configure' from command line to 'False'
[0.424s] Level 5:colcon.colcon_core.verb:set package 'tf_broadcaster' build argument 'ament_cmake_args' from command line to 'None'
[0.424s] Level 5:colcon.colcon_core.verb:set package 'tf_broadcaster' build argument 'catkin_cmake_args' from command line to 'None'
[0.424s] Level 5:colcon.colcon_core.verb:set package 'tf_broadcaster' build argument 'catkin_skip_building_tests' from command line to 'False'
[0.424s] DEBUG:colcon.colcon_core.verb:Building package 'tf_broadcaster' with the following arguments: {'ament_cmake_args': None, 'build_base': '/home/ubuntu/ros2_ws2/build/tf_broadcaster', 'catkin_cmake_args': None, 'catkin_skip_building_tests': False, 'cmake_args': None, 'cmake_clean_cache': False, 'cmake_clean_first': False, 'cmake_force_configure': False, 'cmake_target': None, 'cmake_target_skip_unavailable': False, 'install_base': '/home/ubuntu/ros2_ws2/install/tf_broadcaster', 'merge_install': False, 'path': '/home/ubuntu/ros2_ws2/src/tf_broadcaster', 'symlink_install': False, 'test_result_base': None}
[0.424s] INFO:colcon.colcon_core.executor:Executing jobs using 'parallel' executor
[0.426s] DEBUG:colcon.colcon_parallel_executor.executor.parallel:run_until_complete
[0.427s] INFO:colcon.colcon_ros.task.ament_python.build:Building ROS package in '/home/ubuntu/ros2_ws2/src/tf_broadcaster' with build type 'ament_python'
[0.427s] Level 1:colcon.colcon_core.shell:create_environment_hook('tf_broadcaster', 'ament_prefix_path')
[0.429s] INFO:colcon.colcon_core.plugin_system:Skipping extension 'colcon_core.shell.bat': Not used on non-Windows systems
[0.429s] INFO:colcon.colcon_core.shell:Creating environment hook '/home/ubuntu/ros2_ws2/install/tf_broadcaster/share/tf_broadcaster/hook/ament_prefix_path.ps1'
[0.430s] INFO:colcon.colcon_core.shell:Creating environment descriptor '/home/ubuntu/ros2_ws2/install/tf_broadcaster/share/tf_broadcaster/hook/ament_prefix_path.dsv'
[0.431s] INFO:colcon.colcon_core.shell:Creating environment hook '/home/ubuntu/ros2_ws2/install/tf_broadcaster/share/tf_broadcaster/hook/ament_prefix_path.sh'
[0.432s] INFO:colcon.colcon_core.shell:Skip shell extension 'powershell' for command environment: Not usable outside of PowerShell
[0.432s] DEBUG:colcon.colcon_core.shell:Skip shell extension 'dsv' for command environment
[0.729s] INFO:colcon.colcon_core.task.python.build:Building Python package in '/home/ubuntu/ros2_ws2/src/tf_broadcaster'
[0.729s] INFO:colcon.colcon_core.shell:Skip shell extension 'powershell' for command environment: Not usable outside of PowerShell
[0.730s] DEBUG:colcon.colcon_core.shell:Skip shell extension 'dsv' for command environment
[1.114s] DEBUG:colcon.colcon_core.event_handler.log_command:Invoking command in '/home/ubuntu/ros2_ws2/src/tf_broadcaster': PYTHONPATH=/home/ubuntu/ros2_ws2/build/tf_broadcaster/prefix_override:/usr/lib/python3/dist-packages/colcon_core/task/python/colcon_distutils_commands:/home/ubuntu/ros2_ws2/install/tf_broadcaster/lib/python3.10/site-packages:${PYTHONPATH} /usr/bin/python3 -W ignore:setup.py install is deprecated -W ignore:easy_install command is deprecated setup.py egg_info --egg-base ../../build/tf_broadcaster build --build-base /home/ubuntu/ros2_ws2/build/tf_broadcaster/build install --record /home/ubuntu/ros2_ws2/build/tf_broadcaster/install.log --single-version-externally-managed install_data
[1.448s] DEBUG:colcon.colcon_core.event_handler.log_command:Invoked command in '/home/ubuntu/ros2_ws2/src/tf_broadcaster' returned '0': PYTHONPATH=/home/ubuntu/ros2_ws2/build/tf_broadcaster/prefix_override:/usr/lib/python3/dist-packages/colcon_core/task/python/colcon_distutils_commands:/home/ubuntu/ros2_ws2/install/tf_broadcaster/lib/python3.10/site-packages:${PYTHONPATH} /usr/bin/python3 -W ignore:setup.py install is deprecated -W ignore:easy_install command is deprecated setup.py egg_info --egg-base ../../build/tf_broadcaster build --build-base /home/ubuntu/ros2_ws2/build/tf_broadcaster/build install --record /home/ubuntu/ros2_ws2/build/tf_broadcaster/install.log --single-version-externally-managed install_data
[1.450s] Level 1:colcon.colcon_core.environment:checking '/home/ubuntu/ros2_ws2/install/tf_broadcaster' for CMake module files
[1.450s] Level 1:colcon.colcon_core.environment:checking '/home/ubuntu/ros2_ws2/install/tf_broadcaster' for CMake config files
[1.451s] Level 1:colcon.colcon_core.environment:checking '/home/ubuntu/ros2_ws2/install/tf_broadcaster/lib'
[1.451s] Level 1:colcon.colcon_core.environment:checking '/home/ubuntu/ros2_ws2/install/tf_broadcaster/bin'
[1.451s] Level 1:colcon.colcon_core.environment:checking '/home/ubuntu/ros2_ws2/install/tf_broadcaster/lib/pkgconfig/tf_broadcaster.pc'
[1.451s] Level 1:colcon.colcon_core.environment:checking '/home/ubuntu/ros2_ws2/install/tf_broadcaster/lib/python3.10/site-packages'
[1.451s] Level 1:colcon.colcon_core.shell:create_environment_hook('tf_broadcaster', 'pythonpath')
[1.452s] INFO:colcon.colcon_core.shell:Creating environment hook '/home/ubuntu/ros2_ws2/install/tf_broadcaster/share/tf_broadcaster/hook/pythonpath.ps1'
[1.452s] INFO:colcon.colcon_core.shell:Creating environment descriptor '/home/ubuntu/ros2_ws2/install/tf_broadcaster/share/tf_broadcaster/hook/pythonpath.dsv'
[1.452s] INFO:colcon.colcon_core.shell:Creating environment hook '/home/ubuntu/ros2_ws2/install/tf_broadcaster/share/tf_broadcaster/hook/pythonpath.sh'
[1.453s] Level 1:colcon.colcon_core.environment:checking '/home/ubuntu/ros2_ws2/install/tf_broadcaster/bin'
[1.453s] Level 1:colcon.colcon_core.environment:create_environment_scripts_only(tf_broadcaster)
[1.453s] INFO:colcon.colcon_core.shell:Creating package script '/home/ubuntu/ros2_ws2/install/tf_broadcaster/share/tf_broadcaster/package.ps1'
[1.454s] INFO:colcon.colcon_core.shell:Creating package descriptor '/home/ubuntu/ros2_ws2/install/tf_broadcaster/share/tf_broadcaster/package.dsv'
[1.455s] INFO:colcon.colcon_core.shell:Creating package script '/home/ubuntu/ros2_ws2/install/tf_broadcaster/share/tf_broadcaster/package.sh'
[1.456s] INFO:colcon.colcon_core.shell:Creating package script '/home/ubuntu/ros2_ws2/install/tf_broadcaster/share/tf_broadcaster/package.bash'
[1.457s] INFO:colcon.colcon_core.shell:Creating package script '/home/ubuntu/ros2_ws2/install/tf_broadcaster/share/tf_broadcaster/package.zsh'
[1.457s] Level 1:colcon.colcon_core.environment:create_file_with_runtime_dependencies(/home/ubuntu/ros2_ws2/install/tf_broadcaster/share/colcon-core/packages/tf_broadcaster)
[1.462s] DEBUG:colcon.colcon_parallel_executor.executor.parallel:closing loop
[1.464s] DEBUG:colcon.colcon_parallel_executor.executor.parallel:loop closed
[1.465s] DEBUG:colcon.colcon_parallel_executor.executor.parallel:run_until_complete finished with '0'
[1.465s] DEBUG:colcon.colcon_core.event_reactor:joining thread
[1.471s] INFO:colcon.colcon_core.plugin_system:Skipping extension 'colcon_notification.desktop_notification.terminal_notifier': Not used on non-Darwin systems
[1.472s] INFO:colcon.colcon_core.plugin_system:Skipping extension 'colcon_notification.desktop_notification.win32': Not used on non-Windows systems
[1.472s] INFO:colcon.colcon_notification.desktop_notification:Sending desktop notification using 'notify2'
[1.608s] DEBUG:colcon.colcon_core.event_reactor:joined thread
[1.609s] INFO:colcon.colcon_core.shell:Creating prefix script '/home/ubuntu/ros2_ws2/install/local_setup.ps1'
[1.610s] INFO:colcon.colcon_core.shell:Creating prefix util module '/home/ubuntu/ros2_ws2/install/_local_setup_util_ps1.py'
[1.611s] INFO:colcon.colcon_core.shell:Creating prefix chain script '/home/ubuntu/ros2_ws2/install/setup.ps1'
[1.613s] INFO:colcon.colcon_core.shell:Creating prefix script '/home/ubuntu/ros2_ws2/install/local_setup.sh'
[1.613s] INFO:colcon.colcon_core.shell:Creating prefix util module '/home/ubuntu/ros2_ws2/install/_local_setup_util_sh.py'
[1.614s] INFO:colcon.colcon_core.shell:Creating prefix chain script '/home/ubuntu/ros2_ws2/install/setup.sh'
[1.615s] INFO:colcon.colcon_core.shell:Creating prefix script '/home/ubuntu/ros2_ws2/install/local_setup.bash'
[1.615s] INFO:colcon.colcon_core.shell:Creating prefix chain script '/home/ubuntu/ros2_ws2/install/setup.bash'
[1.616s] INFO:colcon.colcon_core.shell:Creating prefix script '/home/ubuntu/ros2_ws2/install/local_setup.zsh'
[1.617s] INFO:colcon.colcon_core.shell:Creating prefix chain script '/home/ubuntu/ros2_ws2/install/setup.zsh'
