[0.769s] Invoking command in '/home/ubuntu/ros2_ws2/build/turtlesim': CMAKE_PREFIX_PATH=${CMAKE_PREFIX_PATH}:/home/ubuntu/ros2_ws2/install/my_turtlebot:/home/ubuntu/ros2_ws2/install/my_package:/opt/ros/humble /usr/bin/cmake /home/ubuntu/ros2_ws2/src/ros_tutorials/turtlesim -DCMAKE_INSTALL_PREFIX=/home/ubuntu/ros2_ws2/install/turtlesim
[0.915s] -- The C compiler identification is GNU 11.4.0
[1.048s] -- The CXX compiler identification is GNU 11.4.0
[1.063s] -- Detecting C compiler ABI info
[1.173s] -- Detecting C compiler ABI info - done
[1.183s] -- Check for working C compiler: /usr/bin/cc - skipped
[1.192s] -- Detecting C compile features
[1.192s] -- Detecting C compile features - done
[1.197s] -- Detecting CXX compiler ABI info
[1.328s] -- Detecting CXX compiler ABI info - done
[1.340s] -- Check for working CXX compiler: /usr/bin/c++ - skipped
[1.340s] -- Detecting CXX compile features
[1.340s] -- Detecting CXX compile features - done
[1.365s] -- Found ament_cmake: 1.3.11 (/opt/ros/humble/share/ament_cmake/cmake)
[1.566s] -- Found Python3: /usr/bin/python3 (found version "3.10.12") found components: Interpreter 
[1.743s] -- Found ament_index_cpp: 1.4.0 (/opt/ros/humble/share/ament_index_cpp/cmake)
[1.749s] -- Found geometry_msgs: 4.2.4 (/opt/ros/humble/share/geometry_msgs/cmake)
[1.847s] -- Found rosidl_generator_c: 3.1.6 (/opt/ros/humble/share/rosidl_generator_c/cmake)
[1.862s] -- Found rosidl_adapter: 3.1.6 (/opt/ros/humble/share/rosidl_adapter/cmake)
[1.884s] -- Found rosidl_generator_cpp: 3.1.6 (/opt/ros/humble/share/rosidl_generator_cpp/cmake)
[1.917s] -- Using all available rosidl_typesupport_c: rosidl_typesupport_fastrtps_c;rosidl_typesupport_introspection_c
[1.950s] -- Using all available rosidl_typesupport_cpp: rosidl_typesupport_fastrtps_cpp;rosidl_typesupport_introspection_cpp
[2.063s] -- Found rclcpp: 16.0.11 (/opt/ros/humble/share/rclcpp/cmake)
[2.152s] -- Found rmw_implementation_cmake: 6.1.2 (/opt/ros/humble/share/rmw_implementation_cmake/cmake)
[2.159s] -- Found rmw_fastrtps_cpp: 6.2.7 (/opt/ros/humble/share/rmw_fastrtps_cpp/cmake)
[2.328s] -- Found OpenSSL: /usr/lib/x86_64-linux-gnu/libcrypto.so (found version "3.0.2")  
[2.381s] -- Found FastRTPS: /opt/ros/humble/include  
[2.449s] -- Using RMW implementation 'rmw_fastrtps_cpp' as default
[2.470s] -- Looking for pthread.h
[2.551s] -- Looking for pthread.h - found
[2.551s] -- Performing Test CMAKE_HAVE_LIBC_PTHREAD
[2.624s] -- Performing Test CMAKE_HAVE_LIBC_PTHREAD - Success
[2.624s] -- Found Threads: TRUE  
[2.689s] -- Found rclcpp_action: 16.0.11 (/opt/ros/humble/share/rclcpp_action/cmake)
[2.741s] -- Found rosidl_default_generators: 1.2.0 (/opt/ros/humble/share/rosidl_default_generators/cmake)
[2.757s] -- Found std_srvs: 4.2.4 (/opt/ros/humble/share/std_srvs/cmake)
[3.108s] -- Found ament_cmake_ros: 0.10.0 (/opt/ros/humble/share/ament_cmake_ros/cmake)
[3.451s] -- Using all available rosidl_typesupport_c: rosidl_typesupport_fastrtps_c;rosidl_typesupport_introspection_c
[3.575s] -- Using all available rosidl_typesupport_cpp: rosidl_typesupport_fastrtps_cpp;rosidl_typesupport_introspection_cpp
[3.600s] -- Found PythonInterp: /usr/bin/python3 (found suitable version "3.10.12", minimum required is "3.6") 
[3.604s] -- Found python_cmake_module: 0.10.0 (/opt/ros/humble/share/python_cmake_module/cmake)
[3.635s] -- Found PythonLibs: /usr/lib/x86_64-linux-gnu/libpython3.10.so (found suitable version "3.10.12", minimum required is "3.5") 
[3.635s] -- Using PYTHON_EXECUTABLE: /usr/bin/python3
[3.635s] -- Using PYTHON_INCLUDE_DIRS: /usr/include/python3.10
[3.635s] -- Using PYTHON_LIBRARIES: /usr/lib/x86_64-linux-gnu/libpython3.10.so
[3.659s] -- Found PythonExtra: .so  
[3.721s] -- Configuring done
[3.842s] -- Generating done
[3.865s] -- Build files have been written to: /home/ubuntu/ros2_ws2/build/turtlesim
[3.879s] Invoked command in '/home/ubuntu/ros2_ws2/build/turtlesim' returned '0': CMAKE_PREFIX_PATH=${CMAKE_PREFIX_PATH}:/home/ubuntu/ros2_ws2/install/my_turtlebot:/home/ubuntu/ros2_ws2/install/my_package:/opt/ros/humble /usr/bin/cmake /home/ubuntu/ros2_ws2/src/ros_tutorials/turtlesim -DCMAKE_INSTALL_PREFIX=/home/ubuntu/ros2_ws2/install/turtlesim
[3.882s] Invoking command in '/home/ubuntu/ros2_ws2/build/turtlesim': CMAKE_PREFIX_PATH=${CMAKE_PREFIX_PATH}:/home/ubuntu/ros2_ws2/install/my_turtlebot:/home/ubuntu/ros2_ws2/install/my_package:/opt/ros/humble /usr/bin/cmake --build /home/ubuntu/ros2_ws2/build/turtlesim -- -j16 -l16
[3.924s] [  1%] [34m[1mGenerating C code for ROS interfaces[0m
[3.935s] [  2%] [34m[1mGenerating C++ code for ROS interfaces[0m
[3.948s] [  2%] Built target ament_cmake_python_copy_turtlesim
[4.221s] running egg_info
[4.222s] creating turtlesim.egg-info
[4.223s] writing turtlesim.egg-info/PKG-INFO
[4.223s] writing dependency_links to turtlesim.egg-info/dependency_links.txt
[4.223s] writing top-level names to turtlesim.egg-info/top_level.txt
[4.223s] writing manifest file 'turtlesim.egg-info/SOURCES.txt'
[4.226s] reading manifest file 'turtlesim.egg-info/SOURCES.txt'
[4.227s] writing manifest file 'turtlesim.egg-info/SOURCES.txt'
[4.258s] [  2%] Built target ament_cmake_python_build_turtlesim_egg
[5.208s] [  2%] Built target turtlesim__cpp
[5.218s] [  5%] [34m[1mGenerating C++ introspection for ROS interfaces[0m
[5.218s] [  5%] [34m[1mGenerating C++ type support for eProsima Fast-RTPS[0m
[5.218s] [  5%] [34m[1mGenerating C++ type support dispatch for ROS interfaces[0m
[5.230s] [  8%] [32mBuilding C object CMakeFiles/turtlesim__rosidl_generator_c.dir/rosidl_generator_c/turtlesim/srv/detail/spawn__functions.c.o[0m
[5.230s] [  8%] [32mBuilding C object CMakeFiles/turtlesim__rosidl_generator_c.dir/rosidl_generator_c/turtlesim/srv/detail/set_pen__functions.c.o[0m
[5.231s] [  8%] [32mBuilding C object CMakeFiles/turtlesim__rosidl_generator_c.dir/rosidl_generator_c/turtlesim/srv/detail/teleport_absolute__functions.c.o[0m
[5.233s] [  9%] [32mBuilding C object CMakeFiles/turtlesim__rosidl_generator_c.dir/rosidl_generator_c/turtlesim/msg/detail/pose__functions.c.o[0m
[5.233s] [ 10%] [32mBuilding C object CMakeFiles/turtlesim__rosidl_generator_c.dir/rosidl_generator_c/turtlesim/srv/detail/teleport_relative__functions.c.o[0m
[5.235s] [ 11%] [32mBuilding C object CMakeFiles/turtlesim__rosidl_generator_c.dir/rosidl_generator_c/turtlesim/action/detail/rotate_absolute__functions.c.o[0m
[5.236s] [ 12%] [32mBuilding C object CMakeFiles/turtlesim__rosidl_generator_c.dir/rosidl_generator_c/turtlesim/srv/detail/kill__functions.c.o[0m
[5.242s] [ 13%] [32mBuilding C object CMakeFiles/turtlesim__rosidl_generator_c.dir/rosidl_generator_c/turtlesim/msg/detail/color__functions.c.o[0m
[5.399s] [ 14%] [32m[1mLinking C shared library libturtlesim__rosidl_generator_c.so[0m
[5.438s] [ 14%] Built target turtlesim__rosidl_generator_c
[5.449s] [ 16%] [34m[1mGenerating C type support for eProsima Fast-RTPS[0m
[5.450s] [ 16%] [34m[1mGenerating C type support dispatch for ROS interfaces[0m
[5.450s] [ 17%] [34m[1mGenerating C introspection for ROS interfaces[0m
[5.931s] [ 19%] [32mBuilding CXX object CMakeFiles/turtlesim__rosidl_typesupport_cpp.dir/rosidl_typesupport_cpp/turtlesim/action/rotate_absolute__type_support.cpp.o[0m
[5.932s] [ 19%] [32mBuilding CXX object CMakeFiles/turtlesim__rosidl_typesupport_cpp.dir/rosidl_typesupport_cpp/turtlesim/msg/color__type_support.cpp.o[0m
[5.933s] [ 20%] [32mBuilding CXX object CMakeFiles/turtlesim__rosidl_typesupport_cpp.dir/rosidl_typesupport_cpp/turtlesim/msg/pose__type_support.cpp.o[0m
[5.934s] [ 21%] [32mBuilding CXX object CMakeFiles/turtlesim__rosidl_typesupport_cpp.dir/rosidl_typesupport_cpp/turtlesim/srv/kill__type_support.cpp.o[0m
[5.942s] [ 22%] [32mBuilding CXX object CMakeFiles/turtlesim__rosidl_typesupport_cpp.dir/rosidl_typesupport_cpp/turtlesim/srv/teleport_absolute__type_support.cpp.o[0m
[5.942s] [ 23%] [32mBuilding CXX object CMakeFiles/turtlesim__rosidl_typesupport_cpp.dir/rosidl_typesupport_cpp/turtlesim/srv/set_pen__type_support.cpp.o[0m
[5.943s] [ 24%] [32mBuilding CXX object CMakeFiles/turtlesim__rosidl_typesupport_cpp.dir/rosidl_typesupport_cpp/turtlesim/srv/spawn__type_support.cpp.o[0m
[5.943s] [ 25%] [32mBuilding CXX object CMakeFiles/turtlesim__rosidl_typesupport_cpp.dir/rosidl_typesupport_cpp/turtlesim/srv/teleport_relative__type_support.cpp.o[0m
[6.183s] [ 26%] [32mBuilding CXX object CMakeFiles/turtlesim__rosidl_typesupport_introspection_cpp.dir/rosidl_typesupport_introspection_cpp/turtlesim/msg/detail/color__type_support.cpp.o[0m
[6.184s] [ 27%] [32mBuilding CXX object CMakeFiles/turtlesim__rosidl_typesupport_introspection_cpp.dir/rosidl_typesupport_introspection_cpp/turtlesim/action/detail/rotate_absolute__type_support.cpp.o[0m
[6.191s] [ 28%] [32mBuilding CXX object CMakeFiles/turtlesim__rosidl_typesupport_introspection_cpp.dir/rosidl_typesupport_introspection_cpp/turtlesim/msg/detail/pose__type_support.cpp.o[0m
[6.207s] [ 29%] [32mBuilding CXX object CMakeFiles/turtlesim__rosidl_typesupport_introspection_cpp.dir/rosidl_typesupport_introspection_cpp/turtlesim/srv/detail/kill__type_support.cpp.o[0m
[6.235s] [ 30%] [32mBuilding CXX object CMakeFiles/turtlesim__rosidl_typesupport_c.dir/rosidl_typesupport_c/turtlesim/action/rotate_absolute__type_support.cpp.o[0m
[6.337s] [ 31%] [32mBuilding CXX object CMakeFiles/turtlesim__rosidl_typesupport_c.dir/rosidl_typesupport_c/turtlesim/msg/color__type_support.cpp.o[0m
[6.396s] [ 32%] [32mBuilding CXX object CMakeFiles/turtlesim__rosidl_typesupport_c.dir/rosidl_typesupport_c/turtlesim/msg/pose__type_support.cpp.o[0m
[6.459s] [ 33%] [32mBuilding CXX object CMakeFiles/turtlesim__rosidl_typesupport_c.dir/rosidl_typesupport_c/turtlesim/srv/kill__type_support.cpp.o[0m
[6.462s] [ 34%] [32mBuilding CXX object CMakeFiles/turtlesim__rosidl_typesupport_introspection_cpp.dir/rosidl_typesupport_introspection_cpp/turtlesim/srv/detail/set_pen__type_support.cpp.o[0m
[6.471s] [ 36%] [32mBuilding CXX object CMakeFiles/turtlesim__rosidl_typesupport_c.dir/rosidl_typesupport_c/turtlesim/srv/set_pen__type_support.cpp.o[0m
[6.471s] [ 36%] [32mBuilding CXX object CMakeFiles/turtlesim__rosidl_typesupport_c.dir/rosidl_typesupport_c/turtlesim/srv/spawn__type_support.cpp.o[0m
[6.478s] [ 37%] [32mBuilding CXX object CMakeFiles/turtlesim__rosidl_typesupport_introspection_cpp.dir/rosidl_typesupport_introspection_cpp/turtlesim/srv/detail/spawn__type_support.cpp.o[0m
[6.484s] [ 38%] [32mBuilding CXX object CMakeFiles/turtlesim__rosidl_typesupport_introspection_cpp.dir/rosidl_typesupport_introspection_cpp/turtlesim/srv/detail/teleport_absolute__type_support.cpp.o[0m
[6.488s] [ 39%] [32mBuilding CXX object CMakeFiles/turtlesim__rosidl_typesupport_c.dir/rosidl_typesupport_c/turtlesim/srv/teleport_absolute__type_support.cpp.o[0m
[6.497s] [ 40%] [32mBuilding CXX object CMakeFiles/turtlesim__rosidl_typesupport_c.dir/rosidl_typesupport_c/turtlesim/srv/teleport_relative__type_support.cpp.o[0m
[6.514s] [ 41%] [32mBuilding CXX object CMakeFiles/turtlesim__rosidl_typesupport_introspection_cpp.dir/rosidl_typesupport_introspection_cpp/turtlesim/srv/detail/teleport_relative__type_support.cpp.o[0m
[6.535s] [ 42%] [32mBuilding CXX object CMakeFiles/turtlesim__rosidl_typesupport_fastrtps_cpp.dir/rosidl_typesupport_fastrtps_cpp/turtlesim/action/detail/dds_fastrtps/rotate_absolute__type_support.cpp.o[0m
[6.535s] [ 43%] [32mBuilding CXX object CMakeFiles/turtlesim__rosidl_typesupport_fastrtps_cpp.dir/rosidl_typesupport_fastrtps_cpp/turtlesim/srv/detail/dds_fastrtps/kill__type_support.cpp.o[0m
[6.535s] [ 44%] [32mBuilding CXX object CMakeFiles/turtlesim__rosidl_typesupport_fastrtps_cpp.dir/rosidl_typesupport_fastrtps_cpp/turtlesim/msg/detail/dds_fastrtps/pose__type_support.cpp.o[0m
[6.541s] [ 45%] [32mBuilding CXX object CMakeFiles/turtlesim__rosidl_typesupport_fastrtps_cpp.dir/rosidl_typesupport_fastrtps_cpp/turtlesim/msg/detail/dds_fastrtps/color__type_support.cpp.o[0m
[6.551s] [ 46%] [32m[1mLinking CXX shared library libturtlesim__rosidl_typesupport_c.so[0m
[6.621s] [ 46%] Built target turtlesim__rosidl_typesupport_c
[6.636s] [ 47%] [32mBuilding CXX object CMakeFiles/turtlesim__rosidl_typesupport_fastrtps_cpp.dir/rosidl_typesupport_fastrtps_cpp/turtlesim/srv/detail/dds_fastrtps/set_pen__type_support.cpp.o[0m
[6.752s] [ 48%] [32mBuilding C object CMakeFiles/turtlesim__rosidl_typesupport_introspection_c.dir/rosidl_typesupport_introspection_c/turtlesim/action/detail/rotate_absolute__type_support.c.o[0m
[6.775s] [ 49%] [32mBuilding CXX object CMakeFiles/turtlesim__rosidl_typesupport_fastrtps_cpp.dir/rosidl_typesupport_fastrtps_cpp/turtlesim/srv/detail/dds_fastrtps/spawn__type_support.cpp.o[0m
[6.779s] [ 50%] [32m[1mLinking CXX shared library libturtlesim__rosidl_typesupport_cpp.so[0m
[6.799s] [ 51%] [32mBuilding CXX object CMakeFiles/turtlesim__rosidl_typesupport_fastrtps_cpp.dir/rosidl_typesupport_fastrtps_cpp/turtlesim/srv/detail/dds_fastrtps/teleport_absolute__type_support.cpp.o[0m
[6.810s] [ 52%] [32mBuilding CXX object CMakeFiles/turtlesim__rosidl_typesupport_fastrtps_cpp.dir/rosidl_typesupport_fastrtps_cpp/turtlesim/srv/detail/dds_fastrtps/teleport_relative__type_support.cpp.o[0m
[6.829s] [ 53%] [32mBuilding C object CMakeFiles/turtlesim__rosidl_typesupport_introspection_c.dir/rosidl_typesupport_introspection_c/turtlesim/msg/detail/color__type_support.c.o[0m
[6.846s] [ 53%] Built target turtlesim__rosidl_typesupport_cpp
[6.867s] [ 54%] [34m[1mGenerating include/turtlesim/moc_turtle_frame.cpp[0m
[6.882s] [ 56%] [32mBuilding CXX object CMakeFiles/turtlesim__rosidl_typesupport_fastrtps_c.dir/rosidl_typesupport_fastrtps_c/turtlesim/action/detail/rotate_absolute__type_support_c.cpp.o[0m
[6.882s] [ 56%] [32mBuilding C object CMakeFiles/turtlesim__rosidl_typesupport_introspection_c.dir/rosidl_typesupport_introspection_c/turtlesim/msg/detail/pose__type_support.c.o[0m
[6.931s] [ 57%] [32mBuilding C object CMakeFiles/turtlesim__rosidl_typesupport_introspection_c.dir/rosidl_typesupport_introspection_c/turtlesim/srv/detail/kill__type_support.c.o[0m
[6.998s] [ 58%] [32mBuilding C object CMakeFiles/turtlesim__rosidl_typesupport_introspection_c.dir/rosidl_typesupport_introspection_c/turtlesim/srv/detail/set_pen__type_support.c.o[0m
[7.006s] [ 59%] [32mBuilding CXX object CMakeFiles/turtlesim__rosidl_typesupport_fastrtps_c.dir/rosidl_typesupport_fastrtps_c/turtlesim/msg/detail/color__type_support_c.cpp.o[0m
[7.012s] [ 60%] [32mBuilding C object CMakeFiles/turtlesim__rosidl_typesupport_introspection_c.dir/rosidl_typesupport_introspection_c/turtlesim/srv/detail/spawn__type_support.c.o[0m
[7.031s] [ 61%] [32mBuilding CXX object CMakeFiles/turtlesim_node.dir/src/turtlesim.cpp.o[0m
[7.043s] [ 62%] [32mBuilding CXX object CMakeFiles/turtlesim_node.dir/src/turtle.cpp.o[0m
[7.053s] [ 63%] [32mBuilding C object CMakeFiles/turtlesim__rosidl_typesupport_introspection_c.dir/rosidl_typesupport_introspection_c/turtlesim/srv/detail/teleport_absolute__type_support.c.o[0m
[7.055s] [ 64%] [32mBuilding CXX object CMakeFiles/turtle_teleop_key.dir/tutorials/teleop_turtle_key.cpp.o[0m
[7.069s] [ 65%] [32m[1mLinking CXX shared library libturtlesim__rosidl_typesupport_introspection_cpp.so[0m
[7.070s] [ 66%] [32mBuilding C object CMakeFiles/turtlesim__rosidl_typesupport_introspection_c.dir/rosidl_typesupport_introspection_c/turtlesim/srv/detail/teleport_relative__type_support.c.o[0m
[7.080s] [ 67%] [32mBuilding CXX object CMakeFiles/turtlesim__rosidl_typesupport_fastrtps_c.dir/rosidl_typesupport_fastrtps_c/turtlesim/msg/detail/pose__type_support_c.cpp.o[0m
[7.083s] [ 68%] [32mBuilding CXX object CMakeFiles/turtlesim__rosidl_typesupport_fastrtps_c.dir/rosidl_typesupport_fastrtps_c/turtlesim/srv/detail/kill__type_support_c.cpp.o[0m
[7.107s] [ 69%] [32mBuilding CXX object CMakeFiles/turtlesim__rosidl_typesupport_fastrtps_c.dir/rosidl_typesupport_fastrtps_c/turtlesim/srv/detail/set_pen__type_support_c.cpp.o[0m
[7.121s] [ 71%] [32m[1mLinking C shared library libturtlesim__rosidl_typesupport_introspection_c.so[0m
[7.121s] [ 71%] [32mBuilding CXX object CMakeFiles/turtlesim__rosidl_typesupport_fastrtps_c.dir/rosidl_typesupport_fastrtps_c/turtlesim/srv/detail/spawn__type_support_c.cpp.o[0m
[7.172s] [ 71%] Built target turtlesim__rosidl_typesupport_introspection_c
[7.201s] [ 71%] Built target turtlesim__rosidl_typesupport_introspection_cpp
[7.202s] [ 72%] [32mBuilding CXX object CMakeFiles/turtlesim__rosidl_typesupport_fastrtps_c.dir/rosidl_typesupport_fastrtps_c/turtlesim/srv/detail/teleport_absolute__type_support_c.cpp.o[0m
[7.206s] [ 73%] [32mBuilding CXX object CMakeFiles/draw_square.dir/tutorials/draw_square.cpp.o[0m
[7.245s] [ 74%] [32mBuilding CXX object CMakeFiles/mimic.dir/tutorials/mimic.cpp.o[0m
[7.303s] [ 75%] [32mBuilding CXX object CMakeFiles/turtlesim__rosidl_typesupport_fastrtps_c.dir/rosidl_typesupport_fastrtps_c/turtlesim/srv/detail/teleport_relative__type_support_c.cpp.o[0m
[7.342s] [ 76%] [32mBuilding CXX object CMakeFiles/turtlesim_node.dir/src/turtle_frame.cpp.o[0m
[7.370s] [ 77%] [32mBuilding CXX object CMakeFiles/turtlesim_node.dir/include/turtlesim/moc_turtle_frame.cpp.o[0m
[7.386s] [ 78%] [32m[1mLinking CXX shared library libturtlesim__rosidl_typesupport_fastrtps_cpp.so[0m
[7.502s] [ 78%] Built target turtlesim__rosidl_typesupport_fastrtps_cpp
[7.703s] [ 79%] [32m[1mLinking CXX shared library libturtlesim__rosidl_typesupport_fastrtps_c.so[0m
[7.803s] [ 79%] Built target turtlesim__rosidl_typesupport_fastrtps_c
[7.826s] [ 79%] Built target turtlesim
[7.849s] [ 80%] [34m[1mGenerating Python code for ROS interfaces[0m
[10.435s] [ 80%] Built target turtlesim__py
[10.463s] [ 83%] [32mBuilding C object CMakeFiles/turtlesim__rosidl_generator_py.dir/rosidl_generator_py/turtlesim/action/_rotate_absolute_s.c.o[0m
[10.463s] [ 83%] [32mBuilding C object CMakeFiles/turtlesim__rosidl_generator_py.dir/rosidl_generator_py/turtlesim/msg/_pose_s.c.o[0m
[10.464s] [ 84%] [32mBuilding C object CMakeFiles/turtlesim__rosidl_generator_py.dir/rosidl_generator_py/turtlesim/srv/_set_pen_s.c.o[0m
[10.464s] [ 86%] [32mBuilding C object CMakeFiles/turtlesim__rosidl_generator_py.dir/rosidl_generator_py/turtlesim/srv/_kill_s.c.o[0m
[10.464s] [ 86%] [32mBuilding C object CMakeFiles/turtlesim__rosidl_generator_py.dir/rosidl_generator_py/turtlesim/srv/_teleport_absolute_s.c.o[0m
[10.464s] [ 83%] [32mBuilding C object CMakeFiles/turtlesim__rosidl_generator_py.dir/rosidl_generator_py/turtlesim/msg/_color_s.c.o[0m
[10.465s] [ 87%] [32mBuilding C object CMakeFiles/turtlesim__rosidl_generator_py.dir/rosidl_generator_py/turtlesim/srv/_teleport_relative_s.c.o[0m
[10.477s] [ 88%] [32mBuilding C object CMakeFiles/turtlesim__rosidl_generator_py.dir/rosidl_generator_py/turtlesim/srv/_spawn_s.c.o[0m
[10.739s] [ 89%] [32m[1mLinking C shared library rosidl_generator_py/turtlesim/libturtlesim__rosidl_generator_py.so[0m
[10.791s] [ 89%] Built target turtlesim__rosidl_generator_py
[10.814s] [ 91%] [32mBuilding C object CMakeFiles/turtlesim__rosidl_typesupport_fastrtps_c__pyext.dir/rosidl_generator_py/turtlesim/_turtlesim_s.ep.rosidl_typesupport_fastrtps_c.c.o[0m
[10.815s] [ 91%] [32mBuilding C object CMakeFiles/turtlesim__rosidl_typesupport_introspection_c__pyext.dir/rosidl_generator_py/turtlesim/_turtlesim_s.ep.rosidl_typesupport_introspection_c.c.o[0m
[10.815s] [ 92%] [32mBuilding C object CMakeFiles/turtlesim__rosidl_typesupport_c__pyext.dir/rosidl_generator_py/turtlesim/_turtlesim_s.ep.rosidl_typesupport_c.c.o[0m
[11.020s] [ 93%] [32m[1mLinking C shared library rosidl_generator_py/turtlesim/turtlesim_s__rosidl_typesupport_c.cpython-310-x86_64-linux-gnu.so[0m
[11.022s] [ 94%] [32m[1mLinking C shared library rosidl_generator_py/turtlesim/turtlesim_s__rosidl_typesupport_introspection_c.cpython-310-x86_64-linux-gnu.so[0m
[11.038s] [ 95%] [32m[1mLinking C shared library rosidl_generator_py/turtlesim/turtlesim_s__rosidl_typesupport_fastrtps_c.cpython-310-x86_64-linux-gnu.so[0m
[11.069s] [ 95%] Built target turtlesim__rosidl_typesupport_introspection_c__pyext
[11.069s] [ 95%] Built target turtlesim__rosidl_typesupport_c__pyext
[11.087s] [ 95%] Built target turtlesim__rosidl_typesupport_fastrtps_c__pyext
[14.684s] [ 96%] [32m[1mLinking CXX executable turtle_teleop_key[0m
[14.981s] [ 96%] Built target turtle_teleop_key
[17.528s] [ 97%] [32m[1mLinking CXX executable mimic[0m
[17.892s] [ 97%] Built target mimic
[18.166s] [ 98%] [32m[1mLinking CXX executable draw_square[0m
[18.589s] [ 98%] Built target draw_square
[21.348s] [100%] [32m[1mLinking CXX executable turtlesim_node[0m
[23.160s] [100%] Built target turtlesim_node
[23.175s] Invoked command in '/home/ubuntu/ros2_ws2/build/turtlesim' returned '0': CMAKE_PREFIX_PATH=${CMAKE_PREFIX_PATH}:/home/ubuntu/ros2_ws2/install/my_turtlebot:/home/ubuntu/ros2_ws2/install/my_package:/opt/ros/humble /usr/bin/cmake --build /home/ubuntu/ros2_ws2/build/turtlesim -- -j16 -l16
[23.185s] Invoking command in '/home/ubuntu/ros2_ws2/build/turtlesim': CMAKE_PREFIX_PATH=${CMAKE_PREFIX_PATH}:/home/ubuntu/ros2_ws2/install/my_turtlebot:/home/ubuntu/ros2_ws2/install/my_package:/opt/ros/humble /usr/bin/cmake --install /home/ubuntu/ros2_ws2/build/turtlesim
[23.193s] -- Install configuration: ""
[23.196s] -- Installing: /home/ubuntu/ros2_ws2/install/turtlesim/share/ament_index/resource_index/rosidl_interfaces/turtlesim
[23.196s] -- Installing: /home/ubuntu/ros2_ws2/install/turtlesim/include/turtlesim/turtlesim
[23.197s] -- Installing: /home/ubuntu/ros2_ws2/install/turtlesim/include/turtlesim/turtlesim/action
[23.198s] -- Installing: /home/ubuntu/ros2_ws2/install/turtlesim/include/turtlesim/turtlesim/action/detail
[23.198s] -- Installing: /home/ubuntu/ros2_ws2/install/turtlesim/include/turtlesim/turtlesim/action/detail/rotate_absolute__functions.c
[23.199s] -- Installing: /home/ubuntu/ros2_ws2/install/turtlesim/include/turtlesim/turtlesim/action/detail/rotate_absolute__functions.h
[23.199s] -- Installing: /home/ubuntu/ros2_ws2/install/turtlesim/include/turtlesim/turtlesim/action/detail/rotate_absolute__type_support.h
[23.199s] -- Installing: /home/ubuntu/ros2_ws2/install/turtlesim/include/turtlesim/turtlesim/action/detail/rotate_absolute__struct.h
[23.199s] -- Installing: /home/ubuntu/ros2_ws2/install/turtlesim/include/turtlesim/turtlesim/action/rotate_absolute.h
[23.199s] -- Installing: /home/ubuntu/ros2_ws2/install/turtlesim/include/turtlesim/turtlesim/msg
[23.200s] -- Installing: /home/ubuntu/ros2_ws2/install/turtlesim/include/turtlesim/turtlesim/msg/detail
[23.201s] -- Installing: /home/ubuntu/ros2_ws2/install/turtlesim/include/turtlesim/turtlesim/msg/detail/pose__type_support.h
[23.201s] -- Installing: /home/ubuntu/ros2_ws2/install/turtlesim/include/turtlesim/turtlesim/msg/detail/color__type_support.h
[23.201s] -- Installing: /home/ubuntu/ros2_ws2/install/turtlesim/include/turtlesim/turtlesim/msg/detail/pose__functions.h
[23.201s] -- Installing: /home/ubuntu/ros2_ws2/install/turtlesim/include/turtlesim/turtlesim/msg/detail/color__functions.h
[23.202s] -- Installing: /home/ubuntu/ros2_ws2/install/turtlesim/include/turtlesim/turtlesim/msg/detail/pose__functions.c
[23.202s] -- Installing: /home/ubuntu/ros2_ws2/install/turtlesim/include/turtlesim/turtlesim/msg/detail/color__functions.c
[23.202s] -- Installing: /home/ubuntu/ros2_ws2/install/turtlesim/include/turtlesim/turtlesim/msg/detail/color__struct.h
[23.202s] -- Installing: /home/ubuntu/ros2_ws2/install/turtlesim/include/turtlesim/turtlesim/msg/detail/pose__struct.h
[23.203s] -- Installing: /home/ubuntu/ros2_ws2/install/turtlesim/include/turtlesim/turtlesim/msg/color.h
[23.203s] -- Installing: /home/ubuntu/ros2_ws2/install/turtlesim/include/turtlesim/turtlesim/msg/pose.h
[23.203s] -- Installing: /home/ubuntu/ros2_ws2/install/turtlesim/include/turtlesim/turtlesim/msg/rosidl_generator_c__visibility_control.h
[23.203s] -- Installing: /home/ubuntu/ros2_ws2/install/turtlesim/include/turtlesim/turtlesim/srv
[23.204s] -- Installing: /home/ubuntu/ros2_ws2/install/turtlesim/include/turtlesim/turtlesim/srv/kill.h
[23.204s] -- Installing: /home/ubuntu/ros2_ws2/install/turtlesim/include/turtlesim/turtlesim/srv/teleport_absolute.h
[23.204s] -- Installing: /home/ubuntu/ros2_ws2/install/turtlesim/include/turtlesim/turtlesim/srv/detail
[23.205s] -- Installing: /home/ubuntu/ros2_ws2/install/turtlesim/include/turtlesim/turtlesim/srv/detail/set_pen__type_support.h
[23.205s] -- Installing: /home/ubuntu/ros2_ws2/install/turtlesim/include/turtlesim/turtlesim/srv/detail/teleport_absolute__struct.h
[23.205s] -- Installing: /home/ubuntu/ros2_ws2/install/turtlesim/include/turtlesim/turtlesim/srv/detail/set_pen__functions.h
[23.206s] -- Installing: /home/ubuntu/ros2_ws2/install/turtlesim/include/turtlesim/turtlesim/srv/detail/spawn__struct.h
[23.206s] -- Installing: /home/ubuntu/ros2_ws2/install/turtlesim/include/turtlesim/turtlesim/srv/detail/set_pen__functions.c
[23.206s] -- Installing: /home/ubuntu/ros2_ws2/install/turtlesim/include/turtlesim/turtlesim/srv/detail/teleport_absolute__type_support.h
[23.206s] -- Installing: /home/ubuntu/ros2_ws2/install/turtlesim/include/turtlesim/turtlesim/srv/detail/teleport_relative__type_support.h
[23.206s] -- Installing: /home/ubuntu/ros2_ws2/install/turtlesim/include/turtlesim/turtlesim/srv/detail/set_pen__struct.h
[23.206s] -- Installing: /home/ubuntu/ros2_ws2/install/turtlesim/include/turtlesim/turtlesim/srv/detail/spawn__functions.h
[23.207s] -- Installing: /home/ubuntu/ros2_ws2/install/turtlesim/include/turtlesim/turtlesim/srv/detail/kill__type_support.h
[23.207s] -- Installing: /home/ubuntu/ros2_ws2/install/turtlesim/include/turtlesim/turtlesim/srv/detail/teleport_absolute__functions.c
[23.207s] -- Installing: /home/ubuntu/ros2_ws2/install/turtlesim/include/turtlesim/turtlesim/srv/detail/kill__struct.h
[23.207s] -- Installing: /home/ubuntu/ros2_ws2/install/turtlesim/include/turtlesim/turtlesim/srv/detail/teleport_relative__functions.c
[23.207s] -- Installing: /home/ubuntu/ros2_ws2/install/turtlesim/include/turtlesim/turtlesim/srv/detail/teleport_absolute__functions.h
[23.208s] -- Installing: /home/ubuntu/ros2_ws2/install/turtlesim/include/turtlesim/turtlesim/srv/detail/spawn__type_support.h
[23.208s] -- Installing: /home/ubuntu/ros2_ws2/install/turtlesim/include/turtlesim/turtlesim/srv/detail/teleport_relative__functions.h
[23.208s] -- Installing: /home/ubuntu/ros2_ws2/install/turtlesim/include/turtlesim/turtlesim/srv/detail/kill__functions.c
[23.208s] -- Installing: /home/ubuntu/ros2_ws2/install/turtlesim/include/turtlesim/turtlesim/srv/detail/teleport_relative__struct.h
[23.208s] -- Installing: /home/ubuntu/ros2_ws2/install/turtlesim/include/turtlesim/turtlesim/srv/detail/spawn__functions.c
[23.209s] -- Installing: /home/ubuntu/ros2_ws2/install/turtlesim/include/turtlesim/turtlesim/srv/detail/kill__functions.h
[23.209s] -- Installing: /home/ubuntu/ros2_ws2/install/turtlesim/include/turtlesim/turtlesim/srv/teleport_relative.h
[23.209s] -- Installing: /home/ubuntu/ros2_ws2/install/turtlesim/include/turtlesim/turtlesim/srv/set_pen.h
[23.209s] -- Installing: /home/ubuntu/ros2_ws2/install/turtlesim/include/turtlesim/turtlesim/srv/spawn.h
[23.211s] -- Installing: /home/ubuntu/ros2_ws2/install/turtlesim/share/turtlesim/environment/library_path.sh
[23.211s] -- Installing: /home/ubuntu/ros2_ws2/install/turtlesim/share/turtlesim/environment/library_path.dsv
[23.211s] -- Installing: /home/ubuntu/ros2_ws2/install/turtlesim/lib/libturtlesim__rosidl_generator_c.so
[23.212s] -- Set runtime path of "/home/ubuntu/ros2_ws2/install/turtlesim/lib/libturtlesim__rosidl_generator_c.so" to ""
[23.212s] -- Up-to-date: /home/ubuntu/ros2_ws2/install/turtlesim/include/turtlesim/turtlesim
[23.213s] -- Up-to-date: /home/ubuntu/ros2_ws2/install/turtlesim/include/turtlesim/turtlesim/action
[23.213s] -- Up-to-date: /home/ubuntu/ros2_ws2/install/turtlesim/include/turtlesim/turtlesim/action/detail
[23.213s] -- Installing: /home/ubuntu/ros2_ws2/install/turtlesim/include/turtlesim/turtlesim/action/detail/rotate_absolute__rosidl_typesupport_fastrtps_c.h
[23.213s] -- Up-to-date: /home/ubuntu/ros2_ws2/install/turtlesim/include/turtlesim/turtlesim/msg
[23.213s] -- Installing: /home/ubuntu/ros2_ws2/install/turtlesim/include/turtlesim/turtlesim/msg/rosidl_typesupport_fastrtps_c__visibility_control.h
[23.213s] -- Up-to-date: /home/ubuntu/ros2_ws2/install/turtlesim/include/turtlesim/turtlesim/msg/detail
[23.213s] -- Installing: /home/ubuntu/ros2_ws2/install/turtlesim/include/turtlesim/turtlesim/msg/detail/pose__rosidl_typesupport_fastrtps_c.h
[23.213s] -- Installing: /home/ubuntu/ros2_ws2/install/turtlesim/include/turtlesim/turtlesim/msg/detail/color__rosidl_typesupport_fastrtps_c.h
[23.213s] -- Up-to-date: /home/ubuntu/ros2_ws2/install/turtlesim/include/turtlesim/turtlesim/srv
[23.214s] -- Up-to-date: /home/ubuntu/ros2_ws2/install/turtlesim/include/turtlesim/turtlesim/srv/detail
[23.214s] -- Installing: /home/ubuntu/ros2_ws2/install/turtlesim/include/turtlesim/turtlesim/srv/detail/kill__rosidl_typesupport_fastrtps_c.h
[23.214s] -- Installing: /home/ubuntu/ros2_ws2/install/turtlesim/include/turtlesim/turtlesim/srv/detail/teleport_absolute__rosidl_typesupport_fastrtps_c.h
[23.214s] -- Installing: /home/ubuntu/ros2_ws2/install/turtlesim/include/turtlesim/turtlesim/srv/detail/teleport_relative__rosidl_typesupport_fastrtps_c.h
[23.214s] -- Installing: /home/ubuntu/ros2_ws2/install/turtlesim/include/turtlesim/turtlesim/srv/detail/spawn__rosidl_typesupport_fastrtps_c.h
[23.215s] -- Installing: /home/ubuntu/ros2_ws2/install/turtlesim/include/turtlesim/turtlesim/srv/detail/set_pen__rosidl_typesupport_fastrtps_c.h
[23.215s] -- Installing: /home/ubuntu/ros2_ws2/install/turtlesim/lib/libturtlesim__rosidl_typesupport_fastrtps_c.so
[23.215s] -- Set runtime path of "/home/ubuntu/ros2_ws2/install/turtlesim/lib/libturtlesim__rosidl_typesupport_fastrtps_c.so" to ""
[23.216s] -- Up-to-date: /home/ubuntu/ros2_ws2/install/turtlesim/include/turtlesim/turtlesim
[23.216s] -- Up-to-date: /home/ubuntu/ros2_ws2/install/turtlesim/include/turtlesim/turtlesim/action
[23.216s] -- Up-to-date: /home/ubuntu/ros2_ws2/install/turtlesim/include/turtlesim/turtlesim/action/detail
[23.216s] -- Installing: /home/ubuntu/ros2_ws2/install/turtlesim/include/turtlesim/turtlesim/action/detail/rotate_absolute__type_support.hpp
[23.216s] -- Installing: /home/ubuntu/ros2_ws2/install/turtlesim/include/turtlesim/turtlesim/action/detail/rotate_absolute__builder.hpp
[23.216s] -- Installing: /home/ubuntu/ros2_ws2/install/turtlesim/include/turtlesim/turtlesim/action/detail/rotate_absolute__traits.hpp
[23.217s] -- Installing: /home/ubuntu/ros2_ws2/install/turtlesim/include/turtlesim/turtlesim/action/detail/rotate_absolute__struct.hpp
[23.217s] -- Installing: /home/ubuntu/ros2_ws2/install/turtlesim/include/turtlesim/turtlesim/action/rotate_absolute.hpp
[23.217s] -- Up-to-date: /home/ubuntu/ros2_ws2/install/turtlesim/include/turtlesim/turtlesim/msg
[23.217s] -- Up-to-date: /home/ubuntu/ros2_ws2/install/turtlesim/include/turtlesim/turtlesim/msg/detail
[23.217s] -- Installing: /home/ubuntu/ros2_ws2/install/turtlesim/include/turtlesim/turtlesim/msg/detail/color__type_support.hpp
[23.218s] -- Installing: /home/ubuntu/ros2_ws2/install/turtlesim/include/turtlesim/turtlesim/msg/detail/color__struct.hpp
[23.218s] -- Installing: /home/ubuntu/ros2_ws2/install/turtlesim/include/turtlesim/turtlesim/msg/detail/color__traits.hpp
[23.218s] -- Installing: /home/ubuntu/ros2_ws2/install/turtlesim/include/turtlesim/turtlesim/msg/detail/color__builder.hpp
[23.218s] -- Installing: /home/ubuntu/ros2_ws2/install/turtlesim/include/turtlesim/turtlesim/msg/detail/pose__struct.hpp
[23.218s] -- Installing: /home/ubuntu/ros2_ws2/install/turtlesim/include/turtlesim/turtlesim/msg/detail/pose__builder.hpp
[23.219s] -- Installing: /home/ubuntu/ros2_ws2/install/turtlesim/include/turtlesim/turtlesim/msg/detail/pose__traits.hpp
[23.219s] -- Installing: /home/ubuntu/ros2_ws2/install/turtlesim/include/turtlesim/turtlesim/msg/detail/pose__type_support.hpp
[23.219s] -- Installing: /home/ubuntu/ros2_ws2/install/turtlesim/include/turtlesim/turtlesim/msg/rosidl_generator_cpp__visibility_control.hpp
[23.219s] -- Installing: /home/ubuntu/ros2_ws2/install/turtlesim/include/turtlesim/turtlesim/msg/pose.hpp
[23.219s] -- Installing: /home/ubuntu/ros2_ws2/install/turtlesim/include/turtlesim/turtlesim/msg/color.hpp
[23.220s] -- Up-to-date: /home/ubuntu/ros2_ws2/install/turtlesim/include/turtlesim/turtlesim/srv
[23.220s] -- Up-to-date: /home/ubuntu/ros2_ws2/install/turtlesim/include/turtlesim/turtlesim/srv/detail
[23.220s] -- Installing: /home/ubuntu/ros2_ws2/install/turtlesim/include/turtlesim/turtlesim/srv/detail/spawn__traits.hpp
[23.221s] -- Installing: /home/ubuntu/ros2_ws2/install/turtlesim/include/turtlesim/turtlesim/srv/detail/spawn__struct.hpp
[23.221s] -- Installing: /home/ubuntu/ros2_ws2/install/turtlesim/include/turtlesim/turtlesim/srv/detail/set_pen__builder.hpp
[23.221s] -- Installing: /home/ubuntu/ros2_ws2/install/turtlesim/include/turtlesim/turtlesim/srv/detail/teleport_absolute__builder.hpp
[23.221s] -- Installing: /home/ubuntu/ros2_ws2/install/turtlesim/include/turtlesim/turtlesim/srv/detail/teleport_relative__traits.hpp
[23.221s] -- Installing: /home/ubuntu/ros2_ws2/install/turtlesim/include/turtlesim/turtlesim/srv/detail/kill__type_support.hpp
[23.222s] -- Installing: /home/ubuntu/ros2_ws2/install/turtlesim/include/turtlesim/turtlesim/srv/detail/teleport_relative__struct.hpp
[23.222s] -- Installing: /home/ubuntu/ros2_ws2/install/turtlesim/include/turtlesim/turtlesim/srv/detail/set_pen__struct.hpp
[23.222s] -- Installing: /home/ubuntu/ros2_ws2/install/turtlesim/include/turtlesim/turtlesim/srv/detail/kill__traits.hpp
[23.222s] -- Installing: /home/ubuntu/ros2_ws2/install/turtlesim/include/turtlesim/turtlesim/srv/detail/kill__struct.hpp
[23.222s] -- Installing: /home/ubuntu/ros2_ws2/install/turtlesim/include/turtlesim/turtlesim/srv/detail/kill__builder.hpp
[23.222s] -- Installing: /home/ubuntu/ros2_ws2/install/turtlesim/include/turtlesim/turtlesim/srv/detail/teleport_absolute__type_support.hpp
[23.223s] -- Installing: /home/ubuntu/ros2_ws2/install/turtlesim/include/turtlesim/turtlesim/srv/detail/teleport_relative__type_support.hpp
[23.223s] -- Installing: /home/ubuntu/ros2_ws2/install/turtlesim/include/turtlesim/turtlesim/srv/detail/set_pen__type_support.hpp
[23.223s] -- Installing: /home/ubuntu/ros2_ws2/install/turtlesim/include/turtlesim/turtlesim/srv/detail/set_pen__traits.hpp
[23.223s] -- Installing: /home/ubuntu/ros2_ws2/install/turtlesim/include/turtlesim/turtlesim/srv/detail/spawn__builder.hpp
[23.223s] -- Installing: /home/ubuntu/ros2_ws2/install/turtlesim/include/turtlesim/turtlesim/srv/detail/teleport_absolute__traits.hpp
[23.224s] -- Installing: /home/ubuntu/ros2_ws2/install/turtlesim/include/turtlesim/turtlesim/srv/detail/teleport_relative__builder.hpp
[23.224s] -- Installing: /home/ubuntu/ros2_ws2/install/turtlesim/include/turtlesim/turtlesim/srv/detail/teleport_absolute__struct.hpp
[23.224s] -- Installing: /home/ubuntu/ros2_ws2/install/turtlesim/include/turtlesim/turtlesim/srv/detail/spawn__type_support.hpp
[23.224s] -- Installing: /home/ubuntu/ros2_ws2/install/turtlesim/include/turtlesim/turtlesim/srv/teleport_relative.hpp
[23.224s] -- Installing: /home/ubuntu/ros2_ws2/install/turtlesim/include/turtlesim/turtlesim/srv/teleport_absolute.hpp
[23.225s] -- Installing: /home/ubuntu/ros2_ws2/install/turtlesim/include/turtlesim/turtlesim/srv/spawn.hpp
[23.225s] -- Installing: /home/ubuntu/ros2_ws2/install/turtlesim/include/turtlesim/turtlesim/srv/set_pen.hpp
[23.225s] -- Installing: /home/ubuntu/ros2_ws2/install/turtlesim/include/turtlesim/turtlesim/srv/kill.hpp
[23.225s] -- Up-to-date: /home/ubuntu/ros2_ws2/install/turtlesim/include/turtlesim/turtlesim
[23.225s] -- Up-to-date: /home/ubuntu/ros2_ws2/install/turtlesim/include/turtlesim/turtlesim/action
[23.225s] -- Up-to-date: /home/ubuntu/ros2_ws2/install/turtlesim/include/turtlesim/turtlesim/action/detail
[23.226s] -- Installing: /home/ubuntu/ros2_ws2/install/turtlesim/include/turtlesim/turtlesim/action/detail/rotate_absolute__rosidl_typesupport_fastrtps_cpp.hpp
[23.226s] -- Installing: /home/ubuntu/ros2_ws2/install/turtlesim/include/turtlesim/turtlesim/action/detail/dds_fastrtps
[23.226s] -- Up-to-date: /home/ubuntu/ros2_ws2/install/turtlesim/include/turtlesim/turtlesim/msg
[23.226s] -- Up-to-date: /home/ubuntu/ros2_ws2/install/turtlesim/include/turtlesim/turtlesim/msg/detail
[23.227s] -- Installing: /home/ubuntu/ros2_ws2/install/turtlesim/include/turtlesim/turtlesim/msg/detail/dds_fastrtps
[23.227s] -- Installing: /home/ubuntu/ros2_ws2/install/turtlesim/include/turtlesim/turtlesim/msg/detail/pose__rosidl_typesupport_fastrtps_cpp.hpp
[23.227s] -- Installing: /home/ubuntu/ros2_ws2/install/turtlesim/include/turtlesim/turtlesim/msg/detail/color__rosidl_typesupport_fastrtps_cpp.hpp
[23.227s] -- Installing: /home/ubuntu/ros2_ws2/install/turtlesim/include/turtlesim/turtlesim/msg/rosidl_typesupport_fastrtps_cpp__visibility_control.h
[23.228s] -- Up-to-date: /home/ubuntu/ros2_ws2/install/turtlesim/include/turtlesim/turtlesim/srv
[23.228s] -- Up-to-date: /home/ubuntu/ros2_ws2/install/turtlesim/include/turtlesim/turtlesim/srv/detail
[23.228s] -- Installing: /home/ubuntu/ros2_ws2/install/turtlesim/include/turtlesim/turtlesim/srv/detail/kill__rosidl_typesupport_fastrtps_cpp.hpp
[23.228s] -- Installing: /home/ubuntu/ros2_ws2/install/turtlesim/include/turtlesim/turtlesim/srv/detail/dds_fastrtps
[23.229s] -- Installing: /home/ubuntu/ros2_ws2/install/turtlesim/include/turtlesim/turtlesim/srv/detail/teleport_absolute__rosidl_typesupport_fastrtps_cpp.hpp
[23.229s] -- Installing: /home/ubuntu/ros2_ws2/install/turtlesim/include/turtlesim/turtlesim/srv/detail/set_pen__rosidl_typesupport_fastrtps_cpp.hpp
[23.229s] -- Installing: /home/ubuntu/ros2_ws2/install/turtlesim/include/turtlesim/turtlesim/srv/detail/teleport_relative__rosidl_typesupport_fastrtps_cpp.hpp
[23.229s] -- Installing: /home/ubuntu/ros2_ws2/install/turtlesim/include/turtlesim/turtlesim/srv/detail/spawn__rosidl_typesupport_fastrtps_cpp.hpp
[23.230s] -- Installing: /home/ubuntu/ros2_ws2/install/turtlesim/lib/libturtlesim__rosidl_typesupport_fastrtps_cpp.so
[23.230s] -- Set runtime path of "/home/ubuntu/ros2_ws2/install/turtlesim/lib/libturtlesim__rosidl_typesupport_fastrtps_cpp.so" to ""
[23.230s] -- Up-to-date: /home/ubuntu/ros2_ws2/install/turtlesim/include/turtlesim/turtlesim
[23.231s] -- Up-to-date: /home/ubuntu/ros2_ws2/install/turtlesim/include/turtlesim/turtlesim/action
[23.231s] -- Up-to-date: /home/ubuntu/ros2_ws2/install/turtlesim/include/turtlesim/turtlesim/action/detail
[23.231s] -- Installing: /home/ubuntu/ros2_ws2/install/turtlesim/include/turtlesim/turtlesim/action/detail/rotate_absolute__type_support.c
[23.231s] -- Installing: /home/ubuntu/ros2_ws2/install/turtlesim/include/turtlesim/turtlesim/action/detail/rotate_absolute__rosidl_typesupport_introspection_c.h
[23.231s] -- Up-to-date: /home/ubuntu/ros2_ws2/install/turtlesim/include/turtlesim/turtlesim/msg
[23.231s] -- Up-to-date: /home/ubuntu/ros2_ws2/install/turtlesim/include/turtlesim/turtlesim/msg/detail
[23.232s] -- Installing: /home/ubuntu/ros2_ws2/install/turtlesim/include/turtlesim/turtlesim/msg/detail/color__type_support.c
[23.232s] -- Installing: /home/ubuntu/ros2_ws2/install/turtlesim/include/turtlesim/turtlesim/msg/detail/color__rosidl_typesupport_introspection_c.h
[23.232s] -- Installing: /home/ubuntu/ros2_ws2/install/turtlesim/include/turtlesim/turtlesim/msg/detail/pose__rosidl_typesupport_introspection_c.h
[23.232s] -- Installing: /home/ubuntu/ros2_ws2/install/turtlesim/include/turtlesim/turtlesim/msg/detail/pose__type_support.c
[23.232s] -- Installing: /home/ubuntu/ros2_ws2/install/turtlesim/include/turtlesim/turtlesim/msg/rosidl_typesupport_introspection_c__visibility_control.h
[23.232s] -- Up-to-date: /home/ubuntu/ros2_ws2/install/turtlesim/include/turtlesim/turtlesim/srv
[23.232s] -- Up-to-date: /home/ubuntu/ros2_ws2/install/turtlesim/include/turtlesim/turtlesim/srv/detail
[23.233s] -- Installing: /home/ubuntu/ros2_ws2/install/turtlesim/include/turtlesim/turtlesim/srv/detail/spawn__type_support.c
[23.233s] -- Installing: /home/ubuntu/ros2_ws2/install/turtlesim/include/turtlesim/turtlesim/srv/detail/teleport_absolute__rosidl_typesupport_introspection_c.h
[23.233s] -- Installing: /home/ubuntu/ros2_ws2/install/turtlesim/include/turtlesim/turtlesim/srv/detail/set_pen__type_support.c
[23.233s] -- Installing: /home/ubuntu/ros2_ws2/install/turtlesim/include/turtlesim/turtlesim/srv/detail/kill__type_support.c
[23.233s] -- Installing: /home/ubuntu/ros2_ws2/install/turtlesim/include/turtlesim/turtlesim/srv/detail/set_pen__rosidl_typesupport_introspection_c.h
[23.233s] -- Installing: /home/ubuntu/ros2_ws2/install/turtlesim/include/turtlesim/turtlesim/srv/detail/kill__rosidl_typesupport_introspection_c.h
[23.234s] -- Installing: /home/ubuntu/ros2_ws2/install/turtlesim/include/turtlesim/turtlesim/srv/detail/teleport_absolute__type_support.c
[23.234s] -- Installing: /home/ubuntu/ros2_ws2/install/turtlesim/include/turtlesim/turtlesim/srv/detail/spawn__rosidl_typesupport_introspection_c.h
[23.234s] -- Installing: /home/ubuntu/ros2_ws2/install/turtlesim/include/turtlesim/turtlesim/srv/detail/teleport_relative__type_support.c
[23.234s] -- Installing: /home/ubuntu/ros2_ws2/install/turtlesim/include/turtlesim/turtlesim/srv/detail/teleport_relative__rosidl_typesupport_introspection_c.h
[23.235s] -- Installing: /home/ubuntu/ros2_ws2/install/turtlesim/lib/libturtlesim__rosidl_typesupport_introspection_c.so
[23.236s] -- Set runtime path of "/home/ubuntu/ros2_ws2/install/turtlesim/lib/libturtlesim__rosidl_typesupport_introspection_c.so" to ""
[23.236s] -- Installing: /home/ubuntu/ros2_ws2/install/turtlesim/lib/libturtlesim__rosidl_typesupport_c.so
[23.236s] -- Set runtime path of "/home/ubuntu/ros2_ws2/install/turtlesim/lib/libturtlesim__rosidl_typesupport_c.so" to ""
[23.236s] -- Up-to-date: /home/ubuntu/ros2_ws2/install/turtlesim/include/turtlesim/turtlesim
[23.236s] -- Up-to-date: /home/ubuntu/ros2_ws2/install/turtlesim/include/turtlesim/turtlesim/action
[23.236s] -- Up-to-date: /home/ubuntu/ros2_ws2/install/turtlesim/include/turtlesim/turtlesim/action/detail
[23.237s] -- Installing: /home/ubuntu/ros2_ws2/install/turtlesim/include/turtlesim/turtlesim/action/detail/rotate_absolute__rosidl_typesupport_introspection_cpp.hpp
[23.237s] -- Installing: /home/ubuntu/ros2_ws2/install/turtlesim/include/turtlesim/turtlesim/action/detail/rotate_absolute__type_support.cpp
[23.237s] -- Up-to-date: /home/ubuntu/ros2_ws2/install/turtlesim/include/turtlesim/turtlesim/msg
[23.237s] -- Up-to-date: /home/ubuntu/ros2_ws2/install/turtlesim/include/turtlesim/turtlesim/msg/detail
[23.237s] -- Installing: /home/ubuntu/ros2_ws2/install/turtlesim/include/turtlesim/turtlesim/msg/detail/pose__rosidl_typesupport_introspection_cpp.hpp
[23.238s] -- Installing: /home/ubuntu/ros2_ws2/install/turtlesim/include/turtlesim/turtlesim/msg/detail/color__type_support.cpp
[23.238s] -- Installing: /home/ubuntu/ros2_ws2/install/turtlesim/include/turtlesim/turtlesim/msg/detail/color__rosidl_typesupport_introspection_cpp.hpp
[23.238s] -- Installing: /home/ubuntu/ros2_ws2/install/turtlesim/include/turtlesim/turtlesim/msg/detail/pose__type_support.cpp
[23.239s] -- Up-to-date: /home/ubuntu/ros2_ws2/install/turtlesim/include/turtlesim/turtlesim/srv
[23.239s] -- Up-to-date: /home/ubuntu/ros2_ws2/install/turtlesim/include/turtlesim/turtlesim/srv/detail
[23.240s] -- Installing: /home/ubuntu/ros2_ws2/install/turtlesim/include/turtlesim/turtlesim/srv/detail/spawn__rosidl_typesupport_introspection_cpp.hpp
[23.241s] -- Installing: /home/ubuntu/ros2_ws2/install/turtlesim/include/turtlesim/turtlesim/srv/detail/kill__type_support.cpp
[23.241s] -- Installing: /home/ubuntu/ros2_ws2/install/turtlesim/include/turtlesim/turtlesim/srv/detail/teleport_relative__rosidl_typesupport_introspection_cpp.hpp
[23.241s] -- Installing: /home/ubuntu/ros2_ws2/install/turtlesim/include/turtlesim/turtlesim/srv/detail/set_pen__rosidl_typesupport_introspection_cpp.hpp
[23.241s] -- Installing: /home/ubuntu/ros2_ws2/install/turtlesim/include/turtlesim/turtlesim/srv/detail/kill__rosidl_typesupport_introspection_cpp.hpp
[23.241s] -- Installing: /home/ubuntu/ros2_ws2/install/turtlesim/include/turtlesim/turtlesim/srv/detail/set_pen__type_support.cpp
[23.242s] -- Installing: /home/ubuntu/ros2_ws2/install/turtlesim/include/turtlesim/turtlesim/srv/detail/teleport_absolute__rosidl_typesupport_introspection_cpp.hpp
[23.242s] -- Installing: /home/ubuntu/ros2_ws2/install/turtlesim/include/turtlesim/turtlesim/srv/detail/teleport_relative__type_support.cpp
[23.242s] -- Installing: /home/ubuntu/ros2_ws2/install/turtlesim/include/turtlesim/turtlesim/srv/detail/teleport_absolute__type_support.cpp
[23.242s] -- Installing: /home/ubuntu/ros2_ws2/install/turtlesim/include/turtlesim/turtlesim/srv/detail/spawn__type_support.cpp
[23.243s] -- Installing: /home/ubuntu/ros2_ws2/install/turtlesim/lib/libturtlesim__rosidl_typesupport_introspection_cpp.so
[23.243s] -- Set runtime path of "/home/ubuntu/ros2_ws2/install/turtlesim/lib/libturtlesim__rosidl_typesupport_introspection_cpp.so" to ""
[23.243s] -- Installing: /home/ubuntu/ros2_ws2/install/turtlesim/lib/libturtlesim__rosidl_typesupport_cpp.so
[23.244s] -- Set runtime path of "/home/ubuntu/ros2_ws2/install/turtlesim/lib/libturtlesim__rosidl_typesupport_cpp.so" to ""
[23.244s] -- Installing: /home/ubuntu/ros2_ws2/install/turtlesim/share/turtlesim/environment/pythonpath.sh
[23.245s] -- Installing: /home/ubuntu/ros2_ws2/install/turtlesim/share/turtlesim/environment/pythonpath.dsv
[23.245s] -- Installing: /home/ubuntu/ros2_ws2/install/turtlesim/local/lib/python3.10/dist-packages/turtlesim-1.4.2-py3.10.egg-info
[23.247s] -- Installing: /home/ubuntu/ros2_ws2/install/turtlesim/local/lib/python3.10/dist-packages/turtlesim-1.4.2-py3.10.egg-info/top_level.txt
[23.247s] -- Installing: /home/ubuntu/ros2_ws2/install/turtlesim/local/lib/python3.10/dist-packages/turtlesim-1.4.2-py3.10.egg-info/SOURCES.txt
[23.247s] -- Installing: /home/ubuntu/ros2_ws2/install/turtlesim/local/lib/python3.10/dist-packages/turtlesim-1.4.2-py3.10.egg-info/PKG-INFO
[23.247s] -- Installing: /home/ubuntu/ros2_ws2/install/turtlesim/local/lib/python3.10/dist-packages/turtlesim-1.4.2-py3.10.egg-info/dependency_links.txt
[23.247s] -- Installing: /home/ubuntu/ros2_ws2/install/turtlesim/local/lib/python3.10/dist-packages/turtlesim
[23.248s] -- Installing: /home/ubuntu/ros2_ws2/install/turtlesim/local/lib/python3.10/dist-packages/turtlesim/turtlesim_s__rosidl_typesupport_c.cpython-310-x86_64-linux-gnu.so
[23.249s] -- Installing: /home/ubuntu/ros2_ws2/install/turtlesim/local/lib/python3.10/dist-packages/turtlesim/__init__.py
[23.249s] -- Installing: /home/ubuntu/ros2_ws2/install/turtlesim/local/lib/python3.10/dist-packages/turtlesim/action
[23.249s] -- Installing: /home/ubuntu/ros2_ws2/install/turtlesim/local/lib/python3.10/dist-packages/turtlesim/action/__init__.py
[23.250s] -- Installing: /home/ubuntu/ros2_ws2/install/turtlesim/local/lib/python3.10/dist-packages/turtlesim/action/_rotate_absolute_s.c
[23.250s] -- Installing: /home/ubuntu/ros2_ws2/install/turtlesim/local/lib/python3.10/dist-packages/turtlesim/action/_rotate_absolute.py
[23.250s] -- Installing: /home/ubuntu/ros2_ws2/install/turtlesim/local/lib/python3.10/dist-packages/turtlesim/_turtlesim_s.ep.rosidl_typesupport_fastrtps_c.c
[23.251s] -- Installing: /home/ubuntu/ros2_ws2/install/turtlesim/local/lib/python3.10/dist-packages/turtlesim/libturtlesim__rosidl_generator_py.so
[23.251s] -- Installing: /home/ubuntu/ros2_ws2/install/turtlesim/local/lib/python3.10/dist-packages/turtlesim/turtlesim_s__rosidl_typesupport_fastrtps_c.cpython-310-x86_64-linux-gnu.so
[23.251s] -- Installing: /home/ubuntu/ros2_ws2/install/turtlesim/local/lib/python3.10/dist-packages/turtlesim/msg
[23.252s] -- Installing: /home/ubuntu/ros2_ws2/install/turtlesim/local/lib/python3.10/dist-packages/turtlesim/msg/_color_s.c
[23.252s] -- Installing: /home/ubuntu/ros2_ws2/install/turtlesim/local/lib/python3.10/dist-packages/turtlesim/msg/__init__.py
[23.253s] -- Installing: /home/ubuntu/ros2_ws2/install/turtlesim/local/lib/python3.10/dist-packages/turtlesim/msg/_pose_s.c
[23.253s] -- Installing: /home/ubuntu/ros2_ws2/install/turtlesim/local/lib/python3.10/dist-packages/turtlesim/msg/_pose.py
[23.253s] -- Installing: /home/ubuntu/ros2_ws2/install/turtlesim/local/lib/python3.10/dist-packages/turtlesim/msg/_color.py
[23.254s] -- Installing: /home/ubuntu/ros2_ws2/install/turtlesim/local/lib/python3.10/dist-packages/turtlesim/_turtlesim_s.ep.rosidl_typesupport_c.c
[23.254s] -- Installing: /home/ubuntu/ros2_ws2/install/turtlesim/local/lib/python3.10/dist-packages/turtlesim/turtlesim_s__rosidl_typesupport_introspection_c.cpython-310-x86_64-linux-gnu.so
[23.255s] -- Installing: /home/ubuntu/ros2_ws2/install/turtlesim/local/lib/python3.10/dist-packages/turtlesim/_turtlesim_s.ep.rosidl_typesupport_introspection_c.c
[23.255s] -- Installing: /home/ubuntu/ros2_ws2/install/turtlesim/local/lib/python3.10/dist-packages/turtlesim/srv
[23.256s] -- Installing: /home/ubuntu/ros2_ws2/install/turtlesim/local/lib/python3.10/dist-packages/turtlesim/srv/_spawn.py
[23.256s] -- Installing: /home/ubuntu/ros2_ws2/install/turtlesim/local/lib/python3.10/dist-packages/turtlesim/srv/_set_pen_s.c
[23.257s] -- Installing: /home/ubuntu/ros2_ws2/install/turtlesim/local/lib/python3.10/dist-packages/turtlesim/srv/_spawn_s.c
[23.257s] -- Installing: /home/ubuntu/ros2_ws2/install/turtlesim/local/lib/python3.10/dist-packages/turtlesim/srv/_teleport_absolute_s.c
[23.257s] -- Installing: /home/ubuntu/ros2_ws2/install/turtlesim/local/lib/python3.10/dist-packages/turtlesim/srv/_set_pen.py
[23.257s] -- Installing: /home/ubuntu/ros2_ws2/install/turtlesim/local/lib/python3.10/dist-packages/turtlesim/srv/__init__.py
[23.257s] -- Installing: /home/ubuntu/ros2_ws2/install/turtlesim/local/lib/python3.10/dist-packages/turtlesim/srv/_teleport_relative_s.c
[23.258s] -- Installing: /home/ubuntu/ros2_ws2/install/turtlesim/local/lib/python3.10/dist-packages/turtlesim/srv/_teleport_absolute.py
[23.258s] -- Installing: /home/ubuntu/ros2_ws2/install/turtlesim/local/lib/python3.10/dist-packages/turtlesim/srv/_teleport_relative.py
[23.258s] -- Installing: /home/ubuntu/ros2_ws2/install/turtlesim/local/lib/python3.10/dist-packages/turtlesim/srv/_kill.py
[23.259s] -- Installing: /home/ubuntu/ros2_ws2/install/turtlesim/local/lib/python3.10/dist-packages/turtlesim/srv/_kill_s.c
[23.320s] Listing '/home/ubuntu/ros2_ws2/install/turtlesim/local/lib/python3.10/dist-packages/turtlesim'...
[23.320s] Compiling '/home/ubuntu/ros2_ws2/install/turtlesim/local/lib/python3.10/dist-packages/turtlesim/__init__.py'...
[23.321s] Listing '/home/ubuntu/ros2_ws2/install/turtlesim/local/lib/python3.10/dist-packages/turtlesim/action'...
[23.321s] Compiling '/home/ubuntu/ros2_ws2/install/turtlesim/local/lib/python3.10/dist-packages/turtlesim/action/__init__.py'...
[23.321s] Compiling '/home/ubuntu/ros2_ws2/install/turtlesim/local/lib/python3.10/dist-packages/turtlesim/action/_rotate_absolute.py'...
[23.321s] Listing '/home/ubuntu/ros2_ws2/install/turtlesim/local/lib/python3.10/dist-packages/turtlesim/msg'...
[23.321s] Compiling '/home/ubuntu/ros2_ws2/install/turtlesim/local/lib/python3.10/dist-packages/turtlesim/msg/__init__.py'...
[23.321s] Compiling '/home/ubuntu/ros2_ws2/install/turtlesim/local/lib/python3.10/dist-packages/turtlesim/msg/_color.py'...
[23.321s] Compiling '/home/ubuntu/ros2_ws2/install/turtlesim/local/lib/python3.10/dist-packages/turtlesim/msg/_pose.py'...
[23.321s] Listing '/home/ubuntu/ros2_ws2/install/turtlesim/local/lib/python3.10/dist-packages/turtlesim/srv'...
[23.321s] Compiling '/home/ubuntu/ros2_ws2/install/turtlesim/local/lib/python3.10/dist-packages/turtlesim/srv/__init__.py'...
[23.321s] Compiling '/home/ubuntu/ros2_ws2/install/turtlesim/local/lib/python3.10/dist-packages/turtlesim/srv/_kill.py'...
[23.321s] Compiling '/home/ubuntu/ros2_ws2/install/turtlesim/local/lib/python3.10/dist-packages/turtlesim/srv/_set_pen.py'...
[23.321s] Compiling '/home/ubuntu/ros2_ws2/install/turtlesim/local/lib/python3.10/dist-packages/turtlesim/srv/_spawn.py'...
[23.321s] Compiling '/home/ubuntu/ros2_ws2/install/turtlesim/local/lib/python3.10/dist-packages/turtlesim/srv/_teleport_absolute.py'...
[23.321s] Compiling '/home/ubuntu/ros2_ws2/install/turtlesim/local/lib/python3.10/dist-packages/turtlesim/srv/_teleport_relative.py'...
[23.325s] -- Installing: /home/ubuntu/ros2_ws2/install/turtlesim/local/lib/python3.10/dist-packages/turtlesim/turtlesim_s__rosidl_typesupport_fastrtps_c.cpython-310-x86_64-linux-gnu.so
[23.326s] -- Set runtime path of "/home/ubuntu/ros2_ws2/install/turtlesim/local/lib/python3.10/dist-packages/turtlesim/turtlesim_s__rosidl_typesupport_fastrtps_c.cpython-310-x86_64-linux-gnu.so" to ""
[23.326s] -- Installing: /home/ubuntu/ros2_ws2/install/turtlesim/local/lib/python3.10/dist-packages/turtlesim/turtlesim_s__rosidl_typesupport_introspection_c.cpython-310-x86_64-linux-gnu.so
[23.327s] -- Set runtime path of "/home/ubuntu/ros2_ws2/install/turtlesim/local/lib/python3.10/dist-packages/turtlesim/turtlesim_s__rosidl_typesupport_introspection_c.cpython-310-x86_64-linux-gnu.so" to ""
[23.327s] -- Installing: /home/ubuntu/ros2_ws2/install/turtlesim/local/lib/python3.10/dist-packages/turtlesim/turtlesim_s__rosidl_typesupport_c.cpython-310-x86_64-linux-gnu.so
[23.327s] -- Set runtime path of "/home/ubuntu/ros2_ws2/install/turtlesim/local/lib/python3.10/dist-packages/turtlesim/turtlesim_s__rosidl_typesupport_c.cpython-310-x86_64-linux-gnu.so" to ""
[23.328s] -- Installing: /home/ubuntu/ros2_ws2/install/turtlesim/lib/libturtlesim__rosidl_generator_py.so
[23.328s] -- Set runtime path of "/home/ubuntu/ros2_ws2/install/turtlesim/lib/libturtlesim__rosidl_generator_py.so" to ""
[23.329s] -- Installing: /home/ubuntu/ros2_ws2/install/turtlesim/share/turtlesim/action/RotateAbsolute.idl
[23.330s] -- Installing: /home/ubuntu/ros2_ws2/install/turtlesim/share/turtlesim/msg/Color.idl
[23.330s] -- Installing: /home/ubuntu/ros2_ws2/install/turtlesim/share/turtlesim/msg/Pose.idl
[23.330s] -- Installing: /home/ubuntu/ros2_ws2/install/turtlesim/share/turtlesim/srv/Kill.idl
[23.331s] -- Installing: /home/ubuntu/ros2_ws2/install/turtlesim/share/turtlesim/srv/SetPen.idl
[23.331s] -- Installing: /home/ubuntu/ros2_ws2/install/turtlesim/share/turtlesim/srv/Spawn.idl
[23.331s] -- Installing: /home/ubuntu/ros2_ws2/install/turtlesim/share/turtlesim/srv/TeleportAbsolute.idl
[23.331s] -- Installing: /home/ubuntu/ros2_ws2/install/turtlesim/share/turtlesim/srv/TeleportRelative.idl
[23.331s] -- Installing: /home/ubuntu/ros2_ws2/install/turtlesim/share/turtlesim/action/RotateAbsolute.action
[23.332s] -- Installing: /home/ubuntu/ros2_ws2/install/turtlesim/share/turtlesim/msg/Color.msg
[23.332s] -- Installing: /home/ubuntu/ros2_ws2/install/turtlesim/share/turtlesim/msg/Pose.msg
[23.332s] -- Installing: /home/ubuntu/ros2_ws2/install/turtlesim/share/turtlesim/srv/Kill.srv
[23.332s] -- Installing: /home/ubuntu/ros2_ws2/install/turtlesim/share/turtlesim/srv/Kill_Request.msg
[23.333s] -- Installing: /home/ubuntu/ros2_ws2/install/turtlesim/share/turtlesim/srv/Kill_Response.msg
[23.333s] -- Installing: /home/ubuntu/ros2_ws2/install/turtlesim/share/turtlesim/srv/SetPen.srv
[23.333s] -- Installing: /home/ubuntu/ros2_ws2/install/turtlesim/share/turtlesim/srv/SetPen_Request.msg
[23.333s] -- Installing: /home/ubuntu/ros2_ws2/install/turtlesim/share/turtlesim/srv/SetPen_Response.msg
[23.333s] -- Installing: /home/ubuntu/ros2_ws2/install/turtlesim/share/turtlesim/srv/Spawn.srv
[23.334s] -- Installing: /home/ubuntu/ros2_ws2/install/turtlesim/share/turtlesim/srv/Spawn_Request.msg
[23.334s] -- Installing: /home/ubuntu/ros2_ws2/install/turtlesim/share/turtlesim/srv/Spawn_Response.msg
[23.334s] -- Installing: /home/ubuntu/ros2_ws2/install/turtlesim/share/turtlesim/srv/TeleportAbsolute.srv
[23.334s] -- Installing: /home/ubuntu/ros2_ws2/install/turtlesim/share/turtlesim/srv/TeleportAbsolute_Request.msg
[23.335s] -- Installing: /home/ubuntu/ros2_ws2/install/turtlesim/share/turtlesim/srv/TeleportAbsolute_Response.msg
[23.335s] -- Installing: /home/ubuntu/ros2_ws2/install/turtlesim/share/turtlesim/srv/TeleportRelative.srv
[23.335s] -- Installing: /home/ubuntu/ros2_ws2/install/turtlesim/share/turtlesim/srv/TeleportRelative_Request.msg
[23.335s] -- Installing: /home/ubuntu/ros2_ws2/install/turtlesim/share/turtlesim/srv/TeleportRelative_Response.msg
[23.336s] -- Installing: /home/ubuntu/ros2_ws2/install/turtlesim/lib/turtlesim/turtlesim_node
[23.350s] -- Set runtime path of "/home/ubuntu/ros2_ws2/install/turtlesim/lib/turtlesim/turtlesim_node" to ""
[23.350s] -- Installing: /home/ubuntu/ros2_ws2/install/turtlesim/lib/turtlesim/turtle_teleop_key
[23.353s] -- Set runtime path of "/home/ubuntu/ros2_ws2/install/turtlesim/lib/turtlesim/turtle_teleop_key" to ""
[23.353s] -- Installing: /home/ubuntu/ros2_ws2/install/turtlesim/lib/turtlesim/draw_square
[23.359s] -- Set runtime path of "/home/ubuntu/ros2_ws2/install/turtlesim/lib/turtlesim/draw_square" to ""
[23.359s] -- Installing: /home/ubuntu/ros2_ws2/install/turtlesim/lib/turtlesim/mimic
[23.365s] -- Set runtime path of "/home/ubuntu/ros2_ws2/install/turtlesim/lib/turtlesim/mimic" to ""
[23.365s] -- Installing: /home/ubuntu/ros2_ws2/install/turtlesim/share/turtlesim/images
[23.366s] -- Installing: /home/ubuntu/ros2_ws2/install/turtlesim/share/turtlesim/images/humble.png
[23.366s] -- Installing: /home/ubuntu/ros2_ws2/install/turtlesim/share/turtlesim/images/galactic.png
[23.367s] -- Installing: /home/ubuntu/ros2_ws2/install/turtlesim/share/turtlesim/images/dashing.png
[23.367s] -- Installing: /home/ubuntu/ros2_ws2/install/turtlesim/share/turtlesim/images/eloquent.png
[23.368s] -- Installing: /home/ubuntu/ros2_ws2/install/turtlesim/share/turtlesim/images/rolling.png
[23.368s] -- Installing: /home/ubuntu/ros2_ws2/install/turtlesim/share/turtlesim/images/ardent.png
[23.369s] -- Installing: /home/ubuntu/ros2_ws2/install/turtlesim/share/turtlesim/images/foxy.png
[23.370s] -- Installing: /home/ubuntu/ros2_ws2/install/turtlesim/share/turtlesim/images/bouncy.png
[23.370s] -- Installing: /home/ubuntu/ros2_ws2/install/turtlesim/share/turtlesim/images/crystal.png
[23.371s] -- Installing: /home/ubuntu/ros2_ws2/install/turtlesim/share/turtlesim/launch
[23.371s] -- Installing: /home/ubuntu/ros2_ws2/install/turtlesim/share/turtlesim/launch/multisim.launch.py
[23.372s] -- Installing: /home/ubuntu/ros2_ws2/install/turtlesim/share/ament_index/resource_index/package_run_dependencies/turtlesim
[23.372s] -- Installing: /home/ubuntu/ros2_ws2/install/turtlesim/share/ament_index/resource_index/parent_prefix_path/turtlesim
[23.373s] -- Installing: /home/ubuntu/ros2_ws2/install/turtlesim/share/turtlesim/environment/ament_prefix_path.sh
[23.373s] -- Installing: /home/ubuntu/ros2_ws2/install/turtlesim/share/turtlesim/environment/ament_prefix_path.dsv
[23.373s] -- Installing: /home/ubuntu/ros2_ws2/install/turtlesim/share/turtlesim/environment/path.sh
[23.373s] -- Installing: /home/ubuntu/ros2_ws2/install/turtlesim/share/turtlesim/environment/path.dsv
[23.374s] -- Installing: /home/ubuntu/ros2_ws2/install/turtlesim/share/turtlesim/local_setup.bash
[23.374s] -- Installing: /home/ubuntu/ros2_ws2/install/turtlesim/share/turtlesim/local_setup.sh
[23.374s] -- Installing: /home/ubuntu/ros2_ws2/install/turtlesim/share/turtlesim/local_setup.zsh
[23.374s] -- Installing: /home/ubuntu/ros2_ws2/install/turtlesim/share/turtlesim/local_setup.dsv
[23.375s] -- Installing: /home/ubuntu/ros2_ws2/install/turtlesim/share/turtlesim/package.dsv
[23.375s] -- Installing: /home/ubuntu/ros2_ws2/install/turtlesim/share/ament_index/resource_index/packages/turtlesim
[23.376s] -- Installing: /home/ubuntu/ros2_ws2/install/turtlesim/share/turtlesim/cmake/export_turtlesim__rosidl_generator_cExport.cmake
[23.376s] -- Installing: /home/ubuntu/ros2_ws2/install/turtlesim/share/turtlesim/cmake/export_turtlesim__rosidl_generator_cExport-noconfig.cmake
[23.377s] -- Installing: /home/ubuntu/ros2_ws2/install/turtlesim/share/turtlesim/cmake/export_turtlesim__rosidl_typesupport_fastrtps_cExport.cmake
[23.377s] -- Installing: /home/ubuntu/ros2_ws2/install/turtlesim/share/turtlesim/cmake/export_turtlesim__rosidl_typesupport_fastrtps_cExport-noconfig.cmake
[23.377s] -- Installing: /home/ubuntu/ros2_ws2/install/turtlesim/share/turtlesim/cmake/export_turtlesim__rosidl_generator_cppExport.cmake
[23.377s] -- Installing: /home/ubuntu/ros2_ws2/install/turtlesim/share/turtlesim/cmake/export_turtlesim__rosidl_typesupport_fastrtps_cppExport.cmake
[23.378s] -- Installing: /home/ubuntu/ros2_ws2/install/turtlesim/share/turtlesim/cmake/export_turtlesim__rosidl_typesupport_fastrtps_cppExport-noconfig.cmake
[23.378s] -- Installing: /home/ubuntu/ros2_ws2/install/turtlesim/share/turtlesim/cmake/turtlesim__rosidl_typesupport_introspection_cExport.cmake
[23.378s] -- Installing: /home/ubuntu/ros2_ws2/install/turtlesim/share/turtlesim/cmake/turtlesim__rosidl_typesupport_introspection_cExport-noconfig.cmake
[23.378s] -- Installing: /home/ubuntu/ros2_ws2/install/turtlesim/share/turtlesim/cmake/turtlesim__rosidl_typesupport_cExport.cmake
[23.378s] -- Installing: /home/ubuntu/ros2_ws2/install/turtlesim/share/turtlesim/cmake/turtlesim__rosidl_typesupport_cExport-noconfig.cmake
[23.379s] -- Installing: /home/ubuntu/ros2_ws2/install/turtlesim/share/turtlesim/cmake/turtlesim__rosidl_typesupport_introspection_cppExport.cmake
[23.379s] -- Installing: /home/ubuntu/ros2_ws2/install/turtlesim/share/turtlesim/cmake/turtlesim__rosidl_typesupport_introspection_cppExport-noconfig.cmake
[23.379s] -- Installing: /home/ubuntu/ros2_ws2/install/turtlesim/share/turtlesim/cmake/turtlesim__rosidl_typesupport_cppExport.cmake
[23.379s] -- Installing: /home/ubuntu/ros2_ws2/install/turtlesim/share/turtlesim/cmake/turtlesim__rosidl_typesupport_cppExport-noconfig.cmake
[23.379s] -- Installing: /home/ubuntu/ros2_ws2/install/turtlesim/share/turtlesim/cmake/export_turtlesim__rosidl_generator_pyExport.cmake
[23.380s] -- Installing: /home/ubuntu/ros2_ws2/install/turtlesim/share/turtlesim/cmake/export_turtlesim__rosidl_generator_pyExport-noconfig.cmake
[23.380s] -- Installing: /home/ubuntu/ros2_ws2/install/turtlesim/share/turtlesim/cmake/rosidl_cmake-extras.cmake
[23.380s] -- Installing: /home/ubuntu/ros2_ws2/install/turtlesim/share/turtlesim/cmake/ament_cmake_export_dependencies-extras.cmake
[23.380s] -- Installing: /home/ubuntu/ros2_ws2/install/turtlesim/share/turtlesim/cmake/ament_cmake_export_include_directories-extras.cmake
[23.381s] -- Installing: /home/ubuntu/ros2_ws2/install/turtlesim/share/turtlesim/cmake/ament_cmake_export_libraries-extras.cmake
[23.381s] -- Installing: /home/ubuntu/ros2_ws2/install/turtlesim/share/turtlesim/cmake/ament_cmake_export_targets-extras.cmake
[23.381s] -- Installing: /home/ubuntu/ros2_ws2/install/turtlesim/share/turtlesim/cmake/rosidl_cmake_export_typesupport_targets-extras.cmake
[23.381s] -- Installing: /home/ubuntu/ros2_ws2/install/turtlesim/share/turtlesim/cmake/rosidl_cmake_export_typesupport_libraries-extras.cmake
[23.381s] -- Installing: /home/ubuntu/ros2_ws2/install/turtlesim/share/turtlesim/cmake/turtlesimConfig.cmake
[23.382s] -- Installing: /home/ubuntu/ros2_ws2/install/turtlesim/share/turtlesim/cmake/turtlesimConfig-version.cmake
[23.382s] -- Installing: /home/ubuntu/ros2_ws2/install/turtlesim/share/turtlesim/package.xml
[23.385s] Invoked command in '/home/ubuntu/ros2_ws2/build/turtlesim' returned '0': CMAKE_PREFIX_PATH=${CMAKE_PREFIX_PATH}:/home/ubuntu/ros2_ws2/install/my_turtlebot:/home/ubuntu/ros2_ws2/install/my_package:/opt/ros/humble /usr/bin/cmake --install /home/ubuntu/ros2_ws2/build/turtlesim
