running egg_info
writing ../../build/my_turtlebot/my_turtlebot.egg-info/PKG-INFO
writing dependency_links to ../../build/my_turtlebot/my_turtlebot.egg-info/dependency_links.txt
writing entry points to ../../build/my_turtlebot/my_turtlebot.egg-info/entry_points.txt
writing requirements to ../../build/my_turtlebot/my_turtlebot.egg-info/requires.txt
writing top-level names to ../../build/my_turtlebot/my_turtlebot.egg-info/top_level.txt
reading manifest file '../../build/my_turtlebot/my_turtlebot.egg-info/SOURCES.txt'
writing manifest file '../../build/my_turtlebot/my_turtlebot.egg-info/SOURCES.txt'
running build
running build_py
copying my_turtlebot/map_lidar_static.py -> /home/ubuntu/ros2_ws2/build/my_turtlebot/build/lib/my_turtlebot
running install
running install_lib
copying /home/ubuntu/ros2_ws2/build/my_turtlebot/build/lib/my_turtlebot/map_lidar_static.py -> /home/ubuntu/ros2_ws2/install/my_turtlebot/lib/python3.10/site-packages/my_turtlebot
byte-compiling /home/ubuntu/ros2_ws2/install/my_turtlebot/lib/python3.10/site-packages/my_turtlebot/map_lidar_static.py to map_lidar_static.cpython-310.pyc
running install_data
running install_egg_info
removing '/home/ubuntu/ros2_ws2/install/my_turtlebot/lib/python3.10/site-packages/my_turtlebot-0.0.0-py3.10.egg-info' (and everything under it)
Copying ../../build/my_turtlebot/my_turtlebot.egg-info to /home/ubuntu/ros2_ws2/install/my_turtlebot/lib/python3.10/site-packages/my_turtlebot-0.0.0-py3.10.egg-info
running install_scripts
Installing lidar_icp script to /home/ubuntu/ros2_ws2/install/my_turtlebot/lib/my_turtlebot
Installing lidar_sub script to /home/ubuntu/ros2_ws2/install/my_turtlebot/lib/my_turtlebot
Installing map_lidar_static script to /home/ubuntu/ros2_ws2/install/my_turtlebot/lib/my_turtlebot
Installing map_random script to /home/ubuntu/ros2_ws2/install/my_turtlebot/lib/my_turtlebot
Installing move_turtlebot script to /home/ubuntu/ros2_ws2/install/my_turtlebot/lib/my_turtlebot
writing list of installed files to '/home/ubuntu/ros2_ws2/build/my_turtlebot/install.log'
