[0.658s] Invoking command in '/home/ubuntu/ros2_ws2/src/tf_broadcaster': PYTHONPATH=/home/ubuntu/ros2_ws2/build/tf_broadcaster/prefix_override:/usr/lib/python3/dist-packages/colcon_core/task/python/colcon_distutils_commands:/home/ubuntu/ros2_ws2/install/tf_broadcaster/lib/python3.10/site-packages:${PYTHONPATH} /usr/bin/python3 -W ignore:setup.py install is deprecated -W ignore:easy_install command is deprecated setup.py egg_info --egg-base ../../build/tf_broadcaster build --build-base /home/ubuntu/ros2_ws2/build/tf_broadcaster/build install --record /home/ubuntu/ros2_ws2/build/tf_broadcaster/install.log --single-version-externally-managed install_data
[0.908s] running egg_info
[0.909s] writing ../../build/tf_broadcaster/tf_broadcaster.egg-info/PKG-INFO
[0.909s] writing dependency_links to ../../build/tf_broadcaster/tf_broadcaster.egg-info/dependency_links.txt
[0.909s] writing entry points to ../../build/tf_broadcaster/tf_broadcaster.egg-info/entry_points.txt
[0.910s] writing requirements to ../../build/tf_broadcaster/tf_broadcaster.egg-info/requires.txt
[0.910s] writing top-level names to ../../build/tf_broadcaster/tf_broadcaster.egg-info/top_level.txt
[0.911s] reading manifest file '../../build/tf_broadcaster/tf_broadcaster.egg-info/SOURCES.txt'
[0.912s] writing manifest file '../../build/tf_broadcaster/tf_broadcaster.egg-info/SOURCES.txt'
[0.912s] running build
[0.912s] running build_py
[0.913s] copying tf_broadcaster/listener.py -> /home/ubuntu/ros2_ws2/build/tf_broadcaster/build/lib/tf_broadcaster
[0.913s] copying tf_broadcaster/broadcaster.py -> /home/ubuntu/ros2_ws2/build/tf_broadcaster/build/lib/tf_broadcaster
[0.913s] running install
[0.913s] running install_lib
[0.914s] copying /home/ubuntu/ros2_ws2/build/tf_broadcaster/build/lib/tf_broadcaster/listener.py -> /home/ubuntu/ros2_ws2/install/tf_broadcaster/lib/python3.10/site-packages/tf_broadcaster
[0.914s] copying /home/ubuntu/ros2_ws2/build/tf_broadcaster/build/lib/tf_broadcaster/broadcaster.py -> /home/ubuntu/ros2_ws2/install/tf_broadcaster/lib/python3.10/site-packages/tf_broadcaster
[0.914s] byte-compiling /home/ubuntu/ros2_ws2/install/tf_broadcaster/lib/python3.10/site-packages/tf_broadcaster/listener.py to listener.cpython-310.pyc
[0.915s]   File "/home/ubuntu/ros2_ws2/install/tf_broadcaster/lib/python3.10/site-packages/tf_broadcaster/listener.py", line 1
[0.915s]     !/usr/bin/env python3
[0.915s]     ^
[0.915s] SyntaxError: invalid syntax
[0.915s] 
[0.915s] byte-compiling /home/ubuntu/ros2_ws2/install/tf_broadcaster/lib/python3.10/site-packages/tf_broadcaster/broadcaster.py to broadcaster.cpython-310.pyc
[0.915s] running install_data
[0.915s] running install_egg_info
[0.919s] removing '/home/ubuntu/ros2_ws2/install/tf_broadcaster/lib/python3.10/site-packages/tf_broadcaster-0.0.0-py3.10.egg-info' (and everything under it)
[0.919s] Copying ../../build/tf_broadcaster/tf_broadcaster.egg-info to /home/ubuntu/ros2_ws2/install/tf_broadcaster/lib/python3.10/site-packages/tf_broadcaster-0.0.0-py3.10.egg-info
[0.920s] running install_scripts
[0.944s] Installing broadcaster script to /home/ubuntu/ros2_ws2/install/tf_broadcaster/lib/tf_broadcaster
[0.944s] Installing listener script to /home/ubuntu/ros2_ws2/install/tf_broadcaster/lib/tf_broadcaster
[0.944s] writing list of installed files to '/home/ubuntu/ros2_ws2/build/tf_broadcaster/install.log'
[0.977s] Invoked command in '/home/ubuntu/ros2_ws2/src/tf_broadcaster' returned '0': PYTHONPATH=/home/ubuntu/ros2_ws2/build/tf_broadcaster/prefix_override:/usr/lib/python3/dist-packages/colcon_core/task/python/colcon_distutils_commands:/home/ubuntu/ros2_ws2/install/tf_broadcaster/lib/python3.10/site-packages:${PYTHONPATH} /usr/bin/python3 -W ignore:setup.py install is deprecated -W ignore:easy_install command is deprecated setup.py egg_info --egg-base ../../build/tf_broadcaster build --build-base /home/ubuntu/ros2_ws2/build/tf_broadcaster/build install --record /home/ubuntu/ros2_ws2/build/tf_broadcaster/install.log --single-version-externally-managed install_data
